[32mINFO    [0m integration.test_teardown:test_teardown.py:72 Scaling up by 2 units
[32mINFO    [0m juju.model:model.py:2972 Waiting for model:
  mongodb-k8s/0 [idle] active: Primary
[32mINFO    [0m juju.model:model.py:2972 Waiting for model:
  mongodb-k8s/0 [executing] active: Primary
  mongodb-k8s/2 [executing] maintenance: installing charm software
  mongodb-k8s/1 [executing] maintenance: installing charm software
[32mINFO    [0m integration.ha_tests.helpers:helpers.py:340 Unit name: mongodb-k8s/0. Target unit name: mongodb-k8s/0, True
[32mINFO    [0m integration.test_teardown:test_teardown.py:74 Scaling down by 1 units
[32mINFO    [0m juju.model:model.py:2972 Waiting for model:
  mongodb-k8s/0 [idle] active: Primary
  mongodb-k8s/2 [idle] active: 
  mongodb-k8s/1 [idle] active: 
[32mINFO    [0m integration.ha_tests.helpers:helpers.py:340 Unit name: mongodb-k8s/0. Target unit name: mongodb-k8s/0, True
[32mINFO    [0m integration.test_teardown:test_teardown.py:74 Scaling down by 1 units
[32mINFO    [0m juju.model:model.py:2972 Waiting for model:
  mongodb-k8s/0 [idle] active: Primary
  mongodb-k8s/1 [idle] active: 
[32mINFO    [0m integration.ha_tests.helpers:helpers.py:340 Unit name: mongodb-k8s/0. Target unit name: mongodb-k8s/0, True
[32mINFO    [0m integration.test_teardown:test_teardown.py:72 Scaling up by 2 units
[32mINFO    [0m juju.model:model.py:2972 Waiting for model:
  mongodb-k8s/0 [idle] active: Primary
[32mINFO    [0m juju.model:model.py:2972 Waiting for model:
  mongodb-k8s/0 [executing] active: Primary
  mongodb-k8s/2 [executing] active: 
  mongodb-k8s/1 [executing] active: 
[32mINFO    [0m integration.ha_tests.helpers:helpers.py:340 Unit name: mongodb-k8s/0. Target unit name: mongodb-k8s/0, True
[32mINFO    [0m integration.test_teardown:test_teardown.py:74 Scaling down by 2 units
[32mINFO    [0m juju.model:model.py:2972 Waiting for model:
  mongodb-k8s/0 [idle] active: Primary
  mongodb-k8s/2 [idle] active: 
  mongodb-k8s/1 [idle] active: 
[32mINFO    [0m integration.ha_tests.helpers:helpers.py:340 Unit name: mongodb-k8s/0. Target unit name: mongodb-k8s/0, True
[32mINFO    [0m integration.test_teardown:test_teardown.py:72 Scaling up by 3 units
[32mINFO    [0m juju.model:model.py:2972 Waiting for model:
  mongodb-k8s/0 [idle] active: Primary
[32mINFO    [0m juju.model:model.py:2972 Waiting for model:
  mongodb-k8s/0 [executing] active: Primary
  mongodb-k8s/2 [executing] maintenance: installing charm software
  mongodb-k8s/1 [executing] maintenance: installing charm software
  mongodb-k8s/3 [executing] maintenance: installing charm software
[32mINFO    [0m integration.ha_tests.helpers:helpers.py:340 Unit name: mongodb-k8s/0. Target unit name: mongodb-k8s/0, True
[32mINFO    [0m integration.test_teardown:test_teardown.py:74 Scaling down by 3 units
[32mINFO    [0m juju.model:model.py:2972 Waiting for model:
  mongodb-k8s/0 [idle] active: Primary
  mongodb-k8s/2 [idle] active: 
  mongodb-k8s/1 [idle] active: 
  mongodb-k8s/3 [idle] active: 
[32mINFO    [0m juju.model:model.py:2972 Waiting for model:
  mongodb-k8s/0 [idle] active: Primary
[32mINFO    [0m integration.ha_tests.helpers:helpers.py:340 Unit name: mongodb-k8s/0. Target unit name: mongodb-k8s/0, True
[32mINFO    [0m integration.test_teardown:test_teardown.py:72 Scaling up by 4 units
[32mINFO    [0m juju.model:model.py:2972 Waiting for model:
  mongodb-k8s/0 [idle] active: Primary
[32mINFO    [0m juju.model:model.py:2972 Waiting for model:
  mongodb-k8s/0 [executing] active: Primary
  mongodb-k8s/2 [executing] maintenance: installing charm software
  mongodb-k8s/1 [executing] maintenance: installing charm software
  mongodb-k8s/3 [executing] maintenance: installing charm software
  mongodb-k8s/4 [executing] maintenance: installing charm software
[32mINFO    [0m juju.model:model.py:2972 Waiting for model:
  mongodb-k8s/0 [idle] active: Primary
  mongodb-k8s/2 [idle] active: 
  mongodb-k8s/1 [idle] active: 
  mongodb-k8s/3 [idle] active: 
  mongodb-k8s/4 [idle] active: 
[32mINFO    [0m integration.ha_tests.helpers:helpers.py:340 Unit name: mongodb-k8s/0. Target unit name: mongodb-k8s/0, True
[32mINFO    [0m integration.test_teardown:test_teardown.py:74 Scaling down by 4 units
[32mINFO    [0m juju.model:model.py:2972 Waiting for model:
  mongodb-k8s/0 [idle] active: Primary
  mongodb-k8s/2 [idle] active: 
  mongodb-k8s/1 [idle] active: 
  mongodb-k8s/3 [idle] active: 
  mongodb-k8s/4 [idle] active: 
[32mINFO    [0m juju.model:model.py:2972 Waiting for model:
  mongodb-k8s/0 [idle] active: Primary
  mongodb-k8s/2 [executing] terminated: 
  mongodb-k8s/1 [executing] terminated: 
  mongodb-k8s/3 [executing] terminated: 
  mongodb-k8s/4 [executing] terminated: 
[32mINFO    [0m integration.ha_tests.helpers:helpers.py:340 Unit name: mongodb-k8s/0. Target unit name: mongodb-k8s/0, True
[32mINFO    [0m integration.test_teardown:test_teardown.py:72 Scaling up by 5 units
[32mINFO    [0m juju.model:model.py:2972 Waiting for model:
  mongodb-k8s/0 [idle] active: Primary
[32mINFO    [0m juju.model:model.py:2972 Waiting for model:
  mongodb-k8s/0 [idle] active: Primary
  mongodb-k8s/2 [executing] maintenance: installing charm software
  mongodb-k8s/1 [executing] maintenance: installing charm software
  mongodb-k8s/3 [executing] maintenance: installing charm software
  mongodb-k8s/4 [executing] maintenance: installing charm software
  mongodb-k8s/5 [executing] maintenance: installing charm software
[32mINFO    [0m juju.model:model.py:2972 Waiting for model:
  mongodb-k8s/0 [executing] active: Primary
  mongodb-k8s/2 [idle] active: 
  mongodb-k8s/1 [idle] active: 
  mongodb-k8s/3 [idle] active: 
  mongodb-k8s/4 [idle] active: 
  mongodb-k8s/5 [executing] active: 
[32mINFO    [0m integration.ha_tests.helpers:helpers.py:340 Unit name: mongodb-k8s/0. Target unit name: mongodb-k8s/0, True
[32mINFO    [0m integration.test_teardown:test_teardown.py:74 Scaling down by 5 units
[32mINFO    [0m juju.model:model.py:2972 Waiting for model:
  mongodb-k8s/0 [idle] active: Primary
  mongodb-k8s/2 [idle] active: 
  mongodb-k8s/1 [idle] active: 
  mongodb-k8s/3 [idle] active: 
  mongodb-k8s/4 [idle] active: 
  mongodb-k8s/5 [idle] active: 
[32mINFO    [0m juju.model:model.py:2972 Waiting for model:
  mongodb-k8s/0 [idle] active: Primary
  mongodb-k8s/2 [executing] terminated: 
  mongodb-k8s/1 [executing] terminated: 
  mongodb-k8s/3 [executing] terminated: 
  mongodb-k8s/4 [executing] terminated: 
  mongodb-k8s/5 [executing] terminated: 
[32mINFO    [0m integration.ha_tests.helpers:helpers.py:340 Unit name: mongodb-k8s/0. Target unit name: mongodb-k8s/0, True
[32mINFO    [0m integration.test_teardown:test_teardown.py:72 Scaling up by 6 units
[32mINFO    [0m juju.model:model.py:2972 Waiting for model:
  mongodb-k8s/0 [idle] active: Primary
[32mINFO    [0m juju.model:model.py:2972 Waiting for model:
  mongodb-k8s/0 [executing] active: Primary
  mongodb-k8s/2 [executing] maintenance: installing charm software
  mongodb-k8s/1 [executing] maintenance: installing charm software
  mongodb-k8s/3 [executing] maintenance: installing charm software
  mongodb-k8s/4 [executing] maintenance: installing charm software
  mongodb-k8s/5 [executing] maintenance: installing charm software
  mongodb-k8s/6 [allocating] waiting: agent initialising
[32mINFO    [0m juju.model:model.py:2972 Waiting for model:
  mongodb-k8s/0 [idle] active: Primary
  mongodb-k8s/2 [executing] active: 
  mongodb-k8s/1 [executing] active: 
  mongodb-k8s/3 [executing] active: 
  mongodb-k8s/4 [executing] active: 
  mongodb-k8s/5 [executing] active: 
  mongodb-k8s/6 [executing] active: 
[32mINFO    [0m juju.model:model.py:2972 Waiting for model:
  mongodb-k8s/0 [idle] active: Primary
[32mINFO    [0m integration.ha_tests.helpers:helpers.py:340 Unit name: mongodb-k8s/0. Target unit name: mongodb-k8s/0, True
[32mINFO    [0m integration.test_teardown:test_teardown.py:74 Scaling down by 6 units
[32mINFO    [0m juju.model:model.py:2972 Waiting for model:
  mongodb-k8s/0 [idle] active: Primary
  mongodb-k8s/2 [idle] active: 
  mongodb-k8s/1 [idle] active: 
  mongodb-k8s/3 [idle] active: 
  mongodb-k8s/4 [idle] active: 
  mongodb-k8s/5 [idle] active: 
  mongodb-k8s/6 [idle] active: 
[32mINFO    [0m juju.model:model.py:2972 Waiting for model:
  mongodb-k8s/0 [idle] active: Primary
  mongodb-k8s/2 [executing] terminated: 
  mongodb-k8s/1 [executing] terminated: 
  mongodb-k8s/3 [executing] terminated: 
  mongodb-k8s/4 [executing] terminated: 
  mongodb-k8s/5 [executing] terminated: 
  mongodb-k8s/6 [executing] terminated: 
[32mINFO    [0m integration.ha_tests.helpers:helpers.py:340 Unit name: mongodb-k8s/0. Target unit name: mongodb-k8s/0, True
[32mINFO    [0m integration.test_teardown:test_teardown.py:72 Scaling up by 7 units
[32mINFO    [0m juju.model:model.py:2972 Waiting for model:
  mongodb-k8s/0 [idle] active: Primary
[32mINFO    [0m juju.model:model.py:2972 Waiting for model:
  mongodb-k8s/0 [idle] active: Primary
  mongodb-k8s/2 [allocating] waiting: agent initialising
  mongodb-k8s/1 [executing] maintenance: installing charm software
  mongodb-k8s/3 [allocating] waiting: agent initialising
  mongodb-k8s/4 [allocating] waiting: agent initialising
  mongodb-k8s/5 [allocating] waiting: agent initialising
  mongodb-k8s/6 [executing] maintenance: installing charm software
  mongodb-k8s/7 [allocating] waiting: agent initialising
[32mINFO    [0m juju.model:model.py:2972 Waiting for model:
  mongodb-k8s/0 [executing] active: Primary
  mongodb-k8s/2 [executing] active: 
  mongodb-k8s/1 [executing] active: 
  mongodb-k8s/3 [executing] active: 
  mongodb-k8s/4 [executing] active: 
  mongodb-k8s/5 [executing] active: 
  mongodb-k8s/6 [executing] active: 
  mongodb-k8s/7 [executing] maintenance: installing charm software
[32mINFO    [0m juju.model:model.py:2972 Waiting for model:
  mongodb-k8s/0 [executing] active: Primary
  mongodb-k8s/2 [idle] active: 
  mongodb-k8s/1 [idle] active: 
  mongodb-k8s/3 [idle] active: 
  mongodb-k8s/4 [idle] active: 
  mongodb-k8s/5 [idle] active: 
  mongodb-k8s/6 [idle] active: 
  mongodb-k8s/7 [idle] active: 
[32mINFO    [0m integration.ha_tests.helpers:helpers.py:340 Unit name: mongodb-k8s/0. Target unit name: mongodb-k8s/0, True
[32mINFO    [0m integration.test_teardown:test_teardown.py:74 Scaling down by 7 units
[32mINFO    [0m juju.model:model.py:2972 Waiting for model:
  mongodb-k8s/0 [idle] active: Primary
  mongodb-k8s/2 [idle] active: 
  mongodb-k8s/1 [idle] active: 
  mongodb-k8s/3 [idle] active: 
  mongodb-k8s/4 [idle] active: 
  mongodb-k8s/5 [idle] active: 
  mongodb-k8s/6 [idle] active: 
  mongodb-k8s/7 [idle] active: 
[32mINFO    [0m juju.model:model.py:2972 Waiting for model:
  mongodb-k8s/0 [executing] active: Primary
  mongodb-k8s/2 [executing] terminated: 
  mongodb-k8s/1 [executing] terminated: 
  mongodb-k8s/3 [executing] terminated: 
  mongodb-k8s/4 [executing] terminated: 
  mongodb-k8s/5 [executing] maintenance: stopping charm software
  mongodb-k8s/6 [executing] maintenance: stopping charm software
  mongodb-k8s/7 [executing] maintenance: stopping charm software
[32mINFO    [0m juju.model:model.py:2972 Waiting for model:
  mongodb-k8s/0 [idle] active: Primary
[32mINFO    [0m integration.ha_tests.helpers:helpers.py:340 Unit name: mongodb-k8s/0. Target unit name: mongodb-k8s/0, True
[32mINFO    [0m pytest_operator.plugin:plugin.py:903 Model status:

Model  Controller          Cloud/Region        Version  SLA          Timestamp
test   microk8s-localhost  microk8s/localhost  3.5.3    unsupported  01:51:17Z

App          Version  Status  Scale  Charm        Channel  Rev  Address        Exposed  Message
mongodb-k8s           active      1  mongodb-k8s             0  10.152.183.27  no       Primary

Unit            Workload  Agent  Address      Ports  Message
mongodb-k8s/0*  active    idle   10.1.115.10         Primary

[32mINFO    [0m pytest_operator.plugin:plugin.py:909 Juju error logs:

unit-mongodb-k8s-2: 01:38:12 ERROR unit.mongodb-k8s/2.juju-log mongodb-k8s/2.is_unit_in_replica_set PyMongoError=No replica set members match selector "Primary()", Timeout: 1.0s, Topology Description: <TopologyDescription id: 66fa010335a32ccd317b53b9, topology_type: ReplicaSetNoPrimary, servers: [<ServerDescription ('mongodb-k8s-2.mongodb-k8s-endpoints', 27017) server_type: RSGhost, rtt: 0.0005208709999919847>]>
unit-mongodb-k8s-1: 01:38:41 ERROR unit.mongodb-k8s/1.juju-log mongodb-k8s/1.is_unit_in_replica_set PyMongoError=No replica set members match selector "Primary()", Timeout: 1.0s, Topology Description: <TopologyDescription id: 66fa0120e70ee40a29b61ce7, topology_type: ReplicaSetNoPrimary, servers: [<ServerDescription ('mongodb-k8s-1.mongodb-k8s-endpoints', 27017) server_type: RSGhost, rtt: 0.000545520000059696>]>
unit-mongodb-k8s-1: 01:39:55 ERROR unit.mongodb-k8s/1.juju-log mongodb-k8s/1.is_unit_in_replica_set PyMongoError=No replica set members match selector "Primary()", Timeout: 1.0s, Topology Description: <TopologyDescription id: 66fa016af06852c26586182c, topology_type: ReplicaSetNoPrimary, servers: [<ServerDescription ('mongodb-k8s-1.mongodb-k8s-endpoints', 27017) server_type: RSGhost, rtt: 0.00044772500007184135>]>
unit-mongodb-k8s-1: 01:41:25 ERROR unit.mongodb-k8s/1.juju-log mongodb-k8s/1.is_unit_in_replica_set PyMongoError=No replica set members match selector "Primary()", Timeout: 1.0s, Topology Description: <TopologyDescription id: 66fa01c43edb2283398faf0f, topology_type: ReplicaSetNoPrimary, servers: [<ServerDescription ('mongodb-k8s-1.mongodb-k8s-endpoints', 27017) server_type: RSGhost, rtt: 0.0018749920000118436>]>
unit-mongodb-k8s-2: 01:43:14 ERROR unit.mongodb-k8s/2.juju-log mongodb-k8s/2.is_unit_in_replica_set PyMongoError=No replica set members match selector "Primary()", Timeout: 1.0s, Topology Description: <TopologyDescription id: 66fa02314fa223f26461fe03, topology_type: ReplicaSetNoPrimary, servers: [<ServerDescription ('mongodb-k8s-2.mongodb-k8s-endpoints', 27017) server_type: RSGhost, rtt: 0.0008752029999641309>]>
unit-mongodb-k8s-1: 01:43:14 ERROR unit.mongodb-k8s/1.juju-log mongodb-k8s/1.is_unit_in_replica_set PyMongoError=No replica set members match selector "Primary()", Timeout: 1.0s, Topology Description: <TopologyDescription id: 66fa023188c8c941018d71cd, topology_type: ReplicaSetNoPrimary, servers: [<ServerDescription ('mongodb-k8s-1.mongodb-k8s-endpoints', 27017) server_type: RSGhost, rtt: 0.0018783650000386842>]>
unit-mongodb-k8s-3: 01:43:17 ERROR unit.mongodb-k8s/3.juju-log mongodb-k8s/3.is_unit_in_replica_set PyMongoError=No replica set members match selector "Primary()", Timeout: 1.0s, Topology Description: <TopologyDescription id: 66fa023424b61863eb34f8e4, topology_type: ReplicaSetNoPrimary, servers: [<ServerDescription ('mongodb-k8s-3.mongodb-k8s-endpoints', 27017) server_type: RSGhost, rtt: 0.0028195229999710136>]>
unit-mongodb-k8s-4: 01:43:20 ERROR unit.mongodb-k8s/4.juju-log mongodb-k8s/4.is_unit_in_replica_set PyMongoError=No replica set members match selector "Primary()", Timeout: 1.0s, Topology Description: <TopologyDescription id: 66fa02371310ce41af31a03e, topology_type: ReplicaSetNoPrimary, servers: [<ServerDescription ('mongodb-k8s-4.mongodb-k8s-endpoints', 27017) server_type: RSGhost, rtt: 0.0007936910000125863>]>
unit-mongodb-k8s-2: 01:45:18 ERROR unit.mongodb-k8s/2.juju-log mongodb-k8s/2.is_unit_in_replica_set PyMongoError=No replica set members match selector "Primary()", Timeout: 1.0s, Topology Description: <TopologyDescription id: 66fa02ad2334541ed13bb413, topology_type: ReplicaSetNoPrimary, servers: [<ServerDescription ('mongodb-k8s-2.mongodb-k8s-endpoints', 27017) server_type: RSGhost, rtt: 0.0023204619999432907>]>
unit-mongodb-k8s-1: 01:45:19 ERROR unit.mongodb-k8s/1.juju-log mongodb-k8s/1.is_unit_in_replica_set PyMongoError=No replica set members match selector "Primary()", Timeout: 1.0s, Topology Description: <TopologyDescription id: 66fa02ae75b7bd1e3063887b, topology_type: ReplicaSetNoPrimary, servers: [<ServerDescription ('mongodb-k8s-1.mongodb-k8s-endpoints', 27017) server_type: RSGhost, rtt: 0.0017382039999347398>]>
unit-mongodb-k8s-5: 01:45:29 ERROR unit.mongodb-k8s/5.juju-log mongodb-k8s/5.is_unit_in_replica_set PyMongoError=No replica set members match selector "Primary()", Timeout: 1.0s, Topology Description: <TopologyDescription id: 66fa02b854a2b277067e17b3, topology_type: ReplicaSetNoPrimary, servers: [<ServerDescription ('mongodb-k8s-5.mongodb-k8s-endpoints', 27017) server_type: RSGhost, rtt: 0.00204534900001363>]>
unit-mongodb-k8s-2: 01:47:41 ERROR unit.mongodb-k8s/2.juju-log mongodb-k8s/2.is_unit_in_replica_set PyMongoError=No replica set members match selector "Primary()", Timeout: 1.0s, Topology Description: <TopologyDescription id: 66fa033c373c4326768bcbc6, topology_type: ReplicaSetNoPrimary, servers: [<ServerDescription ('mongodb-k8s-2.mongodb-k8s-endpoints', 27017) server_type: RSGhost, rtt: 0.0005016969998905552>]>
unit-mongodb-k8s-1: 01:47:42 ERROR unit.mongodb-k8s/1.juju-log mongodb-k8s/1.is_unit_in_replica_set PyMongoError=No replica set members match selector "Primary()", Timeout: 1.0s, Topology Description: <TopologyDescription id: 66fa033da7a3fc9bd8faee3f, topology_type: ReplicaSetNoPrimary, servers: [<ServerDescription ('mongodb-k8s-1.mongodb-k8s-endpoints', 27017) server_type: RSGhost, rtt: 0.0024278170001252874>]>
unit-mongodb-k8s-3: 01:47:44 ERROR unit.mongodb-k8s/3.juju-log mongodb-k8s/3.is_unit_in_replica_set PyMongoError=No replica set members match selector "Primary()", Timeout: 1.0s, Topology Description: <TopologyDescription id: 66fa033ff7b72a11eb443ea7, topology_type: ReplicaSetNoPrimary, servers: [<ServerDescription ('mongodb-k8s-3.mongodb-k8s-endpoints', 27017) server_type: RSGhost, rtt: 0.003001593000135472>]>
unit-mongodb-k8s-6: 01:49:02 ERROR unit.mongodb-k8s/6.juju-log Uncaught exception while in charm code:
Traceback (most recent call last):
  File "/var/lib/juju/agents/unit-mongodb-k8s-6/charm/venv/websocket/_socket.py", line 118, in recv
    bytes_ = _recv()
  File "/var/lib/juju/agents/unit-mongodb-k8s-6/charm/venv/websocket/_socket.py", line 97, in _recv
    return sock.recv(bufsize)
TimeoutError: timed out

During handling of the above exception, another exception occurred:

Traceback (most recent call last):
  File "/var/lib/juju/agents/unit-mongodb-k8s-6/charm/venv/ops/pebble.py", line 2906, in exec
    control_ws = self._connect_websocket(task_id, 'control')
  File "/var/lib/juju/agents/unit-mongodb-k8s-6/charm/venv/ops/pebble.py", line 2994, in _connect_websocket
    ws.connect(url, socket=sock)
  File "/var/lib/juju/agents/unit-mongodb-k8s-6/charm/venv/websocket/_core.py", line 261, in connect
    self.handshake_response = handshake(self.sock, url, *addrs, **options)
  File "/var/lib/juju/agents/unit-mongodb-k8s-6/charm/venv/websocket/_handshake.py", line 65, in handshake
    status, resp = _get_resp_headers(sock)
  File "/var/lib/juju/agents/unit-mongodb-k8s-6/charm/venv/websocket/_handshake.py", line 141, in _get_resp_headers
    status, resp_headers, status_message = read_headers(sock)
  File "/var/lib/juju/agents/unit-mongodb-k8s-6/charm/venv/websocket/_http.py", line 351, in read_headers
    line = recv_line(sock)
  File "/var/lib/juju/agents/unit-mongodb-k8s-6/charm/venv/websocket/_socket.py", line 140, in recv_line
    c = recv(sock, 1)
  File "/var/lib/juju/agents/unit-mongodb-k8s-6/charm/venv/websocket/_socket.py", line 120, in recv
    raise WebSocketTimeoutException("Connection timed out")
websocket._exceptions.WebSocketTimeoutException: Connection timed out

The above exception was the direct cause of the following exception:

Traceback (most recent call last):
  File "/var/lib/juju/agents/unit-mongodb-k8s-6/charm/./src/charm.py", line 1643, in <module>
    main(MongoDBCharm)
  File "/var/lib/juju/agents/unit-mongodb-k8s-6/charm/venv/ops/main.py", line 45, in main
    return _main.main(charm_class=charm_class, use_juju_for_storage=use_juju_for_storage)
  File "/var/lib/juju/agents/unit-mongodb-k8s-6/charm/venv/ops/_main.py", line 543, in main
    manager.run()
  File "/var/lib/juju/agents/unit-mongodb-k8s-6/charm/venv/ops/_main.py", line 529, in run
    self._emit()
  File "/var/lib/juju/agents/unit-mongodb-k8s-6/charm/venv/ops/_main.py", line 518, in _emit
    _emit_charm_event(self.charm, self.dispatcher.event_name, self._juju_context)
  File "/var/lib/juju/agents/unit-mongodb-k8s-6/charm/venv/ops/_main.py", line 134, in _emit_charm_event
    event_to_emit.emit(*args, **kwargs)
  File "/var/lib/juju/agents/unit-mongodb-k8s-6/charm/venv/ops/framework.py", line 347, in emit
    framework._emit(event)
  File "/var/lib/juju/agents/unit-mongodb-k8s-6/charm/venv/ops/framework.py", line 857, in _emit
    self._reemit(event_path)
  File "/var/lib/juju/agents/unit-mongodb-k8s-6/charm/venv/ops/framework.py", line 947, in _reemit
    custom_handler(event)
  File "/var/lib/juju/agents/unit-mongodb-k8s-6/charm/./src/charm.py", line 560, in _on_mongod_pebble_ready
    self._set_data_dir_permissions(container)
  File "/var/lib/juju/agents/unit-mongodb-k8s-6/charm/./src/charm.py", line 1627, in _set_data_dir_permissions
    container.exec(
  File "/var/lib/juju/agents/unit-mongodb-k8s-6/charm/venv/ops/model.py", line 2996, in exec
    return self._pebble.exec(
  File "/var/lib/juju/agents/unit-mongodb-k8s-6/charm/venv/ops/pebble.py", line 2915, in exec
    raise ChangeError(change.err, change) from e
ops.pebble.ChangeError: cannot perform the following tasks:
- Execute command "chown" (exec 1: timeout waiting for websocket connections: context deadline exceeded)
----- Logs from task 0 -----
2024-09-30T01:49:02Z ERROR exec 1: timeout waiting for websocket connections: context deadline exceeded
-----
unit-mongodb-k8s-6: 01:49:02 ERROR juju.worker.uniter.operation hook "mongod-pebble-ready" (via hook dispatching script: dispatch) failed: exit status 1
unit-mongodb-k8s-6: 01:49:02 ERROR juju.worker.uniter pebble poll failed for container "mongod": failed to send pebble-ready event: hook failed
unit-mongodb-k8s-2: 01:50:35 ERROR unit.mongodb-k8s/2.juju-log mongodb-k8s/2.is_unit_in_replica_set PyMongoError=No replica set members match selector "Primary()", Timeout: 1.0s, Topology Description: <TopologyDescription id: 66fa03ead5db34552f598f38, topology_type: ReplicaSetNoPrimary, servers: [<ServerDescription ('mongodb-k8s-2.mongodb-k8s-endpoints', 27017) server_type: RSGhost, rtt: 0.00846277799996642>]>
unit-mongodb-k8s-1: 01:50:36 ERROR unit.mongodb-k8s/1.juju-log mongodb-k8s/1.is_unit_in_replica_set PyMongoError=No replica set members match selector "Primary()", Timeout: 1.0s, Topology Description: <TopologyDescription id: 66fa03eb67e4217a864c2602, topology_type: ReplicaSetNoPrimary, servers: [<ServerDescription ('mongodb-k8s-1.mongodb-k8s-endpoints', 27017) server_type: RSGhost, rtt: 0.0032389059999786696>]>
unit-mongodb-k8s-5: 01:50:43 ERROR unit.mongodb-k8s/5.juju-log mongodb-k8s/5.is_unit_in_replica_set PyMongoError=No replica set members match selector "Primary()", Timeout: 1.0s, Topology Description: <TopologyDescription id: 66fa03f2465aabecc26cb9b2, topology_type: ReplicaSetNoPrimary, servers: [<ServerDescription ('mongodb-k8s-5.mongodb-k8s-endpoints', 27017) server_type: RSGhost, rtt: 0.0009116319999975531>]>

[32mINFO    [0m pytest_operator.plugin:plugin.py:991 Forgetting model main...