{"uid":"98accdff0863bca8","name":"test_multi_backup","fullName":"tests.integration.backup_tests.test_backups#test_multi_backup","historyId":"7de8ce0fd0ce3158e4ec3b7f422290ce","time":{"start":1724809167017,"stop":1724809653666,"duration":486649},"description":"With writes in the DB test creating a backup while another one is running.\n\n    Note that before creating the second backup we change the bucket and change the s3 storage\n    from AWS to GCP. This test verifies that the first backup in AWS is made, the second backup\n    in GCP is made, and that before the second backup is made that pbm correctly resyncs.\n    ","descriptionHtml":"<p>With writes in the DB test creating a backup while another one is running.</p>\n<pre><code>Note that before creating the second backup we change the bucket and change the s3 storage\nfrom AWS to GCP. This test verifies that the first backup in AWS is made, the second backup\nin GCP is made, and that before the second backup is made that pbm correctly resyncs.\n</code></pre>\n","status":"failed","statusMessage":"AssertionError: Backup not created in first bucket on GCP.\nassert 3 == 1","statusTrace":"Traceback (most recent call last):\n  File \"/home/runner/work/mongodb-k8s-operator/mongodb-k8s-operator/tests/integration/backup_tests/test_backups.py\", line 267, in test_multi_backup\n    assert backups == 1, \"Backup not created in bucket on GCP.\"\nAssertionError: Backup not created in bucket on GCP.\nassert 3 == 1\n\nThe above exception was the direct cause of the following exception:\n\nTraceback (most recent call last):\n  File \"/home/runner/work/mongodb-k8s-operator/mongodb-k8s-operator/tests/integration/backup_tests/test_backups.py\", line 264, in test_multi_backup\n    for attempt in Retrying(stop=stop_after_delay(4), wait=wait_fixed(5)):\n  File \"/home/runner/work/mongodb-k8s-operator/mongodb-k8s-operator/.tox/integration/lib/python3.10/site-packages/tenacity/__init__.py\", line 443, in __iter__\n    do = self.iter(retry_state=retry_state)\n  File \"/home/runner/work/mongodb-k8s-operator/mongodb-k8s-operator/.tox/integration/lib/python3.10/site-packages/tenacity/__init__.py\", line 376, in iter\n    result = action(retry_state)\n  File \"/home/runner/work/mongodb-k8s-operator/mongodb-k8s-operator/.tox/integration/lib/python3.10/site-packages/tenacity/__init__.py\", line 419, in exc_check\n    raise retry_exc from fut.exception()\ntenacity.RetryError: RetryError[<Future at 0x7f5fe2dd4f10 state=finished raised AssertionError>]\n\nDuring handling of the above exception, another exception occurred:\n\nTraceback (most recent call last):\n  File \"/home/runner/work/mongodb-k8s-operator/mongodb-k8s-operator/.tox/integration/lib/python3.10/site-packages/_pytest/runner.py\", line 341, in from_call\n    result: TResult | None = func()\n  File \"/home/runner/work/mongodb-k8s-operator/mongodb-k8s-operator/.tox/integration/lib/python3.10/site-packages/_pytest/runner.py\", line 242, in <lambda>\n    lambda: runtest_hook(item=item, **kwds), when=when, reraise=reraise\n  File \"/home/runner/work/mongodb-k8s-operator/mongodb-k8s-operator/.tox/integration/lib/python3.10/site-packages/pluggy/_hooks.py\", line 513, in __call__\n    return self._hookexec(self.name, self._hookimpls.copy(), kwargs, firstresult)\n  File \"/home/runner/work/mongodb-k8s-operator/mongodb-k8s-operator/.tox/integration/lib/python3.10/site-packages/pluggy/_manager.py\", line 120, in _hookexec\n    return self._inner_hookexec(hook_name, methods, kwargs, firstresult)\n  File \"/home/runner/work/mongodb-k8s-operator/mongodb-k8s-operator/.tox/integration/lib/python3.10/site-packages/pluggy/_callers.py\", line 182, in _multicall\n    return outcome.get_result()\n  File \"/home/runner/work/mongodb-k8s-operator/mongodb-k8s-operator/.tox/integration/lib/python3.10/site-packages/pluggy/_result.py\", line 100, in get_result\n    raise exc.with_traceback(exc.__traceback__)\n  File \"/home/runner/work/mongodb-k8s-operator/mongodb-k8s-operator/.tox/integration/lib/python3.10/site-packages/pluggy/_callers.py\", line 167, in _multicall\n    teardown.throw(outcome._exception)\n  File \"/home/runner/work/mongodb-k8s-operator/mongodb-k8s-operator/.tox/integration/lib/python3.10/site-packages/_pytest/threadexception.py\", line 92, in pytest_runtest_call\n    yield from thread_exception_runtest_hook()\n  File \"/home/runner/work/mongodb-k8s-operator/mongodb-k8s-operator/.tox/integration/lib/python3.10/site-packages/_pytest/threadexception.py\", line 68, in thread_exception_runtest_hook\n    yield\n  File \"/home/runner/work/mongodb-k8s-operator/mongodb-k8s-operator/.tox/integration/lib/python3.10/site-packages/pluggy/_callers.py\", line 167, in _multicall\n    teardown.throw(outcome._exception)\n  File \"/home/runner/work/mongodb-k8s-operator/mongodb-k8s-operator/.tox/integration/lib/python3.10/site-packages/_pytest/unraisableexception.py\", line 95, in pytest_runtest_call\n    yield from unraisable_exception_runtest_hook()\n  File \"/home/runner/work/mongodb-k8s-operator/mongodb-k8s-operator/.tox/integration/lib/python3.10/site-packages/_pytest/unraisableexception.py\", line 70, in unraisable_exception_runtest_hook\n    yield\n  File \"/home/runner/work/mongodb-k8s-operator/mongodb-k8s-operator/.tox/integration/lib/python3.10/site-packages/pluggy/_callers.py\", line 167, in _multicall\n    teardown.throw(outcome._exception)\n  File \"/home/runner/work/mongodb-k8s-operator/mongodb-k8s-operator/.tox/integration/lib/python3.10/site-packages/_pytest/logging.py\", line 848, in pytest_runtest_call\n    yield from self._runtest_for(item, \"call\")\n  File \"/home/runner/work/mongodb-k8s-operator/mongodb-k8s-operator/.tox/integration/lib/python3.10/site-packages/_pytest/logging.py\", line 831, in _runtest_for\n    yield\n  File \"/home/runner/work/mongodb-k8s-operator/mongodb-k8s-operator/.tox/integration/lib/python3.10/site-packages/pluggy/_callers.py\", line 167, in _multicall\n    teardown.throw(outcome._exception)\n  File \"/home/runner/work/mongodb-k8s-operator/mongodb-k8s-operator/.tox/integration/lib/python3.10/site-packages/_pytest/capture.py\", line 879, in pytest_runtest_call\n    return (yield)\n  File \"/home/runner/work/mongodb-k8s-operator/mongodb-k8s-operator/.tox/integration/lib/python3.10/site-packages/pluggy/_callers.py\", line 167, in _multicall\n    teardown.throw(outcome._exception)\n  File \"/home/runner/work/mongodb-k8s-operator/mongodb-k8s-operator/.tox/integration/lib/python3.10/site-packages/_pytest/skipping.py\", line 257, in pytest_runtest_call\n    return (yield)\n  File \"/home/runner/work/mongodb-k8s-operator/mongodb-k8s-operator/.tox/integration/lib/python3.10/site-packages/pluggy/_callers.py\", line 103, in _multicall\n    res = hook_impl.function(*args)\n  File \"/home/runner/work/mongodb-k8s-operator/mongodb-k8s-operator/.tox/integration/lib/python3.10/site-packages/_pytest/runner.py\", line 174, in pytest_runtest_call\n    item.runtest()\n  File \"/home/runner/work/mongodb-k8s-operator/mongodb-k8s-operator/.tox/integration/lib/python3.10/site-packages/_pytest/python.py\", line 1627, in runtest\n    self.ihook.pytest_pyfunc_call(pyfuncitem=self)\n  File \"/home/runner/work/mongodb-k8s-operator/mongodb-k8s-operator/.tox/integration/lib/python3.10/site-packages/pluggy/_hooks.py\", line 513, in __call__\n    return self._hookexec(self.name, self._hookimpls.copy(), kwargs, firstresult)\n  File \"/home/runner/work/mongodb-k8s-operator/mongodb-k8s-operator/.tox/integration/lib/python3.10/site-packages/pluggy/_manager.py\", line 120, in _hookexec\n    return self._inner_hookexec(hook_name, methods, kwargs, firstresult)\n  File \"/home/runner/work/mongodb-k8s-operator/mongodb-k8s-operator/.tox/integration/lib/python3.10/site-packages/pluggy/_callers.py\", line 182, in _multicall\n    return outcome.get_result()\n  File \"/home/runner/work/mongodb-k8s-operator/mongodb-k8s-operator/.tox/integration/lib/python3.10/site-packages/pluggy/_result.py\", line 100, in get_result\n    raise exc.with_traceback(exc.__traceback__)\n  File \"/home/runner/work/mongodb-k8s-operator/mongodb-k8s-operator/.tox/integration/lib/python3.10/site-packages/pluggy/_callers.py\", line 103, in _multicall\n    res = hook_impl.function(*args)\n  File \"/home/runner/work/mongodb-k8s-operator/mongodb-k8s-operator/.tox/integration/lib/python3.10/site-packages/_pytest/python.py\", line 159, in pytest_pyfunc_call\n    result = testfunction(**testargs)\n  File \"/home/runner/work/mongodb-k8s-operator/mongodb-k8s-operator/.tox/integration/lib/python3.10/site-packages/pytest_asyncio/plugin.py\", line 529, in inner\n    _loop.run_until_complete(task)\n  File \"/usr/lib/python3.10/asyncio/base_events.py\", line 649, in run_until_complete\n    return future.result()\n  File \"/home/runner/work/mongodb-k8s-operator/mongodb-k8s-operator/tests/integration/backup_tests/test_backups.py\", line 269, in test_multi_backup\n    assert backups == 1, \"Backup not created in first bucket on GCP.\"\nAssertionError: Backup not created in first bucket on GCP.\nassert 3 == 1","flaky":false,"newFailed":true,"newBroken":false,"newPassed":false,"retriesCount":1,"retriesStatusChange":true,"beforeStages":[{"name":"event_loop","time":{"start":1724808804047,"stop":1724808804047,"duration":0},"status":"passed","steps":[],"attachments":[],"parameters":[],"stepsCount":0,"shouldDisplayMessage":false,"attachmentsCount":0,"hasContent":false,"attachmentStep":false},{"name":"tmp_path_factory","time":{"start":1724808804047,"stop":1724808804047,"duration":0},"status":"passed","steps":[],"attachments":[],"parameters":[],"stepsCount":0,"shouldDisplayMessage":false,"attachmentsCount":0,"hasContent":false,"attachmentStep":false},{"name":"ops_test","time":{"start":1724808804047,"stop":1724808804281,"duration":234},"status":"passed","steps":[],"attachments":[],"parameters":[],"stepsCount":0,"shouldDisplayMessage":false,"attachmentsCount":0,"hasContent":false,"attachmentStep":false},{"name":"github_secrets","time":{"start":1724809063614,"stop":1724809063614,"duration":0},"status":"passed","steps":[],"attachments":[],"parameters":[],"stepsCount":0,"shouldDisplayMessage":false,"attachmentsCount":0,"hasContent":false,"attachmentStep":false},{"name":"abort_on_fail","time":{"start":1724809163966,"stop":1724809163966,"duration":0},"status":"passed","steps":[],"attachments":[],"parameters":[],"stepsCount":0,"shouldDisplayMessage":false,"attachmentsCount":0,"hasContent":false,"attachmentStep":false},{"name":"continuous_writes_to_db","time":{"start":1724809163966,"stop":1724809167017,"duration":3051},"status":"passed","steps":[],"attachments":[],"parameters":[],"stepsCount":0,"shouldDisplayMessage":false,"attachmentsCount":0,"hasContent":false,"attachmentStep":false}],"testStage":{"description":"With writes in the DB test creating a backup while another one is running.\n\n    Note that before creating the second backup we change the bucket and change the s3 storage\n    from AWS to GCP. This test verifies that the first backup in AWS is made, the second backup\n    in GCP is made, and that before the second backup is made that pbm correctly resyncs.\n    ","status":"failed","statusMessage":"AssertionError: Backup not created in first bucket on GCP.\nassert 3 == 1","statusTrace":"Traceback (most recent call last):\n  File \"/home/runner/work/mongodb-k8s-operator/mongodb-k8s-operator/tests/integration/backup_tests/test_backups.py\", line 267, in test_multi_backup\n    assert backups == 1, \"Backup not created in bucket on GCP.\"\nAssertionError: Backup not created in bucket on GCP.\nassert 3 == 1\n\nThe above exception was the direct cause of the following exception:\n\nTraceback (most recent call last):\n  File \"/home/runner/work/mongodb-k8s-operator/mongodb-k8s-operator/tests/integration/backup_tests/test_backups.py\", line 264, in test_multi_backup\n    for attempt in Retrying(stop=stop_after_delay(4), wait=wait_fixed(5)):\n  File \"/home/runner/work/mongodb-k8s-operator/mongodb-k8s-operator/.tox/integration/lib/python3.10/site-packages/tenacity/__init__.py\", line 443, in __iter__\n    do = self.iter(retry_state=retry_state)\n  File \"/home/runner/work/mongodb-k8s-operator/mongodb-k8s-operator/.tox/integration/lib/python3.10/site-packages/tenacity/__init__.py\", line 376, in iter\n    result = action(retry_state)\n  File \"/home/runner/work/mongodb-k8s-operator/mongodb-k8s-operator/.tox/integration/lib/python3.10/site-packages/tenacity/__init__.py\", line 419, in exc_check\n    raise retry_exc from fut.exception()\ntenacity.RetryError: RetryError[<Future at 0x7f5fe2dd4f10 state=finished raised AssertionError>]\n\nDuring handling of the above exception, another exception occurred:\n\nTraceback (most recent call last):\n  File \"/home/runner/work/mongodb-k8s-operator/mongodb-k8s-operator/.tox/integration/lib/python3.10/site-packages/_pytest/runner.py\", line 341, in from_call\n    result: TResult | None = func()\n  File \"/home/runner/work/mongodb-k8s-operator/mongodb-k8s-operator/.tox/integration/lib/python3.10/site-packages/_pytest/runner.py\", line 242, in <lambda>\n    lambda: runtest_hook(item=item, **kwds), when=when, reraise=reraise\n  File \"/home/runner/work/mongodb-k8s-operator/mongodb-k8s-operator/.tox/integration/lib/python3.10/site-packages/pluggy/_hooks.py\", line 513, in __call__\n    return self._hookexec(self.name, self._hookimpls.copy(), kwargs, firstresult)\n  File \"/home/runner/work/mongodb-k8s-operator/mongodb-k8s-operator/.tox/integration/lib/python3.10/site-packages/pluggy/_manager.py\", line 120, in _hookexec\n    return self._inner_hookexec(hook_name, methods, kwargs, firstresult)\n  File \"/home/runner/work/mongodb-k8s-operator/mongodb-k8s-operator/.tox/integration/lib/python3.10/site-packages/pluggy/_callers.py\", line 182, in _multicall\n    return outcome.get_result()\n  File \"/home/runner/work/mongodb-k8s-operator/mongodb-k8s-operator/.tox/integration/lib/python3.10/site-packages/pluggy/_result.py\", line 100, in get_result\n    raise exc.with_traceback(exc.__traceback__)\n  File \"/home/runner/work/mongodb-k8s-operator/mongodb-k8s-operator/.tox/integration/lib/python3.10/site-packages/pluggy/_callers.py\", line 167, in _multicall\n    teardown.throw(outcome._exception)\n  File \"/home/runner/work/mongodb-k8s-operator/mongodb-k8s-operator/.tox/integration/lib/python3.10/site-packages/_pytest/threadexception.py\", line 92, in pytest_runtest_call\n    yield from thread_exception_runtest_hook()\n  File \"/home/runner/work/mongodb-k8s-operator/mongodb-k8s-operator/.tox/integration/lib/python3.10/site-packages/_pytest/threadexception.py\", line 68, in thread_exception_runtest_hook\n    yield\n  File \"/home/runner/work/mongodb-k8s-operator/mongodb-k8s-operator/.tox/integration/lib/python3.10/site-packages/pluggy/_callers.py\", line 167, in _multicall\n    teardown.throw(outcome._exception)\n  File \"/home/runner/work/mongodb-k8s-operator/mongodb-k8s-operator/.tox/integration/lib/python3.10/site-packages/_pytest/unraisableexception.py\", line 95, in pytest_runtest_call\n    yield from unraisable_exception_runtest_hook()\n  File \"/home/runner/work/mongodb-k8s-operator/mongodb-k8s-operator/.tox/integration/lib/python3.10/site-packages/_pytest/unraisableexception.py\", line 70, in unraisable_exception_runtest_hook\n    yield\n  File \"/home/runner/work/mongodb-k8s-operator/mongodb-k8s-operator/.tox/integration/lib/python3.10/site-packages/pluggy/_callers.py\", line 167, in _multicall\n    teardown.throw(outcome._exception)\n  File \"/home/runner/work/mongodb-k8s-operator/mongodb-k8s-operator/.tox/integration/lib/python3.10/site-packages/_pytest/logging.py\", line 848, in pytest_runtest_call\n    yield from self._runtest_for(item, \"call\")\n  File \"/home/runner/work/mongodb-k8s-operator/mongodb-k8s-operator/.tox/integration/lib/python3.10/site-packages/_pytest/logging.py\", line 831, in _runtest_for\n    yield\n  File \"/home/runner/work/mongodb-k8s-operator/mongodb-k8s-operator/.tox/integration/lib/python3.10/site-packages/pluggy/_callers.py\", line 167, in _multicall\n    teardown.throw(outcome._exception)\n  File \"/home/runner/work/mongodb-k8s-operator/mongodb-k8s-operator/.tox/integration/lib/python3.10/site-packages/_pytest/capture.py\", line 879, in pytest_runtest_call\n    return (yield)\n  File \"/home/runner/work/mongodb-k8s-operator/mongodb-k8s-operator/.tox/integration/lib/python3.10/site-packages/pluggy/_callers.py\", line 167, in _multicall\n    teardown.throw(outcome._exception)\n  File \"/home/runner/work/mongodb-k8s-operator/mongodb-k8s-operator/.tox/integration/lib/python3.10/site-packages/_pytest/skipping.py\", line 257, in pytest_runtest_call\n    return (yield)\n  File \"/home/runner/work/mongodb-k8s-operator/mongodb-k8s-operator/.tox/integration/lib/python3.10/site-packages/pluggy/_callers.py\", line 103, in _multicall\n    res = hook_impl.function(*args)\n  File \"/home/runner/work/mongodb-k8s-operator/mongodb-k8s-operator/.tox/integration/lib/python3.10/site-packages/_pytest/runner.py\", line 174, in pytest_runtest_call\n    item.runtest()\n  File \"/home/runner/work/mongodb-k8s-operator/mongodb-k8s-operator/.tox/integration/lib/python3.10/site-packages/_pytest/python.py\", line 1627, in runtest\n    self.ihook.pytest_pyfunc_call(pyfuncitem=self)\n  File \"/home/runner/work/mongodb-k8s-operator/mongodb-k8s-operator/.tox/integration/lib/python3.10/site-packages/pluggy/_hooks.py\", line 513, in __call__\n    return self._hookexec(self.name, self._hookimpls.copy(), kwargs, firstresult)\n  File \"/home/runner/work/mongodb-k8s-operator/mongodb-k8s-operator/.tox/integration/lib/python3.10/site-packages/pluggy/_manager.py\", line 120, in _hookexec\n    return self._inner_hookexec(hook_name, methods, kwargs, firstresult)\n  File \"/home/runner/work/mongodb-k8s-operator/mongodb-k8s-operator/.tox/integration/lib/python3.10/site-packages/pluggy/_callers.py\", line 182, in _multicall\n    return outcome.get_result()\n  File \"/home/runner/work/mongodb-k8s-operator/mongodb-k8s-operator/.tox/integration/lib/python3.10/site-packages/pluggy/_result.py\", line 100, in get_result\n    raise exc.with_traceback(exc.__traceback__)\n  File \"/home/runner/work/mongodb-k8s-operator/mongodb-k8s-operator/.tox/integration/lib/python3.10/site-packages/pluggy/_callers.py\", line 103, in _multicall\n    res = hook_impl.function(*args)\n  File \"/home/runner/work/mongodb-k8s-operator/mongodb-k8s-operator/.tox/integration/lib/python3.10/site-packages/_pytest/python.py\", line 159, in pytest_pyfunc_call\n    result = testfunction(**testargs)\n  File \"/home/runner/work/mongodb-k8s-operator/mongodb-k8s-operator/.tox/integration/lib/python3.10/site-packages/pytest_asyncio/plugin.py\", line 529, in inner\n    _loop.run_until_complete(task)\n  File \"/usr/lib/python3.10/asyncio/base_events.py\", line 649, in run_until_complete\n    return future.result()\n  File \"/home/runner/work/mongodb-k8s-operator/mongodb-k8s-operator/tests/integration/backup_tests/test_backups.py\", line 269, in test_multi_backup\n    assert backups == 1, \"Backup not created in first bucket on GCP.\"\nAssertionError: Backup not created in first bucket on GCP.\nassert 3 == 1","steps":[],"attachments":[{"uid":"25d0c5b1a8802667","name":"log","source":"25d0c5b1a8802667.txt","type":"text/plain","size":3621}],"parameters":[],"stepsCount":0,"shouldDisplayMessage":true,"attachmentsCount":1,"hasContent":true,"attachmentStep":false},"afterStages":[{"name":"continuous_writes_to_db::finalizer","time":{"start":1724809653685,"stop":1724809660732,"duration":7047},"status":"passed","steps":[],"attachments":[],"parameters":[],"stepsCount":0,"shouldDisplayMessage":false,"attachmentsCount":0,"hasContent":false,"attachmentStep":false},{"name":"abort_on_fail::0","time":{"start":1724809660732,"stop":1724809660732,"duration":0},"status":"passed","steps":[],"attachments":[],"parameters":[],"stepsCount":0,"shouldDisplayMessage":false,"attachmentsCount":0,"hasContent":false,"attachmentStep":false},{"name":"ops_test::finalizer","time":{"start":1724809660742,"stop":1724809661104,"duration":362},"status":"passed","steps":[],"attachments":[],"parameters":[],"stepsCount":0,"shouldDisplayMessage":false,"attachmentsCount":0,"hasContent":false,"attachmentStep":false},{"name":"event_loop::2","time":{"start":1724809661105,"stop":1724809661105,"duration":0},"status":"passed","steps":[],"attachments":[],"parameters":[],"stepsCount":0,"shouldDisplayMessage":false,"attachmentsCount":0,"hasContent":false,"attachmentStep":false},{"name":"event_loop::_close_event_loop","time":{"start":1724809661105,"stop":1724809661105,"duration":0},"status":"passed","steps":[],"attachments":[],"parameters":[],"stepsCount":0,"shouldDisplayMessage":false,"attachmentsCount":0,"hasContent":false,"attachmentStep":false},{"name":"event_loop::_provide_clean_event_loop","time":{"start":1724809661105,"stop":1724809661105,"duration":0},"status":"passed","steps":[],"attachments":[],"parameters":[],"stepsCount":0,"shouldDisplayMessage":false,"attachmentsCount":0,"hasContent":false,"attachmentStep":false}],"labels":[{"name":"tag","value":"abort_on_fail"},{"name":"tag","value":"group(1)"},{"name":"tag","value":"asyncio"},{"name":"parentSuite","value":"tests.integration.backup_tests"},{"name":"suite","value":"test_backups"},{"name":"host","value":"fv-az1114-392"},{"name":"thread","value":"12954-MainThread"},{"name":"framework","value":"pytest"},{"name":"language","value":"cpython3"},{"name":"package","value":"tests.integration.backup_tests.test_backups"},{"name":"resultFormat","value":"allure2"}],"parameters":[],"links":[],"hidden":false,"retry":false,"extra":{"severity":"normal","retries":[{"uid":"92f932bb862f9565","status":"unknown","time":{}}],"categories":[{"name":"Product defects","matchedStatuses":[],"flaky":false}],"history":{"statistic":{"failed":5,"broken":1,"skipped":6,"passed":16,"unknown":0,"total":28},"items":[{"uid":"3395fc5c139ded38","reportUrl":"../2243//#testresult/3395fc5c139ded38","status":"passed","time":{"start":1724722773833,"stop":1724723444296,"duration":670463}},{"uid":"f020923734342651","reportUrl":"../2231//#testresult/f020923734342651","status":"passed","time":{"start":1724636381031,"stop":1724636976170,"duration":595139}},{"uid":"7a3e03855b8f8a4e","reportUrl":"../2229//#testresult/7a3e03855b8f8a4e","status":"passed","time":{"start":1724549982108,"stop":1724550900416,"duration":918308}},{"uid":"462fc3545058a51e","reportUrl":"../2228//#testresult/462fc3545058a51e","status":"passed","time":{"start":1724463819912,"stop":1724464743371,"duration":923459}},{"uid":"d5ba52d9e72b8e71","reportUrl":"../2209//#testresult/d5ba52d9e72b8e71","status":"passed","time":{"start":1724377343385,"stop":1724377838811,"duration":495426}},{"uid":"16a033dae5fe806c","reportUrl":"../2198//#testresult/16a033dae5fe806c","status":"passed","time":{"start":1724291101892,"stop":1724292034714,"duration":932822}},{"uid":"9e827edc1f8a8140","reportUrl":"../2194//#testresult/9e827edc1f8a8140","status":"passed","time":{"start":1724204273987,"stop":1724204875761,"duration":601774}},{"uid":"d6baf67d7045e1e9","reportUrl":"../2143//#testresult/d6baf67d7045e1e9","status":"passed","time":{"start":1724118153783,"stop":1724118805348,"duration":651565}},{"uid":"1b9c67e25623ee98","reportUrl":"../2124//#testresult/1b9c67e25623ee98","status":"passed","time":{"start":1724032095416,"stop":1724032761361,"duration":665945}},{"uid":"b12f86b88433ed6d","reportUrl":"../2123//#testresult/b12f86b88433ed6d","status":"passed","time":{"start":1723945481303,"stop":1723946224440,"duration":743137}},{"uid":"ec53a29a4ba918da","reportUrl":"../2122//#testresult/ec53a29a4ba918da","status":"broken","statusDetails":"juju.errors.JujuUnitError: Unit in error: mongodb-k8s/1","time":{"start":1723859058285,"stop":1723859233050,"duration":174765}},{"uid":"ce975522dbfd291","reportUrl":"../2103//#testresult/ce975522dbfd291","status":"failed","statusDetails":"AssertionError: Backup not created in bucket on AWS.\nassert 1 == 2","time":{"start":1723772781293,"stop":1723773563006,"duration":781713}},{"uid":"e78dc5ab4f13b16b","reportUrl":"../2101//#testresult/e78dc5ab4f13b16b","status":"passed","time":{"start":1723686291913,"stop":1723687266540,"duration":974627}},{"uid":"8f960140ca076a92","reportUrl":"../2074//#testresult/8f960140ca076a92","status":"passed","time":{"start":1723600014238,"stop":1723600960613,"duration":946375}},{"uid":"66c328831d582f9a","reportUrl":"../2061//#testresult/66c328831d582f9a","status":"skipped","statusDetails":"XFAIL reason: aborted\n\n_pytest.outcomes.XFailed: aborted","time":{"start":1723513994720,"stop":1723513994720,"duration":0}},{"uid":"35221b29a1d861d2","reportUrl":"../2053//#testresult/35221b29a1d861d2","status":"passed","time":{"start":1723427166066,"stop":1723427798906,"duration":632840}},{"uid":"a3faa8978d7b8929","reportUrl":"../2048//#testresult/a3faa8978d7b8929","status":"failed","statusDetails":"AssertionError: Backup not created in first bucket on GCP.\nassert 3 == 1","time":{"start":1723340807438,"stop":1723341286041,"duration":478603}},{"uid":"4358abb9bfd9ec20","reportUrl":"../2047//#testresult/4358abb9bfd9ec20","status":"failed","statusDetails":"AssertionError: Backup not created in first bucket on GCP.\nassert 3 == 1","time":{"start":1723254635907,"stop":1723255163309,"duration":527402}},{"uid":"2bbaf4bfa17d84bc","reportUrl":"../2040//#testresult/2bbaf4bfa17d84bc","status":"passed","time":{"start":1723168176762,"stop":1723169047957,"duration":871195}},{"uid":"a27934e269a7ec7d","reportUrl":"../2030//#testresult/a27934e269a7ec7d","status":"failed","statusDetails":"AssertionError: Backup not created in first bucket on GCP.\nassert 3 == 1","time":{"start":1723081687465,"stop":1723082275850,"duration":588385}}]},"tags":["asyncio","abort_on_fail","group(1)"]},"source":"98accdff0863bca8.json","parameterValues":[]}