[32mINFO    [0m juju.model:model.py:2098 Deploying ch:amd64/jammy/self-signed-certificates-155
[32mINFO    [0m juju.model:model.py:2972 Waiting for model:
  shard-one/0 [idle] active: 
  shard-one/1 [idle] active: Primary
  shard-one/2 [idle] active: 
  shard-two/0 [idle] active: Primary
  config-server/0 [idle] active: 
  config-server/1 [idle] active: Primary
[32mINFO    [0m juju.model:model.py:2972 Waiting for model:
  shard-one/0 [idle] active: 
  shard-one/1 [idle] active: 
  shard-one/2 [idle] active: 
[32mINFO    [0m juju.model:model.py:2972 Waiting for model:
  shard-one/0 [idle] blocked: Shard requires TLS to be enabled.
  shard-one/1 [idle] blocked: Shard requires TLS to be enabled.
  shard-one/2 [idle] blocked: Shard requires TLS to be enabled.
  shard-two/0 [idle] active: Primary
  config-server/0 [idle] blocked: shards shard-one are unreachable.
  config-server/1 [idle] blocked: shards shard-one are unreachable.
[32mINFO    [0m juju.model:model.py:2972 Waiting for model:
  shard-one/0 [idle] blocked: Shard requires TLS to be enabled.
  shard-one/1 [idle] blocked: Shard requires TLS to be enabled.
  shard-one/2 [idle] blocked: Shard requires TLS to be enabled.
  config-server/0 [idle] blocked: shards shard-one are unreachable.
  config-server/1 [idle] blocked: shards shard-one are unreachable.
[32mINFO    [0m juju.model:model.py:2972 Waiting for model:
  shard-one/0 [executing] blocked: Shard requires TLS to be enabled.
  shard-one/1 [idle] blocked: Shard requires TLS to be enabled.
  shard-one/2 [idle] blocked: Shard requires TLS to be enabled.
  config-server/0 [executing] active: 
  config-server/1 [idle] blocked: shards shard-one are unreachable.
[32mINFO    [0m juju.model:model.py:2972 Waiting for model:
  shard-one/0 [executing] maintenance: enabling TLS
  shard-one/1 [idle] active: 
  shard-one/2 [executing] maintenance: enabling TLS
  config-server/0 [idle] active: 
  config-server/1 [idle] blocked: shards shard-one are unreachable.
[32mINFO    [0m juju.model:model.py:2972 Waiting for model:
  config-server/0 [idle] active: 
  config-server/1 [idle] blocked: shards shard-one are unreachable.
[32mINFO    [0m juju.model:model.py:2972 Waiting for model:
  config-server/0 [idle] active: 
  config-server/1 [idle] blocked: shards shard-one are unreachable.
[32mINFO    [0m juju.model:model.py:2972 Waiting for model:
  config-server/0 [idle] active: 
  config-server/1 [idle] blocked: shards shard-one are unreachable.
[32mINFO    [0m juju.model:model.py:2972 Waiting for model:
  config-server/0 [idle] active: 
  config-server/1 [idle] blocked: shards shard-one are unreachable.
[32mINFO    [0m juju.model:model.py:2972 Waiting for model:
  config-server/0 [idle] active: 
  config-server/1 [idle] blocked: shards shard-one are unreachable.
[32mINFO    [0m juju.model:model.py:2972 Waiting for model:
  config-server/0 [idle] active: 
  config-server/1 [idle] active: Primary
[32mINFO    [0m juju.model:model.py:2972 Waiting for model:
  shard-one/0 [idle] active: 
  shard-one/1 [idle] active: 
  shard-one/2 [idle] active: 
  shard-two/0 [idle] active: Primary
  config-server/0 [executing] active: 
  config-server/1 [executing] active: Primary
[32mINFO    [0m juju.model:model.py:2972 Waiting for model:
  shard-one/0 [idle] active: 
  shard-one/1 [idle] active: 
  shard-one/2 [idle] active: 
  shard-two/0 [idle] active: Primary
  config-server/0 [idle] active: 
  config-server/1 [idle] active: 
[32mINFO    [0m juju.model:model.py:2972 Waiting for model:
  config-server/0 [idle] active: 
  config-server/1 [idle] active: 
[32mINFO    [0m juju.model:model.py:2972 Waiting for model:
  shard-one/0 [idle] blocked: Shard has TLS enabled, but config-server does not.
  shard-one/1 [idle] blocked: Shard has TLS enabled, but config-server does not.
  shard-one/2 [idle] blocked: Shard has TLS enabled, but config-server does not.
  shard-two/0 [idle] blocked: Shard has TLS enabled, but config-server does not.
  config-server/0 [executing] active: 
  config-server/1 [executing] active: 
[32mINFO    [0m juju.model:model.py:2972 Waiting for model:
  shard-one/0 [idle] blocked: Shard has TLS enabled, but config-server does not.
  shard-one/1 [idle] blocked: Shard has TLS enabled, but config-server does not.
  shard-one/2 [idle] blocked: Shard has TLS enabled, but config-server does not.
  shard-two/0 [idle] blocked: Shard has TLS enabled, but config-server does not.
  config-server/0 [executing] active: 
  config-server/1 [executing] maintenance: enabling TLS
[32mINFO    [0m juju.model:model.py:2972 Waiting for model:
  config-server/1 [idle] active:
[32mINFO    [0m pytest_operator.plugin:plugin.py:834 Model status:

Model  Controller          Cloud/Region        Version  SLA          Timestamp
test   microk8s-localhost  microk8s/localhost  3.4.4    unsupported  02:13:53Z

App                                Version  Status   Scale  Charm                     Channel        Rev  Address         Exposed  Message
config-server                               active       2  mongodb-k8s                                3  10.152.183.60   no       Primary
self-signed-certificates                    active       1  self-signed-certificates  latest/stable  155  10.152.183.23   no       
self-signed-certificates-separate           active       1  self-signed-certificates  latest/stable  155  10.152.183.148  no       
shard-one                                   waiting      3  mongodb-k8s                                4  10.152.183.54   no       installing agent
shard-two                                   waiting      1  mongodb-k8s                                5  10.152.183.52   no       installing agent

Unit                                  Workload  Agent  Address      Ports  Message
config-server/0*                      active    idle   10.1.143.35         Primary
config-server/1                       active    idle   10.1.143.36         
self-signed-certificates-separate/0*  active    idle   10.1.143.49         
self-signed-certificates/0*           active    idle   10.1.143.26         
shard-one/0*                          blocked   idle   10.1.143.42         Shard CA and Config-Server CA don't match.
shard-one/1                           blocked   idle   10.1.143.46         Shard CA and Config-Server CA don't match.
shard-one/2                           blocked   idle   10.1.143.47         Shard CA and Config-Server CA don't match.
shard-two/0*                          blocked   idle   10.1.143.48         Shard CA and Config-Server CA don't match.

[32mINFO    [0m pytest_operator.plugin:plugin.py:840 Juju error logs:

unit-config-server-0: 01:33:43 ERROR unit.config-server/0.juju-log database-peers:0: Failed to create the operator user: non-zero exit code 1 executing ['/usr/bin/mongosh', 'mongodb://localhost/admin', '--quiet', '--eval', "db.createUser({  user: 'operator',  pwd: passwordPrompt(),  roles:[    {'role': 'userAdminAnyDatabase', 'db': 'admin'},     {'role': 'readWriteAnyDatabase', 'db': 'admin'},     {'role': 'clusterAdmin', 'db': 'admin'},   ],  mechanisms: ['SCRAM-SHA-256'],  passwordDigestor: 'server',})"], stdout='Enter password\n********************************', stderr='MongoServerError: not primary\n'
Traceback (most recent call last):
  File "/var/lib/juju/agents/unit-config-server-0/charm/./src/charm.py", line 926, in _init_operator_user
    process.wait_output()
  File "/var/lib/juju/agents/unit-config-server-0/charm/venv/ops/pebble.py", line 1771, in wait_output
    raise ExecError[AnyStr](self._command, exit_code, out_value, err_value)
ops.pebble.ExecError: non-zero exit code 1 executing ['/usr/bin/mongosh', 'mongodb://localhost/admin', '--quiet', '--eval', "db.createUser({  user: 'operator',  pwd: passwordPrompt(),  roles:[    {'role': 'userAdminAnyDatabase', 'db': 'admin'},     {'role': 'readWriteAnyDatabase', 'db': 'admin'},     {'role': 'clusterAdmin', 'db': 'admin'},   ],  mechanisms: ['SCRAM-SHA-256'],  passwordDigestor: 'server',})"], stdout='Enter password\n********************************', stderr='MongoServerError: not primary\n'
unit-config-server-0: 01:33:49 ERROR unit.config-server/0.juju-log database-peers:0: Failed to create the operator user: non-zero exit code 1 executing ['/usr/bin/mongosh', 'mongodb://localhost/admin', '--quiet', '--eval', "db.createUser({  user: 'operator',  pwd: passwordPrompt(),  roles:[    {'role': 'userAdminAnyDatabase', 'db': 'admin'},     {'role': 'readWriteAnyDatabase', 'db': 'admin'},     {'role': 'clusterAdmin', 'db': 'admin'},   ],  mechanisms: ['SCRAM-SHA-256'],  passwordDigestor: 'server',})"], stdout='Enter password\n********************************', stderr='MongoServerError: not primary\n'
Traceback (most recent call last):
  File "/var/lib/juju/agents/unit-config-server-0/charm/./src/charm.py", line 926, in _init_operator_user
    process.wait_output()
  File "/var/lib/juju/agents/unit-config-server-0/charm/venv/ops/pebble.py", line 1771, in wait_output
    raise ExecError[AnyStr](self._command, exit_code, out_value, err_value)
ops.pebble.ExecError: non-zero exit code 1 executing ['/usr/bin/mongosh', 'mongodb://localhost/admin', '--quiet', '--eval', "db.createUser({  user: 'operator',  pwd: passwordPrompt(),  roles:[    {'role': 'userAdminAnyDatabase', 'db': 'admin'},     {'role': 'readWriteAnyDatabase', 'db': 'admin'},     {'role': 'clusterAdmin', 'db': 'admin'},   ],  mechanisms: ['SCRAM-SHA-256'],  passwordDigestor: 'server',})"], stdout='Enter password\n********************************', stderr='MongoServerError: not primary\n'
unit-config-server-0: 01:35:19 ERROR unit.config-server/0.juju-log config-server:3: Failed to add shard shard-one to the config server, error=OperationFailure("Authentication failed., full error: {'ok': 0.0, 'errmsg': 'Authentication failed.', 'code': 18, 'codeName': 'AuthenticationFailed', '$clusterTime': {'clusterTime': Timestamp(1724204119, 3), 'signature': {'hash': b'\\xac\\x0e=S\\xb0\\xf6\\xff\\xbc\\x1fW\\xf7*Q\\xfd\\x07e\\x89\\x18Q\\x01', 'keyId': 7405399937661272081}}, 'operationTime': Timestamp(1724204119, 3)}")
unit-config-server-0: 01:35:19 ERROR unit.config-server/0.juju-log config-server:3: shard-one shard does not have the same auth as the config server.
unit-config-server-0: 01:35:35 ERROR unit.config-server/0.juju-log config-server:3: Failed to add shard shard-one to the config server, error=OperationFailure('Could not find host matching read preference { mode: "primary" } for set shard-one, full error: {\'ok\': 0.0, \'errmsg\': \'Could not find host matching read preference { mode: "primary" } for set shard-one\', \'code\': 133, \'codeName\': \'FailedToSatisfyReadPreference\', \'$clusterTime\': {\'clusterTime\': Timestamp(1724204135, 2), \'signature\': {\'hash\': b"\\x87\\x9a\\\\\'&;\\xcacI\\xab\\x85\\x90Q\\x87e\\x16u\\xfaG#", \'keyId\': 7405399937661272081}}, \'operationTime\': Timestamp(1724204135, 2)}')
unit-config-server-0: 01:35:35 ERROR unit.config-server/0.juju-log config-server:3: Failed to add shard-one to cluster
unit-config-server-0: 01:35:35 ERROR unit.config-server/0.juju-log config-server:3: Deferring _on_relation_event for shards interface since: error=OperationFailure('Could not find host matching read preference { mode: "primary" } for set shard-one, full error: {\'ok\': 0.0, \'errmsg\': \'Could not find host matching read preference { mode: "primary" } for set shard-one\', \'code\': 133, \'codeName\': \'FailedToSatisfyReadPreference\', \'$clusterTime\': {\'clusterTime\': Timestamp(1724204135, 2), \'signature\': {\'hash\': b"\\x87\\x9a\\\\\'&;\\xcacI\\xab\\x85\\x90Q\\x87e\\x16u\\xfaG#", \'keyId\': 7405399937661272081}}, \'operationTime\': Timestamp(1724204135, 2)}')
unit-config-server-0: 01:35:48 ERROR unit.config-server/0.juju-log config-server:4: Failed to add shard shard-two to the config server, error=OperationFailure("Authentication failed., full error: {'ok': 0.0, 'errmsg': 'Authentication failed.', 'code': 18, 'codeName': 'AuthenticationFailed', '$clusterTime': {'clusterTime': Timestamp(1724204147, 1), 'signature': {'hash': b'\\x91$\\nT)\\xdf\\xad$?O.\\x0c\\xee\\x1e\\xe0\\xe3\\xd6\\x02\\xba\\xad', 'keyId': 7405399937661272081}}, 'operationTime': Timestamp(1724204147, 1)}")
unit-config-server-0: 01:35:49 ERROR unit.config-server/0.juju-log config-server:4: shard-two shard does not have the same auth as the config server.
unit-shard-one-1: 01:39:24 ERROR unit.shard-one/1.juju-log certificates:5: Non-existing secret unit:int-cert-secret was attempted to be removed.
unit-shard-two-0: 01:39:25 ERROR unit.shard-two/0.juju-log certificates:6: Non-existing secret unit:int-cert-secret was attempted to be removed.
unit-config-server-0: 01:39:25 ERROR unit.config-server/0.juju-log certificates:7: Non-existing secret unit:int-cert-secret was attempted to be removed.
unit-shard-one-0: 01:39:25 ERROR unit.shard-one/0.juju-log certificates:5: Non-existing secret unit:int-cert-secret was attempted to be removed.
unit-shard-one-1: 01:39:25 ERROR unit.shard-one/1.juju-log certificates:5: Non-existing secret unit:ext-cert-secret was attempted to be removed.
unit-shard-one-2: 01:39:25 ERROR unit.shard-one/2.juju-log certificates:5: Non-existing secret unit:int-cert-secret was attempted to be removed.
unit-config-server-1: 01:39:25 ERROR unit.config-server/1.juju-log certificates:7: Non-existing secret unit:int-cert-secret was attempted to be removed.
unit-config-server-0: 01:39:25 ERROR unit.config-server/0.juju-log certificates:7: Non-existing secret unit:ext-cert-secret was attempted to be removed.
unit-shard-two-0: 01:39:25 ERROR unit.shard-two/0.juju-log certificates:6: Non-existing secret unit:ext-cert-secret was attempted to be removed.
unit-shard-one-2: 01:39:26 ERROR unit.shard-one/2.juju-log certificates:5: Non-existing secret unit:ext-cert-secret was attempted to be removed.
unit-config-server-1: 01:39:26 ERROR unit.config-server/1.juju-log certificates:7: Non-existing secret unit:ext-cert-secret was attempted to be removed.
unit-shard-one-0: 01:39:26 ERROR unit.shard-one/0.juju-log certificates:5: Non-existing secret unit:ext-cert-secret was attempted to be removed.
unit-config-server-1: 01:39:37 ERROR unit.config-server/1.juju-log certificates:7: This operation (update_relation_data()) can only be performed by the leader unit
unit-config-server-1: 01:39:37 ERROR unit.config-server/1.juju-log certificates:7: This operation (update_relation_data()) can only be performed by the leader unit
unit-shard-one-0: 01:39:45 ERROR unit.shard-one/0.juju-log certificates:5: Uncaught exception while in charm code:
Traceback (most recent call last):
  File "/var/lib/juju/agents/unit-shard-one-0/charm/venv/pymongo/pool.py", line 989, in command
    return command(
  File "/var/lib/juju/agents/unit-shard-one-0/charm/venv/pymongo/network.py", line 202, in command
    reply = receive_message(conn, request_id)
  File "/var/lib/juju/agents/unit-shard-one-0/charm/venv/pymongo/network.py", line 317, in receive_message
    length, _, response_to, op_code = _UNPACK_HEADER(_receive_data_on_socket(conn, 16, deadline))
  File "/var/lib/juju/agents/unit-shard-one-0/charm/venv/pymongo/network.py", line 408, in _receive_data_on_socket
    raise OSError("connection closed")
OSError: connection closed

The above exception was the direct cause of the following exception:

Traceback (most recent call last):
  File "/var/lib/juju/agents/unit-shard-one-0/charm/./src/charm.py", line 1555, in <module>
    main(MongoDBCharm)
  File "/var/lib/juju/agents/unit-shard-one-0/charm/venv/ops/main.py", line 551, in main
    manager.run()
  File "/var/lib/juju/agents/unit-shard-one-0/charm/venv/ops/main.py", line 530, in run
    self._emit()
  File "/var/lib/juju/agents/unit-shard-one-0/charm/venv/ops/main.py", line 519, in _emit
    _emit_charm_event(self.charm, self.dispatcher.event_name)
  File "/var/lib/juju/agents/unit-shard-one-0/charm/venv/ops/main.py", line 147, in _emit_charm_event
    event_to_emit.emit(*args, **kwargs)
  File "/var/lib/juju/agents/unit-shard-one-0/charm/venv/ops/framework.py", line 348, in emit
    framework._emit(event)
  File "/var/lib/juju/agents/unit-shard-one-0/charm/venv/ops/framework.py", line 860, in _emit
    self._reemit(event_path)
  File "/var/lib/juju/agents/unit-shard-one-0/charm/venv/ops/framework.py", line 950, in _reemit
    custom_handler(event)
  File "/var/lib/juju/agents/unit-shard-one-0/charm/lib/charms/tls_certificates_interface/v3/tls_certificates.py", line 1911, in _on_relation_changed
    self.on.certificate_available.emit(
  File "/var/lib/juju/agents/unit-shard-one-0/charm/venv/ops/framework.py", line 348, in emit
    framework._emit(event)
  File "/var/lib/juju/agents/unit-shard-one-0/charm/venv/ops/framework.py", line 860, in _emit
    self._reemit(event_path)
  File "/var/lib/juju/agents/unit-shard-one-0/charm/venv/ops/framework.py", line 950, in _reemit
    custom_handler(event)
  File "/var/lib/juju/agents/unit-shard-one-0/charm/lib/charms/mongodb/v1/mongodb_tls.py", line 228, in _on_certificate_available
    self.charm.restart_charm_services()
  File "/var/lib/juju/agents/unit-shard-one-0/charm/./src/charm.py", line 1215, in restart_charm_services
    self._connect_pbm_agent()
  File "/var/lib/juju/agents/unit-shard-one-0/charm/./src/charm.py", line 1359, in _connect_pbm_agent
    self.has_config_server() and self.shard._is_added_to_cluster()
  File "/var/lib/juju/agents/unit-shard-one-0/charm/lib/charms/mongodb/v1/shards_interface.py", line 1102, in _is_added_to_cluster
    cluster_shards = self.get_shard_members()
  File "/var/lib/juju/agents/unit-shard-one-0/charm/lib/charms/mongodb/v1/shards_interface.py", line 1151, in get_shard_members
    return mongo.get_shard_members()
  File "/var/lib/juju/agents/unit-shard-one-0/charm/lib/charms/mongodb/v1/mongos.py", line 158, in get_shard_members
    shard_list = self.client.admin.command("listShards")
  File "/var/lib/juju/agents/unit-shard-one-0/charm/venv/pymongo/_csot.py", line 108, in csot_wrapper
    return func(self, *args, **kwargs)
  File "/var/lib/juju/agents/unit-shard-one-0/charm/venv/pymongo/database.py", line 897, in command
    return self._command(
  File "/var/lib/juju/agents/unit-shard-one-0/charm/venv/pymongo/database.py", line 737, in _command
    return conn.command(
  File "/var/lib/juju/agents/unit-shard-one-0/charm/venv/pymongo/helpers.py", line 342, in inner
    return func(*args, **kwargs)
  File "/var/lib/juju/agents/unit-shard-one-0/charm/venv/pymongo/pool.py", line 1017, in command
    self._raise_connection_failure(error)
  File "/var/lib/juju/agents/unit-shard-one-0/charm/venv/pymongo/pool.py", line 1214, in _raise_connection_failure
    _raise_connection_failure(self.address, error, timeout_details=details)
  File "/var/lib/juju/agents/unit-shard-one-0/charm/venv/pymongo/pool.py", line 427, in _raise_connection_failure
    raise AutoReconnect(msg) from error
pymongo.errors.AutoReconnect: config-server-0.config-server-endpoints:27018: connection closed (configured timeouts: connectTimeoutMS: 2000.0ms)
unit-shard-one-0: 01:39:46 ERROR juju.worker.uniter.operation hook "certificates-relation-changed" (via hook dispatching script: dispatch) failed: exit status 1
unit-config-server-1: 01:39:51 ERROR unit.config-server/1.juju-log This operation (update_relation_data()) can only be performed by the leader unit
unit-config-server-1: 01:39:51 ERROR unit.config-server/1.juju-log This operation (update_relation_data()) can only be performed by the leader unit
unit-shard-one-0: 01:40:33 ERROR unit.shard-one/0.juju-log Unable to access primary due to: No replica set members match selector "Primary()", Timeout: 1.0s, Topology Description: <TopologyDescription id: 66c54590342c752fec1d6fb3, topology_type: ReplicaSetNoPrimary, servers: [<ServerDescription ('shard-one-0.shard-one-endpoints', 27017) server_type: RSSecondary, rtt: 0.0019101039999895875>, <ServerDescription ('shard-one-1.shard-one-endpoints', 27017) server_type: RSSecondary, rtt: 0.0007744060000050013>, <ServerDescription ('shard-one-2.shard-one-endpoints', 27017) server_type: RSSecondary, rtt: 0.008139259000017773>]>
unit-shard-one-0: 01:40:36 ERROR unit.shard-one/0.juju-log Unable to access primary due to: No replica set members match selector "Primary()", Timeout: 1.0s, Topology Description: <TopologyDescription id: 66c54593481a6b0b7e1fe0e2, topology_type: ReplicaSetNoPrimary, servers: [<ServerDescription ('shard-one-0.shard-one-endpoints', 27017) server_type: RSSecondary, rtt: 0.0006624069999361382>, <ServerDescription ('shard-one-1.shard-one-endpoints', 27017) server_type: RSSecondary, rtt: 0.0005158029999847713>, <ServerDescription ('shard-one-2.shard-one-endpoints', 27017) server_type: RSSecondary, rtt: 0.001270720999968944>]>
unit-shard-one-0: 01:40:39 ERROR unit.shard-one/0.juju-log Unable to access primary due to: No replica set members match selector "Primary()", Timeout: 1.0s, Topology Description: <TopologyDescription id: 66c54596de0c0f15d2ff967b, topology_type: ReplicaSetNoPrimary, servers: [<ServerDescription ('shard-one-0.shard-one-endpoints', 27017) server_type: RSSecondary, rtt: 0.0005291459999625658>, <ServerDescription ('shard-one-1.shard-one-endpoints', 27017) server_type: Unknown, rtt: None, error=NotPrimaryError("The server is in quiesce mode and will shut down, full error: {'topologyVersion': {'processId': ObjectId('66c5458fe1077ea900007cd0'), 'counter': 4}, 'ok': 0.0, 'errmsg': 'The server is in quiesce mode and will shut down', 'code': 91, 'codeName': 'ShutdownInProgress', 'remainingQuiesceTimeMillis': 14059, 'lastCommittedOpTime': Timestamp(0, 0), '$clusterTime': {'clusterTime': Timestamp(1724204432, 1), 'signature': {'hash': b'>r\\x06e\\x0en_y\\xfcb\\xf65W\\x9ay6\\xeb\\xa8?6', 'keyId': 7405399937661272081}}, 'operationTime': Timestamp(1724204372, 2)}")>, <ServerDescription ('shard-one-2.shard-one-endpoints', 27017) server_type: RSSecondary, rtt: 0.0006488910000825854>]>
unit-shard-one-0: 01:41:51 ERROR unit.shard-one/0.juju-log certificates:5: An unknown certificate is available -- ignoring.
unit-shard-one-0: 01:41:51 ERROR unit.shard-one/0.juju-log certificates:5: An unknown certificate is available -- ignoring.
unit-shard-one-1: 01:41:53 ERROR unit.shard-one/1.juju-log certificates:5: An unknown certificate is available -- ignoring.
unit-shard-one-1: 01:41:53 ERROR unit.shard-one/1.juju-log certificates:5: An unknown certificate is available -- ignoring.
unit-shard-one-2: 01:42:12 ERROR unit.shard-one/2.juju-log certificates:5: An unknown certificate is available -- ignoring.
unit-shard-one-2: 01:42:12 ERROR unit.shard-one/2.juju-log certificates:5: An unknown certificate is available -- ignoring.
unit-shard-one-0: 01:42:13 ERROR unit.shard-one/0.juju-log certificates:5: An unknown certificate is available -- ignoring.
unit-shard-one-0: 01:42:13 ERROR unit.shard-one/0.juju-log certificates:5: An unknown certificate is available -- ignoring.
unit-shard-one-1: 01:42:14 ERROR unit.shard-one/1.juju-log certificates:5: An unknown certificate is available -- ignoring.
unit-shard-one-1: 01:42:15 ERROR unit.shard-one/1.juju-log certificates:5: An unknown certificate is available -- ignoring.
unit-shard-two-0: 01:44:04 ERROR unit.shard-two/0.juju-log certificates:6: An unknown certificate is available -- ignoring.
unit-shard-two-0: 01:44:04 ERROR unit.shard-two/0.juju-log certificates:6: An unknown certificate is available -- ignoring.
unit-config-server-0: 01:45:44 ERROR unit.config-server/0.juju-log certificates:7: An unknown certificate is available -- ignoring.
unit-config-server-0: 01:45:44 ERROR unit.config-server/0.juju-log certificates:7: An unknown certificate is available -- ignoring.
unit-config-server-1: 01:45:46 ERROR unit.config-server/1.juju-log certificates:7: An unknown certificate is available -- ignoring.
unit-config-server-1: 01:45:46 ERROR unit.config-server/1.juju-log certificates:7: An unknown certificate is available -- ignoring.
unit-config-server-1: 01:45:47 ERROR unit.config-server/1.juju-log certificates:7: An unknown certificate is available -- ignoring.
unit-config-server-1: 01:45:47 ERROR unit.config-server/1.juju-log certificates:7: An unknown certificate is available -- ignoring.
unit-config-server-1: 01:45:47 ERROR unit.config-server/1.juju-log certificates:7: This operation (update_relation_data()) can only be performed by the leader unit
unit-config-server-1: 01:45:47 ERROR unit.config-server/1.juju-log certificates:7: This operation (update_relation_data()) can only be performed by the leader unit
unit-config-server-0: 01:46:04 ERROR unit.config-server/0.juju-log certificates:7: An unknown certificate is available -- ignoring.
unit-config-server-0: 01:46:04 ERROR unit.config-server/0.juju-log certificates:7: An unknown certificate is available -- ignoring.
unit-config-server-1: 01:53:29 ERROR unit.config-server/1.juju-log certificates:7: This operation (delete_relation_data()) can only be performed by the leader unit
unit-config-server-1: 01:53:29 ERROR unit.config-server/1.juju-log certificates:7: This operation (delete_relation_data()) can only be performed by the leader unit
unit-shard-one-1: 01:53:40 ERROR juju.worker.dependency "uniter" manifold worker returned unexpected error: relation scope id "7487f428-c025-4a78-8232-687c6b33c2ae:r#5#self-signed-certificates": settings 7487f428-c025-4a78-8232-687c6b33c2ae:r#5#self-signed-certificates not found (not found)
unit-self-signed-certificates-0: 01:53:44 ERROR juju.worker.dependency "uniter" manifold worker returned unexpected error: relation scope id "7487f428-c025-4a78-8232-687c6b33c2ae:r#7#config-server": settings 7487f428-c025-4a78-8232-687c6b33c2ae:r#7#config-server not found (not found)
unit-config-server-1: 01:53:45 ERROR juju.worker.dependency "uniter" manifold worker returned unexpected error: relation scope id "7487f428-c025-4a78-8232-687c6b33c2ae:r#7#self-signed-certificates": settings 7487f428-c025-4a78-8232-687c6b33c2ae:r#7#self-signed-certificates not found (not found)
unit-config-server-0: 01:53:45 ERROR juju.worker.dependency "uniter" manifold worker returned unexpected error: relation scope id "7487f428-c025-4a78-8232-687c6b33c2ae:r#7#self-signed-certificates": settings 7487f428-c025-4a78-8232-687c6b33c2ae:r#7#self-signed-certificates not found (not found)
unit-shard-two-0: 01:53:46 ERROR unit.shard-two/0.juju-log Unable to access primary due to: shard-two-0.shard-two-endpoints:27017: [Errno 111] Connection refused (configured timeouts: socketTimeoutMS: 2000.0ms, connectTimeoutMS: 2000.0ms), Timeout: 1.0s, Topology Description: <TopologyDescription id: 66c548a9bcb6a56edf820757, topology_type: ReplicaSetNoPrimary, servers: [<ServerDescription ('shard-two-0.shard-two-endpoints', 27017) server_type: Unknown, rtt: None, error=AutoReconnect('shard-two-0.shard-two-endpoints:27017: [Errno 111] Connection refused (configured timeouts: socketTimeoutMS: 2000.0ms, connectTimeoutMS: 2000.0ms)')>]>
unit-shard-one-0: 01:53:46 ERROR unit.shard-one/0.juju-log Unable to access primary due to: shard-one-2.shard-one-endpoints:27017: [Errno 111] Connection refused (configured timeouts: socketTimeoutMS: 2000.0ms, connectTimeoutMS: 2000.0ms),shard-one-0.shard-one-endpoints:27017: [Errno 111] Connection refused (configured timeouts: socketTimeoutMS: 2000.0ms, connectTimeoutMS: 2000.0ms),shard-one-1.shard-one-endpoints:27017: [Errno 111] Connection refused (configured timeouts: socketTimeoutMS: 2000.0ms, connectTimeoutMS: 2000.0ms), Timeout: 1.0s, Topology Description: <TopologyDescription id: 66c548a9308995fb60cad0c1, topology_type: ReplicaSetNoPrimary, servers: [<ServerDescription ('shard-one-0.shard-one-endpoints', 27017) server_type: Unknown, rtt: None, error=AutoReconnect('shard-one-0.shard-one-endpoints:27017: [Errno 111] Connection refused (configured timeouts: socketTimeoutMS: 2000.0ms, connectTimeoutMS: 2000.0ms)')>, <ServerDescription ('shard-one-1.shard-one-endpoints', 27017) server_type: Unknown, rtt: None, error=AutoReconnect('shard-one-1.shard-one-endpoints:27017: [Errno 111] Connection refused (configured timeouts: socketTimeoutMS: 2000.0ms, connectTimeoutMS: 2000.0ms)')>, <ServerDescription ('shard-one-2.shard-one-endpoints', 27017) server_type: Unknown, rtt: None, error=AutoReconnect('shard-one-2.shard-one-endpoints:27017: [Errno 111] Connection refused (configured timeouts: socketTimeoutMS: 2000.0ms, connectTimeoutMS: 2000.0ms)')>]>
unit-shard-one-0: 01:53:49 ERROR unit.shard-one/0.juju-log Unable to access primary due to: shard-one-2.shard-one-endpoints:27017: [Errno 111] Connection refused (configured timeouts: socketTimeoutMS: 2000.0ms, connectTimeoutMS: 2000.0ms),shard-one-1.shard-one-endpoints:27017: [Errno 111] Connection refused (configured timeouts: socketTimeoutMS: 2000.0ms, connectTimeoutMS: 2000.0ms),shard-one-0.shard-one-endpoints:27017: [Errno 111] Connection refused (configured timeouts: socketTimeoutMS: 2000.0ms, connectTimeoutMS: 2000.0ms), Timeout: 1.0s, Topology Description: <TopologyDescription id: 66c548acd51fc0a57835c118, topology_type: ReplicaSetNoPrimary, servers: [<ServerDescription ('shard-one-0.shard-one-endpoints', 27017) server_type: Unknown, rtt: None, error=AutoReconnect('shard-one-0.shard-one-endpoints:27017: [Errno 111] Connection refused (configured timeouts: socketTimeoutMS: 2000.0ms, connectTimeoutMS: 2000.0ms)')>, <ServerDescription ('shard-one-1.shard-one-endpoints', 27017) server_type: Unknown, rtt: None, error=AutoReconnect('shard-one-1.shard-one-endpoints:27017: [Errno 111] Connection refused (configured timeouts: socketTimeoutMS: 2000.0ms, connectTimeoutMS: 2000.0ms)')>, <ServerDescription ('shard-one-2.shard-one-endpoints', 27017) server_type: Unknown, rtt: None, error=AutoReconnect('shard-one-2.shard-one-endpoints:27017: [Errno 111] Connection refused (configured timeouts: socketTimeoutMS: 2000.0ms, connectTimeoutMS: 2000.0ms)')>]>
unit-config-server-0: 01:53:52 ERROR unit.config-server/0.juju-log config-server:3: Deferring _on_relation_event for shards interface since: error=ServerSelectionTimeoutError("config-server-0.config-server-endpoints:27018: [Errno 111] Connection refused (configured timeouts: socketTimeoutMS: 2000.0ms, connectTimeoutMS: 2000.0ms),config-server-1.config-server-endpoints:27018: [Errno 111] Connection refused (configured timeouts: socketTimeoutMS: 2000.0ms, connectTimeoutMS: 2000.0ms), Timeout: 1.0s, Topology Description: <TopologyDescription id: 66c548afcf1c7e53cd288987, topology_type: Unknown, servers: [<ServerDescription ('config-server-0.config-server-endpoints', 27018) server_type: Unknown, rtt: None, error=AutoReconnect('config-server-0.config-server-endpoints:27018: [Errno 111] Connection refused (configured timeouts: socketTimeoutMS: 2000.0ms, connectTimeoutMS: 2000.0ms)')>, <ServerDescription ('config-server-1.config-server-endpoints', 27018) server_type: Unknown, rtt: None, error=AutoReconnect('config-server-1.config-server-endpoints:27018: [Errno 111] Connection refused (configured timeouts: socketTimeoutMS: 2000.0ms, connectTimeoutMS: 2000.0ms)')>]>")
unit-shard-two-0: 01:53:53 ERROR unit.shard-two/0.juju-log Unable to access primary due to: shard-two-0.shard-two-endpoints:27017: [Errno 111] Connection refused (configured timeouts: socketTimeoutMS: 2000.0ms, connectTimeoutMS: 2000.0ms), Timeout: 1.0s, Topology Description: <TopologyDescription id: 66c548b0cb5bac56125cc586, topology_type: ReplicaSetNoPrimary, servers: [<ServerDescription ('shard-two-0.shard-two-endpoints', 27017) server_type: Unknown, rtt: None, error=AutoReconnect('shard-two-0.shard-two-endpoints:27017: [Errno 111] Connection refused (configured timeouts: socketTimeoutMS: 2000.0ms, connectTimeoutMS: 2000.0ms)')>]>
unit-config-server-0: 01:53:55 ERROR unit.config-server/0.juju-log config-server:4: Deferring _on_relation_event for shards interface since: error=ServerSelectionTimeoutError("config-server-1.config-server-endpoints:27018: [Errno 111] Connection refused (configured timeouts: socketTimeoutMS: 2000.0ms, connectTimeoutMS: 2000.0ms),config-server-0.config-server-endpoints:27018: [Errno 111] Connection refused (configured timeouts: socketTimeoutMS: 2000.0ms, connectTimeoutMS: 2000.0ms), Timeout: 1.0s, Topology Description: <TopologyDescription id: 66c548b27e324fad88d28a85, topology_type: Unknown, servers: [<ServerDescription ('config-server-0.config-server-endpoints', 27018) server_type: Unknown, rtt: None, error=AutoReconnect('config-server-0.config-server-endpoints:27018: [Errno 111] Connection refused (configured timeouts: socketTimeoutMS: 2000.0ms, connectTimeoutMS: 2000.0ms)')>, <ServerDescription ('config-server-1.config-server-endpoints', 27018) server_type: Unknown, rtt: None, error=AutoReconnect('config-server-1.config-server-endpoints:27018: [Errno 111] Connection refused (configured timeouts: socketTimeoutMS: 2000.0ms, connectTimeoutMS: 2000.0ms)')>]>")
unit-shard-one-0: 01:54:06 ERROR juju.worker.uniter resolver loop error: preparing operation "run relation-departed (1; unit: shard-one/1, departee: shard-one/0) hook" for shard-one/0: secret "secret:cr2kbnva64is7b9p1etg" not found (not found)
unit-shard-one-0: 01:54:06 ERROR juju.worker.dependency "uniter" manifold worker returned unexpected error: preparing operation "run relation-departed (1; unit: shard-one/1, departee: shard-one/0) hook" for shard-one/0: secret "secret:cr2kbnva64is7b9p1etg" not found (not found)
unit-shard-two-0: 01:54:07 ERROR unit.shard-two/0.juju-log sharding:4: Uncaught exception while in charm code:
Traceback (most recent call last):
  File "/var/lib/juju/agents/unit-shard-two-0/charm/venv/ops/model.py", line 3187, in _run
    result = subprocess.run(args, **kwargs)  # type: ignore
  File "/usr/lib/python3.10/subprocess.py", line 526, in run
    raise CalledProcessError(retcode, process.args,
subprocess.CalledProcessError: Command '('/var/lib/juju/tools/unit-shard-two-0/secret-get', '--label', 'sharding.4.extra.secret', '--refresh', '--format=json')' returned non-zero exit status 1.

The above exception was the direct cause of the following exception:

Traceback (most recent call last):
  File "/var/lib/juju/agents/unit-shard-two-0/charm/venv/ops/model.py", line 3552, in secret_get
    result = self._run('secret-get', *args, return_output=True, use_json=True)
  File "/var/lib/juju/agents/unit-shard-two-0/charm/venv/ops/model.py", line 3189, in _run
    raise ModelError(e.stderr) from e
ops.model.ModelError: ERROR consumer label "sharding.4.extra.secret" not found


The above exception was the direct cause of the following exception:

Traceback (most recent call last):
  File "/var/lib/juju/agents/unit-shard-two-0/charm/./src/charm.py", line 1555, in <module>
    main(MongoDBCharm)
  File "/var/lib/juju/agents/unit-shard-two-0/charm/venv/ops/main.py", line 551, in main
    manager.run()
  File "/var/lib/juju/agents/unit-shard-two-0/charm/venv/ops/main.py", line 530, in run
    self._emit()
  File "/var/lib/juju/agents/unit-shard-two-0/charm/venv/ops/main.py", line 516, in _emit
    self.framework.reemit()
  File "/var/lib/juju/agents/unit-shard-two-0/charm/venv/ops/framework.py", line 870, in reemit
    self._reemit()
  File "/var/lib/juju/agents/unit-shard-two-0/charm/venv/ops/framework.py", line 950, in _reemit
    custom_handler(event)
  File "/var/lib/juju/agents/unit-shard-two-0/charm/lib/charms/mongodb/v1/shards_interface.py", line 610, in _handle_changed_secrets
    (operator_password, backup_password) = self.get_cluster_passwords(
  File "/var/lib/juju/agents/unit-shard-two-0/charm/lib/charms/mongodb/v1/shards_interface.py", line 651, in get_cluster_passwords
    operator_password = self.database_requires.fetch_relation_field(
  File "/var/lib/juju/agents/unit-shard-two-0/charm/lib/charms/data_platform_libs/v0/data_interfaces.py", line 1350, in fetch_relation_field
    self.fetch_relation_data([relation_id], [field], relation_name)
  File "/var/lib/juju/agents/unit-shard-two-0/charm/lib/charms/data_platform_libs/v0/data_interfaces.py", line 1342, in fetch_relation_data
    data[relation.id] = self._fetch_specific_relation_data(relation, fields)
  File "/var/lib/juju/agents/unit-shard-two-0/charm/lib/charms/data_platform_libs/v0/data_interfaces.py", line 1818, in _fetch_specific_relation_data
    return self._fetch_relation_data_with_secrets(
  File "/var/lib/juju/agents/unit-shard-two-0/charm/lib/charms/data_platform_libs/v0/data_interfaces.py", line 1242, in _fetch_relation_data_with_secrets
    result, normal_fields = self._process_secret_fields(
  File "/var/lib/juju/agents/unit-shard-two-0/charm/lib/charms/data_platform_libs/v0/data_interfaces.py", line 1186, in _process_secret_fields
    if group_result := operation(relation, group, secret_fields, *args, **kwargs):
  File "/var/lib/juju/agents/unit-shard-two-0/charm/lib/charms/data_platform_libs/v0/data_interfaces.py", line 1120, in _get_group_secret_contents
    secret_data := secret.get_content()
  File "/var/lib/juju/agents/unit-shard-two-0/charm/lib/charms/data_platform_libs/v0/data_interfaces.py", line 746, in get_content
    self._secret_content = self.meta.get_content(refresh=True)
  File "/var/lib/juju/agents/unit-shard-two-0/charm/venv/ops/model.py", line 1392, in get_content
    self._content = self._backend.secret_get(id=self.id, label=self.label, refresh=refresh)
  File "/var/lib/juju/agents/unit-shard-two-0/charm/venv/ops/model.py", line 3555, in secret_get
    raise SecretNotFoundError() from e
ops.model.SecretNotFoundError
unit-shard-two-0: 01:54:08 ERROR juju.worker.uniter.operation hook "sharding-relation-departed" (via hook dispatching script: dispatch) failed: exit status 1
unit-config-server-0: 01:54:24 ERROR juju.worker.dependency "uniter" manifold worker returned unexpected error: relation scope id "7487f428-c025-4a78-8232-687c6b33c2ae:r#0#config-server": settings 7487f428-c025-4a78-8232-687c6b33c2ae:r#0#config-server not found (not found)
unit-shard-one-2: 01:54:25 ERROR unit.shard-one/2.juju-log shard-one/2.is_unit_in_replica_set PyMongoError=No replica set members match selector "Primary()", Timeout: 1.0s, Topology Description: <TopologyDescription id: 66c548d076df2fbf4cf728b6, topology_type: ReplicaSetNoPrimary, servers: [<ServerDescription ('shard-one-2.shard-one-endpoints', 27017) server_type: RSGhost, rtt: 0.0009824439998737944>]>
unit-config-server-0: 01:54:29 ERROR unit.config-server/0.juju-log Failed to create the operator user: non-zero exit code 1 executing ['/usr/bin/mongosh', 'mongodb://localhost/admin', '--quiet', '--eval', "db.createUser({  user: 'operator',  pwd: passwordPrompt(),  roles:[    {'role': 'userAdminAnyDatabase', 'db': 'admin'},     {'role': 'readWriteAnyDatabase', 'db': 'admin'},     {'role': 'clusterAdmin', 'db': 'admin'},   ],  mechanisms: ['SCRAM-SHA-256'],  passwordDigestor: 'server',})"], stdout='Enter password\n********************************', stderr='MongoServerError: command createUser requires authentication\n'
Traceback (most recent call last):
  File "/var/lib/juju/agents/unit-config-server-0/charm/./src/charm.py", line 926, in _init_operator_user
    process.wait_output()
  File "/var/lib/juju/agents/unit-config-server-0/charm/venv/ops/pebble.py", line 1771, in wait_output
    raise ExecError[AnyStr](self._command, exit_code, out_value, err_value)
ops.pebble.ExecError: non-zero exit code 1 executing ['/usr/bin/mongosh', 'mongodb://localhost/admin', '--quiet', '--eval', "db.createUser({  user: 'operator',  pwd: passwordPrompt(),  roles:[    {'role': 'userAdminAnyDatabase', 'db': 'admin'},     {'role': 'readWriteAnyDatabase', 'db': 'admin'},     {'role': 'clusterAdmin', 'db': 'admin'},   ],  mechanisms: ['SCRAM-SHA-256'],  passwordDigestor: 'server',})"], stdout='Enter password\n********************************', stderr='MongoServerError: command createUser requires authentication\n'
unit-config-server-0: 01:54:34 ERROR unit.config-server/0.juju-log Failed to create the operator user: non-zero exit code 1 executing ['/usr/bin/mongosh', 'mongodb://localhost/admin', '--quiet', '--eval', "db.createUser({  user: 'operator',  pwd: passwordPrompt(),  roles:[    {'role': 'userAdminAnyDatabase', 'db': 'admin'},     {'role': 'readWriteAnyDatabase', 'db': 'admin'},     {'role': 'clusterAdmin', 'db': 'admin'},   ],  mechanisms: ['SCRAM-SHA-256'],  passwordDigestor: 'server',})"], stdout='Enter password\n********************************', stderr='MongoServerError: command createUser requires authentication\n'
Traceback (most recent call last):
  File "/var/lib/juju/agents/unit-config-server-0/charm/./src/charm.py", line 926, in _init_operator_user
    process.wait_output()
  File "/var/lib/juju/agents/unit-config-server-0/charm/venv/ops/pebble.py", line 1771, in wait_output
    raise ExecError[AnyStr](self._command, exit_code, out_value, err_value)
ops.pebble.ExecError: non-zero exit code 1 executing ['/usr/bin/mongosh', 'mongodb://localhost/admin', '--quiet', '--eval', "db.createUser({  user: 'operator',  pwd: passwordPrompt(),  roles:[    {'role': 'userAdminAnyDatabase', 'db': 'admin'},     {'role': 'readWriteAnyDatabase', 'db': 'admin'},     {'role': 'clusterAdmin', 'db': 'admin'},   ],  mechanisms: ['SCRAM-SHA-256'],  passwordDigestor: 'server',})"], stdout='Enter password\n********************************', stderr='MongoServerError: command createUser requires authentication\n'
unit-config-server-0: 01:54:40 ERROR unit.config-server/0.juju-log Failed to create the operator user: non-zero exit code 1 executing ['/usr/bin/mongosh', 'mongodb://localhost/admin', '--quiet', '--eval', "db.createUser({  user: 'operator',  pwd: passwordPrompt(),  roles:[    {'role': 'userAdminAnyDatabase', 'db': 'admin'},     {'role': 'readWriteAnyDatabase', 'db': 'admin'},     {'role': 'clusterAdmin', 'db': 'admin'},   ],  mechanisms: ['SCRAM-SHA-256'],  passwordDigestor: 'server',})"], stdout='Enter password\n********************************', stderr='MongoServerError: command createUser requires authentication\n'
Traceback (most recent call last):
  File "/var/lib/juju/agents/unit-config-server-0/charm/./src/charm.py", line 926, in _init_operator_user
    process.wait_output()
  File "/var/lib/juju/agents/unit-config-server-0/charm/venv/ops/pebble.py", line 1771, in wait_output
    raise ExecError[AnyStr](self._command, exit_code, out_value, err_value)
ops.pebble.ExecError: non-zero exit code 1 executing ['/usr/bin/mongosh', 'mongodb://localhost/admin', '--quiet', '--eval', "db.createUser({  user: 'operator',  pwd: passwordPrompt(),  roles:[    {'role': 'userAdminAnyDatabase', 'db': 'admin'},     {'role': 'readWriteAnyDatabase', 'db': 'admin'},     {'role': 'clusterAdmin', 'db': 'admin'},   ],  mechanisms: ['SCRAM-SHA-256'],  passwordDigestor: 'server',})"], stdout='Enter password\n********************************', stderr='MongoServerError: command createUser requires authentication\n'
unit-config-server-0: 01:54:40 ERROR unit.config-server/0.juju-log Deferring on_start: Failed to create operator user.
unit-config-server-0: 01:55:10 ERROR unit.config-server/0.juju-log Failed to create the operator user: non-zero exit code 1 executing ['/usr/bin/mongosh', 'mongodb://localhost/admin', '--quiet', '--eval', "db.createUser({  user: 'operator',  pwd: passwordPrompt(),  roles:[    {'role': 'userAdminAnyDatabase', 'db': 'admin'},     {'role': 'readWriteAnyDatabase', 'db': 'admin'},     {'role': 'clusterAdmin', 'db': 'admin'},   ],  mechanisms: ['SCRAM-SHA-256'],  passwordDigestor: 'server',})"], stdout='Enter password\n********************************', stderr='MongoServerError: command createUser requires authentication\n'
Traceback (most recent call last):
  File "/var/lib/juju/agents/unit-config-server-0/charm/./src/charm.py", line 926, in _init_operator_user
    process.wait_output()
  File "/var/lib/juju/agents/unit-config-server-0/charm/venv/ops/pebble.py", line 1771, in wait_output
    raise ExecError[AnyStr](self._command, exit_code, out_value, err_value)
ops.pebble.ExecError: non-zero exit code 1 executing ['/usr/bin/mongosh', 'mongodb://localhost/admin', '--quiet', '--eval', "db.createUser({  user: 'operator',  pwd: passwordPrompt(),  roles:[    {'role': 'userAdminAnyDatabase', 'db': 'admin'},     {'role': 'readWriteAnyDatabase', 'db': 'admin'},     {'role': 'clusterAdmin', 'db': 'admin'},   ],  mechanisms: ['SCRAM-SHA-256'],  passwordDigestor: 'server',})"], stdout='Enter password\n********************************', stderr='MongoServerError: command createUser requires authentication\n'
unit-config-server-0: 01:55:16 ERROR unit.config-server/0.juju-log Failed to create the operator user: non-zero exit code 1 executing ['/usr/bin/mongosh', 'mongodb://localhost/admin', '--quiet', '--eval', "db.createUser({  user: 'operator',  pwd: passwordPrompt(),  roles:[    {'role': 'userAdminAnyDatabase', 'db': 'admin'},     {'role': 'readWriteAnyDatabase', 'db': 'admin'},     {'role': 'clusterAdmin', 'db': 'admin'},   ],  mechanisms: ['SCRAM-SHA-256'],  passwordDigestor: 'server',})"], stdout='Enter password\n********************************', stderr='MongoServerError: command createUser requires authentication\n'
Traceback (most recent call last):
  File "/var/lib/juju/agents/unit-config-server-0/charm/./src/charm.py", line 926, in _init_operator_user
    process.wait_output()
  File "/var/lib/juju/agents/unit-config-server-0/charm/venv/ops/pebble.py", line 1771, in wait_output
    raise ExecError[AnyStr](self._command, exit_code, out_value, err_value)
ops.pebble.ExecError: non-zero exit code 1 executing ['/usr/bin/mongosh', 'mongodb://localhost/admin', '--quiet', '--eval', "db.createUser({  user: 'operator',  pwd: passwordPrompt(),  roles:[    {'role': 'userAdminAnyDatabase', 'db': 'admin'},     {'role': 'readWriteAnyDatabase', 'db': 'admin'},     {'role': 'clusterAdmin', 'db': 'admin'},   ],  mechanisms: ['SCRAM-SHA-256'],  passwordDigestor: 'server',})"], stdout='Enter password\n********************************', stderr='MongoServerError: command createUser requires authentication\n'
unit-config-server-0: 01:55:21 ERROR unit.config-server/0.juju-log Failed to create the operator user: non-zero exit code 1 executing ['/usr/bin/mongosh', 'mongodb://localhost/admin', '--quiet', '--eval', "db.createUser({  user: 'operator',  pwd: passwordPrompt(),  roles:[    {'role': 'userAdminAnyDatabase', 'db': 'admin'},     {'role': 'readWriteAnyDatabase', 'db': 'admin'},     {'role': 'clusterAdmin', 'db': 'admin'},   ],  mechanisms: ['SCRAM-SHA-256'],  passwordDigestor: 'server',})"], stdout='Enter password\n********************************', stderr='MongoServerError: command createUser requires authentication\n'
Traceback (most recent call last):
  File "/var/lib/juju/agents/unit-config-server-0/charm/./src/charm.py", line 926, in _init_operator_user
    process.wait_output()
  File "/var/lib/juju/agents/unit-config-server-0/charm/venv/ops/pebble.py", line 1771, in wait_output
    raise ExecError[AnyStr](self._command, exit_code, out_value, err_value)
ops.pebble.ExecError: non-zero exit code 1 executing ['/usr/bin/mongosh', 'mongodb://localhost/admin', '--quiet', '--eval', "db.createUser({  user: 'operator',  pwd: passwordPrompt(),  roles:[    {'role': 'userAdminAnyDatabase', 'db': 'admin'},     {'role': 'readWriteAnyDatabase', 'db': 'admin'},     {'role': 'clusterAdmin', 'db': 'admin'},   ],  mechanisms: ['SCRAM-SHA-256'],  passwordDigestor: 'server',})"], stdout='Enter password\n********************************', stderr='MongoServerError: command createUser requires authentication\n'
unit-config-server-0: 01:55:21 ERROR unit.config-server/0.juju-log Deferring on_start: Failed to create operator user.
unit-shard-one-1: 01:57:04 ERROR unit.shard-one/1.juju-log certificates:11: Non-existing secret unit:int-cert-secret was attempted to be removed.
unit-shard-one-2: 01:57:04 ERROR unit.shard-one/2.juju-log certificates:11: Non-existing secret unit:int-cert-secret was attempted to be removed.
unit-shard-one-2: 01:57:05 ERROR unit.shard-one/2.juju-log certificates:11: Non-existing secret unit:ext-cert-secret was attempted to be removed.
unit-shard-one-1: 01:57:06 ERROR unit.shard-one/1.juju-log certificates:11: Non-existing secret unit:ext-cert-secret was attempted to be removed.
unit-shard-two-0: 01:57:06 ERROR unit.shard-two/0.juju-log certificates:12: Non-existing secret unit:int-cert-secret was attempted to be removed.
unit-shard-one-0: 01:57:06 ERROR unit.shard-one/0.juju-log certificates:11: Non-existing secret unit:int-cert-secret was attempted to be removed.
unit-config-server-0: 01:57:06 ERROR unit.config-server/0.juju-log certificates:13: Non-existing secret unit:int-cert-secret was attempted to be removed.
unit-shard-two-0: 01:57:06 ERROR unit.shard-two/0.juju-log certificates:12: Non-existing secret unit:ext-cert-secret was attempted to be removed.
unit-config-server-1: 01:57:06 ERROR unit.config-server/1.juju-log certificates:13: Non-existing secret unit:int-cert-secret was attempted to be removed.
unit-shard-one-0: 01:57:07 ERROR unit.shard-one/0.juju-log certificates:11: Non-existing secret unit:ext-cert-secret was attempted to be removed.
unit-config-server-0: 01:57:07 ERROR unit.config-server/0.juju-log certificates:13: Non-existing secret unit:ext-cert-secret was attempted to be removed.
unit-config-server-1: 01:57:07 ERROR unit.config-server/1.juju-log certificates:13: Non-existing secret unit:ext-cert-secret was attempted to be removed.
unit-config-server-0: 01:58:31 ERROR unit.config-server/0.juju-log config-server:15: Failed to add shard shard-one to the config server, error=OperationFailure('Could not find user "O=config-server,x500UniqueIdentifier=754caed0-7464-4061-8eeb-9c31afd86ebd,CN=config-server" for db "$external", full error: {\'ok\': 0.0, \'errmsg\': \'Could not find user "O=config-server,x500UniqueIdentifier=754caed0-7464-4061-8eeb-9c31afd86ebd,CN=config-server" for db "$external"\', \'code\': 11, \'codeName\': \'UserNotFound\', \'$clusterTime\': {\'clusterTime\': Timestamp(1724205510, 2), \'signature\': {\'hash\': b\'\\x970\\xa4\\x1b-\\x9e\\x864\\x87\\xbc\\xbc\\x08\\xd4PBl\\xd4\\xb9\\x1d\\xd5\', \'keyId\': 7405405671442612249}}, \'operationTime\': Timestamp(1724205510, 2)}')
unit-config-server-0: 01:58:31 ERROR unit.config-server/0.juju-log config-server:15: Failed to add shard-one to cluster
unit-config-server-0: 01:58:31 ERROR unit.config-server/0.juju-log config-server:15: Deferring _on_relation_event for shards interface since: error=OperationFailure('Could not find user "O=config-server,x500UniqueIdentifier=754caed0-7464-4061-8eeb-9c31afd86ebd,CN=config-server" for db "$external", full error: {\'ok\': 0.0, \'errmsg\': \'Could not find user "O=config-server,x500UniqueIdentifier=754caed0-7464-4061-8eeb-9c31afd86ebd,CN=config-server" for db "$external"\', \'code\': 11, \'codeName\': \'UserNotFound\', \'$clusterTime\': {\'clusterTime\': Timestamp(1724205510, 2), \'signature\': {\'hash\': b\'\\x970\\xa4\\x1b-\\x9e\\x864\\x87\\xbc\\xbc\\x08\\xd4PBl\\xd4\\xb9\\x1d\\xd5\', \'keyId\': 7405405671442612249}}, \'operationTime\': Timestamp(1724205510, 2)}')
unit-config-server-0: 01:58:33 ERROR unit.config-server/0.juju-log config-server:14: Failed to add shard shard-one to the config server, error=OperationFailure('Could not find user "O=config-server,x500UniqueIdentifier=754caed0-7464-4061-8eeb-9c31afd86ebd,CN=config-server" for db "$external", full error: {\'ok\': 0.0, \'errmsg\': \'Could not find user "O=config-server,x500UniqueIdentifier=754caed0-7464-4061-8eeb-9c31afd86ebd,CN=config-server" for db "$external"\', \'code\': 11, \'codeName\': \'UserNotFound\', \'$clusterTime\': {\'clusterTime\': Timestamp(1724205512, 3), \'signature\': {\'hash\': b\'\\xcd\\xb8\\xc9\\x05\\xe2O\\xc0d\\x00,\\xc5\\xef\\xab6_\\x9f\\xa9\\xe03\\\\\', \'keyId\': 7405405671442612249}}, \'operationTime\': Timestamp(1724205512, 3)}')
unit-config-server-0: 01:58:33 ERROR unit.config-server/0.juju-log config-server:14: Failed to add shard-one to cluster
unit-config-server-0: 01:58:33 ERROR unit.config-server/0.juju-log config-server:14: Deferring _on_relation_event for shards interface since: error=OperationFailure('Could not find user "O=config-server,x500UniqueIdentifier=754caed0-7464-4061-8eeb-9c31afd86ebd,CN=config-server" for db "$external", full error: {\'ok\': 0.0, \'errmsg\': \'Could not find user "O=config-server,x500UniqueIdentifier=754caed0-7464-4061-8eeb-9c31afd86ebd,CN=config-server" for db "$external"\', \'code\': 11, \'codeName\': \'UserNotFound\', \'$clusterTime\': {\'clusterTime\': Timestamp(1724205512, 3), \'signature\': {\'hash\': b\'\\xcd\\xb8\\xc9\\x05\\xe2O\\xc0d\\x00,\\xc5\\xef\\xab6_\\x9f\\xa9\\xe03\\\\\', \'keyId\': 7405405671442612249}}, \'operationTime\': Timestamp(1724205512, 3)}')
unit-config-server-0: 01:58:33 ERROR unit.config-server/0.juju-log config-server:14: Failed to add shard shard-one to the config server, error=OperationFailure('Could not find user "O=config-server,x500UniqueIdentifier=754caed0-7464-4061-8eeb-9c31afd86ebd,CN=config-server" for db "$external", full error: {\'ok\': 0.0, \'errmsg\': \'Could not find user "O=config-server,x500UniqueIdentifier=754caed0-7464-4061-8eeb-9c31afd86ebd,CN=config-server" for db "$external"\', \'code\': 11, \'codeName\': \'UserNotFound\', \'$clusterTime\': {\'clusterTime\': Timestamp(1724205512, 3), \'signature\': {\'hash\': b\'\\xcd\\xb8\\xc9\\x05\\xe2O\\xc0d\\x00,\\xc5\\xef\\xab6_\\x9f\\xa9\\xe03\\\\\', \'keyId\': 7405405671442612249}}, \'operationTime\': Timestamp(1724205512, 3)}')
unit-config-server-0: 01:58:33 ERROR unit.config-server/0.juju-log config-server:14: Failed to add shard-one to cluster
unit-config-server-0: 01:58:33 ERROR unit.config-server/0.juju-log config-server:14: Deferring _on_relation_event for shards interface since: error=OperationFailure('Could not find user "O=config-server,x500UniqueIdentifier=754caed0-7464-4061-8eeb-9c31afd86ebd,CN=config-server" for db "$external", full error: {\'ok\': 0.0, \'errmsg\': \'Could not find user "O=config-server,x500UniqueIdentifier=754caed0-7464-4061-8eeb-9c31afd86ebd,CN=config-server" for db "$external"\', \'code\': 11, \'codeName\': \'UserNotFound\', \'$clusterTime\': {\'clusterTime\': Timestamp(1724205512, 3), \'signature\': {\'hash\': b\'\\xcd\\xb8\\xc9\\x05\\xe2O\\xc0d\\x00,\\xc5\\xef\\xab6_\\x9f\\xa9\\xe03\\\\\', \'keyId\': 7405405671442612249}}, \'operationTime\': Timestamp(1724205512, 3)}')
unit-shard-one-2: 01:58:44 ERROR unit.shard-one/2.juju-log certificates:11: An unknown certificate is available -- ignoring.
unit-shard-one-2: 01:58:44 ERROR unit.shard-one/2.juju-log certificates:11: An unknown certificate is available -- ignoring.
unit-shard-one-1: 01:58:48 ERROR unit.shard-one/1.juju-log certificates:11: An unknown certificate is available -- ignoring.
unit-shard-one-1: 01:58:48 ERROR unit.shard-one/1.juju-log certificates:11: An unknown certificate is available -- ignoring.
unit-config-server-0: 01:58:49 ERROR unit.config-server/0.juju-log config-server:14: Failed to add shard shard-one to the config server, error=OperationFailure('Could not find host matching read preference { mode: "primary" } for set shard-one, full error: {\'ok\': 0.0, \'errmsg\': \'Could not find host matching read preference { mode: "primary" } for set shard-one\', \'code\': 133, \'codeName\': \'FailedToSatisfyReadPreference\', \'$clusterTime\': {\'clusterTime\': Timestamp(1724205529, 1), \'signature\': {\'hash\': b\'\\x01\\xe5x\\xc7H@\\xaa\\xcd\\x1f3<\\x1buf)\\xb5qn\\x0f%\', \'keyId\': 7405405671442612249}}, \'operationTime\': Timestamp(1724205529, 1)}')
unit-config-server-0: 01:58:49 ERROR unit.config-server/0.juju-log config-server:14: Failed to add shard-one to cluster
unit-config-server-0: 01:58:49 ERROR unit.config-server/0.juju-log config-server:14: Deferring _on_relation_event for shards interface since: error=OperationFailure('Could not find host matching read preference { mode: "primary" } for set shard-one, full error: {\'ok\': 0.0, \'errmsg\': \'Could not find host matching read preference { mode: "primary" } for set shard-one\', \'code\': 133, \'codeName\': \'FailedToSatisfyReadPreference\', \'$clusterTime\': {\'clusterTime\': Timestamp(1724205529, 1), \'signature\': {\'hash\': b\'\\x01\\xe5x\\xc7H@\\xaa\\xcd\\x1f3<\\x1buf)\\xb5qn\\x0f%\', \'keyId\': 7405405671442612249}}, \'operationTime\': Timestamp(1724205529, 1)}')
unit-shard-one-0: 01:58:58 ERROR unit.shard-one/0.juju-log certificates:11: An unknown certificate is available -- ignoring.
unit-shard-one-0: 01:58:58 ERROR unit.shard-one/0.juju-log certificates:11: An unknown certificate is available -- ignoring.
unit-config-server-0: 01:59:04 ERROR unit.config-server/0.juju-log config-server:15: Failed to add shard shard-two to the config server, error=OperationFailure('Could not find user "O=config-server,x500UniqueIdentifier=754caed0-7464-4061-8eeb-9c31afd86ebd,CN=config-server" for db "$external", full error: {\'ok\': 0.0, \'errmsg\': \'Could not find user "O=config-server,x500UniqueIdentifier=754caed0-7464-4061-8eeb-9c31afd86ebd,CN=config-server" for db "$external"\', \'code\': 11, \'codeName\': \'UserNotFound\', \'$clusterTime\': {\'clusterTime\': Timestamp(1724205542, 6), \'signature\': {\'hash\': b\'\\xa7\\xcd\\xf8[\\xffs\\xe0\\xe0]\\x02\\x10p\\x92?\\\\l\\xdfI\\xb9\\xe2\', \'keyId\': 7405405671442612249}}, \'operationTime\': Timestamp(1724205542, 6)}')
unit-config-server-0: 01:59:04 ERROR unit.config-server/0.juju-log config-server:15: Failed to add shard-two to cluster
unit-config-server-0: 01:59:04 ERROR unit.config-server/0.juju-log config-server:15: Deferring _on_relation_event for shards interface since: error=OperationFailure('Could not find user "O=config-server,x500UniqueIdentifier=754caed0-7464-4061-8eeb-9c31afd86ebd,CN=config-server" for db "$external", full error: {\'ok\': 0.0, \'errmsg\': \'Could not find user "O=config-server,x500UniqueIdentifier=754caed0-7464-4061-8eeb-9c31afd86ebd,CN=config-server" for db "$external"\', \'code\': 11, \'codeName\': \'UserNotFound\', \'$clusterTime\': {\'clusterTime\': Timestamp(1724205542, 6), \'signature\': {\'hash\': b\'\\xa7\\xcd\\xf8[\\xffs\\xe0\\xe0]\\x02\\x10p\\x92?\\\\l\\xdfI\\xb9\\xe2\', \'keyId\': 7405405671442612249}}, \'operationTime\': Timestamp(1724205542, 6)}')
unit-config-server-0: 01:59:06 ERROR unit.config-server/0.juju-log config-server:14: Failed to add shard shard-two to the config server, error=OperationFailure('Could not find user "O=config-server,x500UniqueIdentifier=754caed0-7464-4061-8eeb-9c31afd86ebd,CN=config-server" for db "$external", full error: {\'ok\': 0.0, \'errmsg\': \'Could not find user "O=config-server,x500UniqueIdentifier=754caed0-7464-4061-8eeb-9c31afd86ebd,CN=config-server" for db "$external"\', \'code\': 11, \'codeName\': \'UserNotFound\', \'$clusterTime\': {\'clusterTime\': Timestamp(1724205546, 1), \'signature\': {\'hash\': b\'\\xed\\xa1\\xab\\n\\xcae\\xa0V)7\\x86m5\\xf6\\nS\\xe6\\x91\\xc5e\', \'keyId\': 7405405671442612249}}, \'operationTime\': Timestamp(1724205545, 1)}')
unit-config-server-0: 01:59:06 ERROR unit.config-server/0.juju-log config-server:14: Failed to add shard-two to cluster
unit-config-server-0: 01:59:06 ERROR unit.config-server/0.juju-log config-server:14: Deferring _on_relation_event for shards interface since: error=OperationFailure('Could not find user "O=config-server,x500UniqueIdentifier=754caed0-7464-4061-8eeb-9c31afd86ebd,CN=config-server" for db "$external", full error: {\'ok\': 0.0, \'errmsg\': \'Could not find user "O=config-server,x500UniqueIdentifier=754caed0-7464-4061-8eeb-9c31afd86ebd,CN=config-server" for db "$external"\', \'code\': 11, \'codeName\': \'UserNotFound\', \'$clusterTime\': {\'clusterTime\': Timestamp(1724205546, 1), \'signature\': {\'hash\': b\'\\xed\\xa1\\xab\\n\\xcae\\xa0V)7\\x86m5\\xf6\\nS\\xe6\\x91\\xc5e\', \'keyId\': 7405405671442612249}}, \'operationTime\': Timestamp(1724205545, 1)}')
unit-config-server-0: 01:59:07 ERROR unit.config-server/0.juju-log config-server:14: Failed to add shard shard-two to the config server, error=OperationFailure("failed to run command { isMaster: 1 } when attempting to add shard shard-two/shard-two-0.shard-two-endpoints:27017 :: caused by :: HostUnreachable: Error connecting to shard-two-0.shard-two-endpoints:27017 (10.1.143.48:27017) :: caused by :: Connection reset by peer, full error: {'ok': 0.0, 'errmsg': 'failed to run command { isMaster: 1 } when attempting to add shard shard-two/shard-two-0.shard-two-endpoints:27017 :: caused by :: HostUnreachable: Error connecting to shard-two-0.shard-two-endpoints:27017 (10.1.143.48:27017) :: caused by :: Connection reset by peer', 'code': 96, 'codeName': 'OperationFailed', '$clusterTime': {'clusterTime': Timestamp(1724205546, 2), 'signature': {'hash': b'\\xed\\xa1\\xab\\n\\xcae\\xa0V)7\\x86m5\\xf6\\nS\\xe6\\x91\\xc5e', 'keyId': 7405405671442612249}}, 'operationTime': Timestamp(1724205546, 2)}")
unit-config-server-0: 01:59:07 ERROR unit.config-server/0.juju-log config-server:14: Failed to add shard-two to cluster
unit-config-server-0: 01:59:07 ERROR unit.config-server/0.juju-log config-server:14: Deferring _on_relation_event for shards interface since: error=OperationFailure("failed to run command { isMaster: 1 } when attempting to add shard shard-two/shard-two-0.shard-two-endpoints:27017 :: caused by :: HostUnreachable: Error connecting to shard-two-0.shard-two-endpoints:27017 (10.1.143.48:27017) :: caused by :: Connection reset by peer, full error: {'ok': 0.0, 'errmsg': 'failed to run command { isMaster: 1 } when attempting to add shard shard-two/shard-two-0.shard-two-endpoints:27017 :: caused by :: HostUnreachable: Error connecting to shard-two-0.shard-two-endpoints:27017 (10.1.143.48:27017) :: caused by :: Connection reset by peer', 'code': 96, 'codeName': 'OperationFailed', '$clusterTime': {'clusterTime': Timestamp(1724205546, 2), 'signature': {'hash': b'\\xed\\xa1\\xab\\n\\xcae\\xa0V)7\\x86m5\\xf6\\nS\\xe6\\x91\\xc5e', 'keyId': 7405405671442612249}}, 'operationTime': Timestamp(1724205546, 2)}")
unit-shard-two-0: 01:59:17 ERROR unit.shard-two/0.juju-log certificates:12: An unknown certificate is available -- ignoring.
unit-shard-two-0: 01:59:17 ERROR unit.shard-two/0.juju-log certificates:12: An unknown certificate is available -- ignoring.
unit-shard-one-2: 01:59:19 ERROR unit.shard-one/2.juju-log certificates:11: An unknown certificate is available -- ignoring.
unit-shard-one-2: 01:59:19 ERROR unit.shard-one/2.juju-log certificates:11: An unknown certificate is available -- ignoring.
unit-shard-one-0: 02:06:42 ERROR unit.shard-one/0.juju-log certificates:16: Non-existing secret unit:int-cert-secret was attempted to be removed.
unit-shard-one-0: 02:06:42 ERROR unit.shard-one/0.juju-log certificates:16: Non-existing secret unit:ext-cert-secret was attempted to be removed.
unit-shard-one-2: 02:06:48 ERROR unit.shard-one/2.juju-log certificates:16: Non-existing secret unit:int-cert-secret was attempted to be removed.
unit-shard-one-2: 02:06:48 ERROR unit.shard-one/2.juju-log certificates:16: Non-existing secret unit:ext-cert-secret was attempted to be removed.
unit-shard-one-1: 02:06:48 ERROR unit.shard-one/1.juju-log certificates:16: Non-existing secret unit:int-cert-secret was attempted to be removed.
unit-shard-one-1: 02:06:49 ERROR unit.shard-one/1.juju-log certificates:16: Non-existing secret unit:ext-cert-secret was attempted to be removed.
unit-config-server-1: 02:10:19 ERROR unit.config-server/1.juju-log certificates:13: This operation (delete_relation_data()) can only be performed by the leader unit
unit-config-server-1: 02:10:19 ERROR unit.config-server/1.juju-log certificates:13: This operation (delete_relation_data()) can only be performed by the leader unit
unit-config-server-1: 02:11:37 ERROR unit.config-server/1.juju-log certificates:17: Non-existing secret unit:int-cert-secret was attempted to be removed.
unit-config-server-0: 02:11:37 ERROR unit.config-server/0.juju-log certificates:17: Non-existing secret unit:int-cert-secret was attempted to be removed.
unit-config-server-1: 02:11:38 ERROR unit.config-server/1.juju-log certificates:17: Non-existing secret unit:ext-cert-secret was attempted to be removed.
unit-config-server-0: 02:11:38 ERROR unit.config-server/0.juju-log certificates:17: Non-existing secret unit:ext-cert-secret was attempted to be removed.
unit-config-server-1: 02:11:41 ERROR unit.config-server/1.juju-log certificates:17: This operation (update_relation_data()) can only be performed by the leader unit
unit-config-server-1: 02:11:41 ERROR unit.config-server/1.juju-log certificates:17: This operation (update_relation_data()) can only be performed by the leader unit
unit-config-server-1: 02:11:56 ERROR unit.config-server/1.juju-log This operation (update_relation_data()) can only be performed by the leader unit
unit-config-server-1: 02:11:56 ERROR unit.config-server/1.juju-log This operation (update_relation_data()) can only be performed by the leader unit
unit-config-server-1: 02:12:06 ERROR unit.config-server/1.juju-log certificates:17: This operation (update_relation_data()) can only be performed by the leader unit
unit-config-server-1: 02:12:06 ERROR unit.config-server/1.juju-log certificates:17: This operation (update_relation_data()) can only be performed by the leader unit
unit-shard-one-0: 02:13:45 ERROR unit.shard-one/0.juju-log Shard is integrated to a different CA than the config server. Please use the same CA for all cluster components.
unit-shard-one-2: 02:13:48 ERROR unit.shard-one/2.juju-log Shard is integrated to a different CA than the config server. Please use the same CA for all cluster components.
unit-shard-one-1: 02:13:50 ERROR unit.shard-one/1.juju-log Shard is integrated to a different CA than the config server. Please use the same CA for all cluster components.
unit-shard-two-0: 02:13:50 ERROR unit.shard-two/0.juju-log Shard is integrated to a different CA than the config server. Please use the same CA for all cluster components.

[32mINFO    [0m pytest_operator.plugin:plugin.py:904 Forgetting main...