{"uid":"85e7d4575e6c6938","name":"test_restore","fullName":"tests.integration.backup_tests.test_backups#test_restore","historyId":"4f811c2c0e5f652b64ca4099e61ae4d3","time":{"start":1723859240102,"stop":1723859240102,"duration":0},"description":"Simple backup tests that verifies that writes are correctly restored.","descriptionHtml":"<p>Simple backup tests that verifies that writes are correctly restored.</p>\n","status":"skipped","statusMessage":"XFAIL reason: aborted\n\n_pytest.outcomes.XFailed: aborted","statusTrace":"Traceback (most recent call last):\n  File \"/home/runner/work/mongodb-k8s-operator/mongodb-k8s-operator/.tox/integration/lib/python3.10/site-packages/_pytest/runner.py\", line 341, in from_call\n    result: TResult | None = func()\n  File \"/home/runner/work/mongodb-k8s-operator/mongodb-k8s-operator/.tox/integration/lib/python3.10/site-packages/_pytest/runner.py\", line 242, in <lambda>\n    lambda: runtest_hook(item=item, **kwds), when=when, reraise=reraise\n  File \"/home/runner/work/mongodb-k8s-operator/mongodb-k8s-operator/.tox/integration/lib/python3.10/site-packages/pluggy/_hooks.py\", line 513, in __call__\n    return self._hookexec(self.name, self._hookimpls.copy(), kwargs, firstresult)\n  File \"/home/runner/work/mongodb-k8s-operator/mongodb-k8s-operator/.tox/integration/lib/python3.10/site-packages/pluggy/_manager.py\", line 120, in _hookexec\n    return self._inner_hookexec(hook_name, methods, kwargs, firstresult)\n  File \"/home/runner/work/mongodb-k8s-operator/mongodb-k8s-operator/.tox/integration/lib/python3.10/site-packages/pluggy/_callers.py\", line 182, in _multicall\n    return outcome.get_result()\n  File \"/home/runner/work/mongodb-k8s-operator/mongodb-k8s-operator/.tox/integration/lib/python3.10/site-packages/pluggy/_result.py\", line 100, in get_result\n    raise exc.with_traceback(exc.__traceback__)\n  File \"/home/runner/work/mongodb-k8s-operator/mongodb-k8s-operator/.tox/integration/lib/python3.10/site-packages/pluggy/_callers.py\", line 167, in _multicall\n    teardown.throw(outcome._exception)\n  File \"/home/runner/work/mongodb-k8s-operator/mongodb-k8s-operator/.tox/integration/lib/python3.10/site-packages/_pytest/unraisableexception.py\", line 90, in pytest_runtest_setup\n    yield from unraisable_exception_runtest_hook()\n  File \"/home/runner/work/mongodb-k8s-operator/mongodb-k8s-operator/.tox/integration/lib/python3.10/site-packages/_pytest/unraisableexception.py\", line 70, in unraisable_exception_runtest_hook\n    yield\n  File \"/home/runner/work/mongodb-k8s-operator/mongodb-k8s-operator/.tox/integration/lib/python3.10/site-packages/pluggy/_callers.py\", line 167, in _multicall\n    teardown.throw(outcome._exception)\n  File \"/home/runner/work/mongodb-k8s-operator/mongodb-k8s-operator/.tox/integration/lib/python3.10/site-packages/_pytest/logging.py\", line 842, in pytest_runtest_setup\n    yield from self._runtest_for(item, \"setup\")\n  File \"/home/runner/work/mongodb-k8s-operator/mongodb-k8s-operator/.tox/integration/lib/python3.10/site-packages/_pytest/logging.py\", line 831, in _runtest_for\n    yield\n  File \"/home/runner/work/mongodb-k8s-operator/mongodb-k8s-operator/.tox/integration/lib/python3.10/site-packages/pluggy/_callers.py\", line 167, in _multicall\n    teardown.throw(outcome._exception)\n  File \"/home/runner/work/mongodb-k8s-operator/mongodb-k8s-operator/.tox/integration/lib/python3.10/site-packages/_pytest/capture.py\", line 874, in pytest_runtest_setup\n    return (yield)\n  File \"/home/runner/work/mongodb-k8s-operator/mongodb-k8s-operator/.tox/integration/lib/python3.10/site-packages/pluggy/_callers.py\", line 167, in _multicall\n    teardown.throw(outcome._exception)\n  File \"/home/runner/work/mongodb-k8s-operator/mongodb-k8s-operator/.tox/integration/lib/python3.10/site-packages/_pytest/threadexception.py\", line 87, in pytest_runtest_setup\n    yield from thread_exception_runtest_hook()\n  File \"/home/runner/work/mongodb-k8s-operator/mongodb-k8s-operator/.tox/integration/lib/python3.10/site-packages/_pytest/threadexception.py\", line 68, in thread_exception_runtest_hook\n    yield\n  File \"/home/runner/work/mongodb-k8s-operator/mongodb-k8s-operator/.tox/integration/lib/python3.10/site-packages/pluggy/_callers.py\", line 103, in _multicall\n    res = hook_impl.function(*args)\n  File \"/home/runner/work/mongodb-k8s-operator/mongodb-k8s-operator/.tox/integration/lib/python3.10/site-packages/_pytest/runner.py\", line 160, in pytest_runtest_setup\n    item.session._setupstate.setup(item)\n  File \"/home/runner/work/mongodb-k8s-operator/mongodb-k8s-operator/.tox/integration/lib/python3.10/site-packages/_pytest/runner.py\", line 514, in setup\n    col.setup()\n  File \"/home/runner/work/mongodb-k8s-operator/mongodb-k8s-operator/.tox/integration/lib/python3.10/site-packages/_pytest/python.py\", line 1630, in setup\n    self._request._fillfixtures()\n  File \"/home/runner/work/mongodb-k8s-operator/mongodb-k8s-operator/.tox/integration/lib/python3.10/site-packages/_pytest/fixtures.py\", line 696, in _fillfixtures\n    item.funcargs[argname] = self.getfixturevalue(argname)\n  File \"/home/runner/work/mongodb-k8s-operator/mongodb-k8s-operator/.tox/integration/lib/python3.10/site-packages/_pytest/fixtures.py\", line 531, in getfixturevalue\n    fixturedef = self._get_active_fixturedef(argname)\n  File \"/home/runner/work/mongodb-k8s-operator/mongodb-k8s-operator/.tox/integration/lib/python3.10/site-packages/_pytest/fixtures.py\", line 616, in _get_active_fixturedef\n    fixturedef.execute(request=subrequest)\n  File \"/home/runner/work/mongodb-k8s-operator/mongodb-k8s-operator/.tox/integration/lib/python3.10/site-packages/_pytest/fixtures.py\", line 1090, in execute\n    result = ihook.pytest_fixture_setup(fixturedef=self, request=request)\n  File \"/home/runner/work/mongodb-k8s-operator/mongodb-k8s-operator/.tox/integration/lib/python3.10/site-packages/pluggy/_hooks.py\", line 513, in __call__\n    return self._hookexec(self.name, self._hookimpls.copy(), kwargs, firstresult)\n  File \"/home/runner/work/mongodb-k8s-operator/mongodb-k8s-operator/.tox/integration/lib/python3.10/site-packages/pluggy/_manager.py\", line 120, in _hookexec\n    return self._inner_hookexec(hook_name, methods, kwargs, firstresult)\n  File \"/home/runner/work/mongodb-k8s-operator/mongodb-k8s-operator/.tox/integration/lib/python3.10/site-packages/pluggy/_callers.py\", line 182, in _multicall\n    return outcome.get_result()\n  File \"/home/runner/work/mongodb-k8s-operator/mongodb-k8s-operator/.tox/integration/lib/python3.10/site-packages/pluggy/_result.py\", line 100, in get_result\n    raise exc.with_traceback(exc.__traceback__)\n  File \"/home/runner/work/mongodb-k8s-operator/mongodb-k8s-operator/.tox/integration/lib/python3.10/site-packages/pluggy/_callers.py\", line 167, in _multicall\n    teardown.throw(outcome._exception)\n  File \"/home/runner/work/mongodb-k8s-operator/mongodb-k8s-operator/.tox/integration/lib/python3.10/site-packages/_pytest/setuponly.py\", line 36, in pytest_fixture_setup\n    return (yield)\n  File \"/home/runner/work/mongodb-k8s-operator/mongodb-k8s-operator/.tox/integration/lib/python3.10/site-packages/pluggy/_callers.py\", line 103, in _multicall\n    res = hook_impl.function(*args)\n  File \"/home/runner/work/mongodb-k8s-operator/mongodb-k8s-operator/.tox/integration/lib/python3.10/site-packages/_pytest/fixtures.py\", line 1139, in pytest_fixture_setup\n    result = call_fixture_func(fixturefunc, request, kwargs)\n  File \"/home/runner/work/mongodb-k8s-operator/mongodb-k8s-operator/.tox/integration/lib/python3.10/site-packages/_pytest/fixtures.py\", line 890, in call_fixture_func\n    fixture_result = next(generator)\n  File \"/home/runner/work/mongodb-k8s-operator/mongodb-k8s-operator/.tox/integration/lib/python3.10/site-packages/pytest_operator/plugin.py\", line 223, in abort_on_fail\n    pytest.xfail(\"aborted\")\n  File \"/home/runner/work/mongodb-k8s-operator/mongodb-k8s-operator/.tox/integration/lib/python3.10/site-packages/_pytest/outcomes.py\", line 206, in xfail\n    raise XFailed(reason)\n_pytest.outcomes.XFailed: aborted","flaky":false,"newFailed":false,"newBroken":false,"newPassed":false,"retriesCount":1,"retriesStatusChange":true,"beforeStages":[{"name":"event_loop","time":{"start":1723858421458,"stop":1723858421459,"duration":1},"status":"passed","steps":[],"attachments":[],"parameters":[],"stepsCount":0,"shouldDisplayMessage":false,"attachmentsCount":0,"hasContent":false,"attachmentStep":false},{"name":"ops_test","time":{"start":1723858421459,"stop":1723858421711,"duration":252},"status":"passed","steps":[],"attachments":[],"parameters":[],"stepsCount":0,"shouldDisplayMessage":false,"attachmentsCount":0,"hasContent":false,"attachmentStep":false},{"name":"tmp_path_factory","time":{"start":1723858421459,"stop":1723858421459,"duration":0},"status":"passed","steps":[],"attachments":[],"parameters":[],"stepsCount":0,"shouldDisplayMessage":false,"attachmentsCount":0,"hasContent":false,"attachmentStep":false},{"name":"abort_on_fail","time":{"start":1723859240102,"stop":1723859240102,"duration":0},"status":"failed","statusMessage":"_pytest.outcomes.XFailed: aborted\n","statusTrace":"  File \"/home/runner/work/mongodb-k8s-operator/mongodb-k8s-operator/.tox/integration/lib/python3.10/site-packages/pluggy/_callers.py\", line 167, in _multicall\n    teardown.throw(outcome._exception)\n  File \"/home/runner/work/mongodb-k8s-operator/mongodb-k8s-operator/.tox/integration/lib/python3.10/site-packages/_pytest/setuponly.py\", line 36, in pytest_fixture_setup\n    return (yield)\n  File \"/home/runner/work/mongodb-k8s-operator/mongodb-k8s-operator/.tox/integration/lib/python3.10/site-packages/pluggy/_callers.py\", line 103, in _multicall\n    res = hook_impl.function(*args)\n  File \"/home/runner/work/mongodb-k8s-operator/mongodb-k8s-operator/.tox/integration/lib/python3.10/site-packages/_pytest/fixtures.py\", line 1139, in pytest_fixture_setup\n    result = call_fixture_func(fixturefunc, request, kwargs)\n  File \"/home/runner/work/mongodb-k8s-operator/mongodb-k8s-operator/.tox/integration/lib/python3.10/site-packages/_pytest/fixtures.py\", line 890, in call_fixture_func\n    fixture_result = next(generator)\n  File \"/home/runner/work/mongodb-k8s-operator/mongodb-k8s-operator/.tox/integration/lib/python3.10/site-packages/pytest_operator/plugin.py\", line 223, in abort_on_fail\n    pytest.xfail(\"aborted\")\n  File \"/home/runner/work/mongodb-k8s-operator/mongodb-k8s-operator/.tox/integration/lib/python3.10/site-packages/_pytest/outcomes.py\", line 206, in xfail\n    raise XFailed(reason)\n","steps":[],"attachments":[],"parameters":[],"stepsCount":0,"shouldDisplayMessage":true,"attachmentsCount":0,"hasContent":true,"attachmentStep":false}],"afterStages":[{"name":"ops_test::finalizer","time":{"start":1723859240110,"stop":1723859240472,"duration":362},"status":"passed","steps":[],"attachments":[],"parameters":[],"stepsCount":0,"shouldDisplayMessage":false,"attachmentsCount":0,"hasContent":false,"attachmentStep":false},{"name":"event_loop::2","time":{"start":1723859240472,"stop":1723859240473,"duration":1},"status":"passed","steps":[],"attachments":[],"parameters":[],"stepsCount":0,"shouldDisplayMessage":false,"attachmentsCount":0,"hasContent":false,"attachmentStep":false},{"name":"event_loop::_close_event_loop","time":{"start":1723859240473,"stop":1723859240473,"duration":0},"status":"passed","steps":[],"attachments":[],"parameters":[],"stepsCount":0,"shouldDisplayMessage":false,"attachmentsCount":0,"hasContent":false,"attachmentStep":false},{"name":"event_loop::_provide_clean_event_loop","time":{"start":1723859240473,"stop":1723859240473,"duration":0},"status":"passed","steps":[],"attachments":[],"parameters":[],"stepsCount":0,"shouldDisplayMessage":false,"attachmentsCount":0,"hasContent":false,"attachmentStep":false}],"labels":[{"name":"tag","value":"abort_on_fail"},{"name":"tag","value":"group(1)"},{"name":"tag","value":"asyncio"},{"name":"parentSuite","value":"tests.integration.backup_tests"},{"name":"suite","value":"test_backups"},{"name":"host","value":"fv-az1535-144"},{"name":"thread","value":"13325-MainThread"},{"name":"framework","value":"pytest"},{"name":"language","value":"cpython3"},{"name":"package","value":"tests.integration.backup_tests.test_backups"},{"name":"resultFormat","value":"allure2"}],"parameters":[],"links":[],"hidden":false,"retry":false,"extra":{"severity":"normal","retries":[{"uid":"4d4bc31c9247dc3f","status":"unknown","time":{}}],"categories":[],"history":{"statistic":{"failed":4,"broken":0,"skipped":11,"passed":2,"unknown":0,"total":17},"items":[{"uid":"ccf7747b06ed40a3","reportUrl":"../2103//#testresult/ccf7747b06ed40a3","status":"skipped","statusDetails":"XFAIL reason: aborted\n\n_pytest.outcomes.XFailed: aborted","time":{"start":1723773570074,"stop":1723773570074,"duration":0}},{"uid":"2019fb2cc763c226","reportUrl":"../2101//#testresult/2019fb2cc763c226","status":"passed","time":{"start":1723687302697,"stop":1723687575316,"duration":272619}},{"uid":"87177082aaf605cd","reportUrl":"../2074//#testresult/87177082aaf605cd","status":"failed","statusDetails":"AssertionError: writes not correctly restored\nassert 60 == 105","time":{"start":1723600965689,"stop":1723601219167,"duration":253478}},{"uid":"9114789a88308a7","reportUrl":"../2061//#testresult/9114789a88308a7","status":"skipped","statusDetails":"XFAIL reason: aborted\n\n_pytest.outcomes.XFailed: aborted","time":{"start":1723513994722,"stop":1723513994722,"duration":0}},{"uid":"33ebef8e7691a56e","reportUrl":"../2053//#testresult/33ebef8e7691a56e","status":"failed","statusDetails":"AssertionError: writes not correctly restored\nassert 60 == 103","time":{"start":1723427809002,"stop":1723427990434,"duration":181432}},{"uid":"1c8ab69bc66f407b","reportUrl":"../2048//#testresult/1c8ab69bc66f407b","status":"skipped","statusDetails":"XFAIL reason: aborted\n\n_pytest.outcomes.XFailed: aborted","time":{"start":1723341293093,"stop":1723341293093,"duration":0}},{"uid":"5b4ef766f78b9be2","reportUrl":"../2047//#testresult/5b4ef766f78b9be2","status":"skipped","statusDetails":"XFAIL reason: aborted\n\n_pytest.outcomes.XFailed: aborted","time":{"start":1723255170375,"stop":1723255170375,"duration":0}},{"uid":"f2ee3870a9217c03","reportUrl":"../2040//#testresult/f2ee3870a9217c03","status":"passed","time":{"start":1723169058044,"stop":1723169286012,"duration":227968}},{"uid":"532016290ee533fb","reportUrl":"../2030//#testresult/532016290ee533fb","status":"skipped","statusDetails":"XFAIL reason: aborted\n\n_pytest.outcomes.XFailed: aborted","time":{"start":1723082282902,"stop":1723082282902,"duration":0}},{"uid":"904b9d56f3383a36","reportUrl":"../2026//#testresult/904b9d56f3383a36","status":"failed","statusDetails":"AssertionError: writes not correctly restored\nassert 58 == 85","time":{"start":1722995727203,"stop":1722996036103,"duration":308900}},{"uid":"372c34244c4a8a65","reportUrl":"../2019//#testresult/372c34244c4a8a65","status":"failed","statusDetails":"AssertionError: writes not correctly restored\nassert 57 == 58","time":{"start":1722909721825,"stop":1722910022642,"duration":300817}},{"uid":"57776b486957a050","reportUrl":"../2006//#testresult/57776b486957a050","status":"skipped","statusDetails":"Skipped: Skipping tests until fixing backup tests are addressed (DPE-4264).","time":{"start":1722821839899,"stop":1722821839899,"duration":0}},{"uid":"334071260e809cfe","reportUrl":"../2003//#testresult/334071260e809cfe","status":"skipped","statusDetails":"Skipped: Skipping tests until fixing backup tests are addressed (DPE-4264).","time":{"start":1722735348955,"stop":1722735348955,"duration":0}},{"uid":"ecb9d41b503f128","reportUrl":"../2002//#testresult/ecb9d41b503f128","status":"skipped","statusDetails":"Skipped: Skipping tests until fixing backup tests are addressed (DPE-4264).","time":{"start":1722649006943,"stop":1722649006943,"duration":0}},{"uid":"9ef4fe8a9217c4b2","reportUrl":"../1980//#testresult/9ef4fe8a9217c4b2","status":"skipped","statusDetails":"Skipped: Skipping tests until fixing backup tests are addressed (DPE-4264).","time":{"start":1722562636000,"stop":1722562636000,"duration":0}},{"uid":"87a8aa983b1cbca0","reportUrl":"../1962//#testresult/87a8aa983b1cbca0","status":"skipped","statusDetails":"Skipped: Skipping tests until fixing backup tests are addressed (DPE-4264).","time":{"start":1722476414752,"stop":1722476414752,"duration":0}}]},"tags":["asyncio","abort_on_fail","group(1)"]},"source":"85e7d4575e6c6938.json","parameterValues":[]}