[32mINFO    [0m juju.model:model.py:2098 Deploying ch:amd64/jammy/self-signed-certificates-155
[32mINFO    [0m juju.model:model.py:2972 Waiting for model:
  shard-one/0 [idle] active: 
  shard-one/1 [idle] active: Primary
  shard-one/2 [idle] active: 
  shard-two/0 [idle] active: Primary
  config-server/0 [idle] active: 
  config-server/1 [idle] active: Primary
[32mINFO    [0m juju.model:model.py:2972 Waiting for model:
  shard-one/0 [idle] active: 
  shard-one/1 [idle] active: 
  shard-one/2 [idle] active: 
[32mINFO    [0m juju.model:model.py:2972 Waiting for model:
  shard-one/0 [idle] blocked: Shard requires TLS to be enabled.
  shard-one/1 [idle] blocked: Shard requires TLS to be enabled.
  shard-one/2 [idle] blocked: Shard requires TLS to be enabled.
  shard-two/0 [idle] active: Primary
  config-server/0 [idle] blocked: shards shard-one are unreachable.
  config-server/1 [idle] blocked: shards shard-one are unreachable.
[32mINFO    [0m juju.model:model.py:2972 Waiting for model:
  shard-one/0 [idle] blocked: Shard requires TLS to be enabled.
  shard-one/1 [idle] blocked: Shard requires TLS to be enabled.
  shard-one/2 [idle] blocked: Shard requires TLS to be enabled.
  config-server/0 [idle] blocked: shards shard-one are unreachable.
  config-server/1 [idle] blocked: shards shard-one are unreachable.
[32mINFO    [0m juju.model:model.py:2972 Waiting for model:
  shard-one/0 [executing] active: 
  shard-one/1 [idle] blocked: Shard requires TLS to be enabled.
  shard-one/2 [executing] blocked: Shard requires TLS to be enabled.
  config-server/0 [idle] active: 
  config-server/1 [idle] blocked: shards shard-one are unreachable.
[32mINFO    [0m juju.model:model.py:2972 Waiting for model:
  shard-one/0 [executing] maintenance: enabling TLS
  shard-one/1 [executing] maintenance: enabling TLS
  shard-one/2 [executing] maintenance: enabling TLS
  config-server/0 [idle] active: 
  config-server/1 [idle] blocked: shards shard-one are unreachable.
[32mINFO    [0m juju.model:model.py:2972 Waiting for model:
  shard-one/0 [idle] active: 
  shard-one/1 [idle] active: 
  shard-one/2 [idle] active: 
  config-server/0 [idle] active: 
  config-server/1 [idle] blocked: shards shard-one are unreachable.
[32mINFO    [0m juju.model:model.py:2972 Waiting for model:
  config-server/0 [idle] active: 
  config-server/1 [idle] blocked: shards shard-one are unreachable.
[32mINFO    [0m juju.model:model.py:2972 Waiting for model:
  config-server/0 [idle] active: 
  config-server/1 [idle] blocked: shards shard-one are unreachable.
[32mINFO    [0m juju.model:model.py:2972 Waiting for model:
  config-server/0 [idle] active: 
  config-server/1 [idle] blocked: shards shard-one are unreachable.
[32mINFO    [0m juju.model:model.py:2972 Waiting for model:
  config-server/0 [idle] active: 
  config-server/1 [idle] blocked: shards shard-one are unreachable.
[32mINFO    [0m juju.model:model.py:2972 Waiting for model:
  config-server/0 [idle] active: 
  config-server/1 [idle] blocked: shards shard-one are unreachable.
[32mINFO    [0m juju.model:model.py:2972 Waiting for model:
  config-server/0 [idle] active: 
  config-server/1 [idle] blocked: shards shard-one are unreachable.
[32mINFO    [0m juju.model:model.py:2972 Waiting for model:
  config-server/0 [idle] active: 
  config-server/1 [idle] blocked: shards shard-one are unreachable.
[32mINFO    [0m juju.model:model.py:2972 Waiting for model:
  config-server/0 [idle] active: 
  config-server/1 [idle] active: Primary
[32mINFO    [0m juju.model:model.py:2972 Waiting for model:
  shard-one/0 [idle] active: 
  shard-one/1 [idle] active: 
  shard-one/2 [idle] active: Primary
  shard-two/0 [idle] active: Primary
  config-server/0 [executing] active: 
  config-server/1 [executing] active: Primary
[32mINFO    [0m juju.model:model.py:2972 Waiting for model:
  shard-one/0 [idle] active: 
  shard-one/1 [idle] active: 
  shard-one/2 [idle] active: Primary
  shard-two/0 [idle] active: Primary
  config-server/0 [idle] active: 
  config-server/1 [idle] active: 
[32mINFO    [0m juju.model:model.py:2972 Waiting for model:
  shard-one/0 [idle] blocked: Shard has TLS enabled, but config-server does not.
  shard-one/1 [idle] blocked: Shard has TLS enabled, but config-server does not.
  shard-one/2 [idle] blocked: Shard has TLS enabled, but config-server does not.
  shard-two/0 [idle] blocked: Shard has TLS enabled, but config-server does not.
  config-server/0 [executing] active: 
  config-server/1 [executing] active: 
[32mINFO    [0m juju.model:model.py:2972 Waiting for model:
  shard-one/0 [idle] blocked: Shard has TLS enabled, but config-server does not.
  shard-one/1 [idle] blocked: Shard has TLS enabled, but config-server does not.
  shard-one/2 [idle] blocked: Shard has TLS enabled, but config-server does not.
  shard-two/0 [idle] blocked: Shard has TLS enabled, but config-server does not.
  config-server/0 [executing] active: 
  config-server/1 [executing] maintenance: enabling TLS
[32mINFO    [0m juju.model:model.py:2972 Waiting for model:
  config-server/1 [idle] active:
[32mINFO    [0m pytest_operator.plugin:plugin.py:834 Model status:

Model  Controller          Cloud/Region        Version  SLA          Timestamp
test   microk8s-localhost  microk8s/localhost  3.4.4    unsupported  02:12:56Z

App                                Version  Status   Scale  Charm                     Channel        Rev  Address         Exposed  Message
config-server                               active       2  mongodb-k8s                                3  10.152.183.242  no       Primary
self-signed-certificates                    active       1  self-signed-certificates  latest/stable  155  10.152.183.173  no       
self-signed-certificates-separate           active       1  self-signed-certificates  latest/stable  155  10.152.183.153  no       
shard-one                                   waiting      3  mongodb-k8s                                4  10.152.183.185  no       installing agent
shard-two                                   waiting      1  mongodb-k8s                                5  10.152.183.244  no       installing agent

Unit                                  Workload  Agent      Address      Ports  Message
config-server/0*                      active    executing  10.1.75.223         Primary
config-server/1                       active    idle       10.1.75.224         
self-signed-certificates-separate/0*  active    idle       10.1.75.237         
self-signed-certificates/0*           active    idle       10.1.75.218         
shard-one/0*                          blocked   idle       10.1.75.230         Shard CA and Config-Server CA don't match.
shard-one/1                           blocked   idle       10.1.75.235         Shard CA and Config-Server CA don't match.
shard-one/2                           blocked   idle       10.1.75.234         Shard CA and Config-Server CA don't match.
shard-two/0*                          blocked   idle       10.1.75.236         Shard CA and Config-Server CA don't match.

[32mINFO    [0m pytest_operator.plugin:plugin.py:840 Juju error logs:

unit-config-server-0: 01:35:06 ERROR unit.config-server/0.juju-log database-peers:0: Failed to create the operator user: non-zero exit code 1 executing ['/usr/bin/mongosh', 'mongodb://localhost/admin', '--quiet', '--eval', "db.createUser({  user: 'operator',  pwd: passwordPrompt(),  roles:[    {'role': 'userAdminAnyDatabase', 'db': 'admin'},     {'role': 'readWriteAnyDatabase', 'db': 'admin'},     {'role': 'clusterAdmin', 'db': 'admin'},   ],  mechanisms: ['SCRAM-SHA-256'],  passwordDigestor: 'server',})"], stdout='Enter password\n********************************', stderr='MongoServerError: not primary\n'
Traceback (most recent call last):
  File "/var/lib/juju/agents/unit-config-server-0/charm/./src/charm.py", line 939, in _init_operator_user
    process.wait_output()
  File "/var/lib/juju/agents/unit-config-server-0/charm/venv/ops/pebble.py", line 1773, in wait_output
    raise ExecError[AnyStr](self._command, exit_code, out_value, err_value)
ops.pebble.ExecError: non-zero exit code 1 executing ['/usr/bin/mongosh', 'mongodb://localhost/admin', '--quiet', '--eval', "db.createUser({  user: 'operator',  pwd: passwordPrompt(),  roles:[    {'role': 'userAdminAnyDatabase', 'db': 'admin'},     {'role': 'readWriteAnyDatabase', 'db': 'admin'},     {'role': 'clusterAdmin', 'db': 'admin'},   ],  mechanisms: ['SCRAM-SHA-256'],  passwordDigestor: 'server',})"], stdout='Enter password\n********************************', stderr='MongoServerError: not primary\n'
unit-config-server-0: 01:35:11 ERROR unit.config-server/0.juju-log database-peers:0: Failed to create the operator user: non-zero exit code 1 executing ['/usr/bin/mongosh', 'mongodb://localhost/admin', '--quiet', '--eval', "db.createUser({  user: 'operator',  pwd: passwordPrompt(),  roles:[    {'role': 'userAdminAnyDatabase', 'db': 'admin'},     {'role': 'readWriteAnyDatabase', 'db': 'admin'},     {'role': 'clusterAdmin', 'db': 'admin'},   ],  mechanisms: ['SCRAM-SHA-256'],  passwordDigestor: 'server',})"], stdout='Enter password\n********************************', stderr='MongoServerError: not primary\n'
Traceback (most recent call last):
  File "/var/lib/juju/agents/unit-config-server-0/charm/./src/charm.py", line 939, in _init_operator_user
    process.wait_output()
  File "/var/lib/juju/agents/unit-config-server-0/charm/venv/ops/pebble.py", line 1773, in wait_output
    raise ExecError[AnyStr](self._command, exit_code, out_value, err_value)
ops.pebble.ExecError: non-zero exit code 1 executing ['/usr/bin/mongosh', 'mongodb://localhost/admin', '--quiet', '--eval', "db.createUser({  user: 'operator',  pwd: passwordPrompt(),  roles:[    {'role': 'userAdminAnyDatabase', 'db': 'admin'},     {'role': 'readWriteAnyDatabase', 'db': 'admin'},     {'role': 'clusterAdmin', 'db': 'admin'},   ],  mechanisms: ['SCRAM-SHA-256'],  passwordDigestor: 'server',})"], stdout='Enter password\n********************************', stderr='MongoServerError: not primary\n'
unit-config-server-0: 01:36:40 ERROR unit.config-server/0.juju-log config-server:3: Failed to add shard shard-one to the config server, error=OperationFailure("Authentication failed., full error: {'ok': 0.0, 'errmsg': 'Authentication failed.', 'code': 18, 'codeName': 'AuthenticationFailed', '$clusterTime': {'clusterTime': Timestamp(1725327399, 1), 'signature': {'hash': b'E\\x00U\\xcb2=)\\xfc\\xf9;\\x8a\\xeb\\x11\\x80\\xe2\\xc2Wg\\x148', 'keyId': 7410224392820490264}}, 'operationTime': Timestamp(1725327399, 1)}")
unit-config-server-0: 01:36:40 ERROR unit.config-server/0.juju-log config-server:3: shard-one shard does not have the same auth as the config server.
unit-config-server-0: 01:36:41 ERROR unit.config-server/0.juju-log config-server:3: Failed to add shard shard-one to the config server, error=OperationFailure("Authentication failed., full error: {'ok': 0.0, 'errmsg': 'Authentication failed.', 'code': 18, 'codeName': 'AuthenticationFailed', '$clusterTime': {'clusterTime': Timestamp(1725327400, 1), 'signature': {'hash': b'\\xe0\\x8fj\\x81\\x1d\\x895?\\x92\\x0b;u\\xd2C<\\xdfb\\x05\\xc6/', 'keyId': 7410224392820490264}}, 'operationTime': Timestamp(1725327400, 1)}")
unit-config-server-0: 01:36:41 ERROR unit.config-server/0.juju-log config-server:3: shard-one shard does not have the same auth as the config server.
unit-shard-one-0: 01:41:32 ERROR unit.shard-one/0.juju-log certificates:5: Non-existing secret unit:int-cert-secret was attempted to be removed.
unit-shard-one-1: 01:41:32 ERROR unit.shard-one/1.juju-log certificates:5: Non-existing secret unit:int-cert-secret was attempted to be removed.
unit-config-server-1: 01:41:32 ERROR unit.config-server/1.juju-log certificates:7: Non-existing secret unit:int-cert-secret was attempted to be removed.
unit-shard-one-2: 01:41:32 ERROR unit.shard-one/2.juju-log certificates:5: Non-existing secret unit:int-cert-secret was attempted to be removed.
unit-shard-one-0: 01:41:32 ERROR unit.shard-one/0.juju-log certificates:5: Non-existing secret unit:ext-cert-secret was attempted to be removed.
unit-shard-two-0: 01:41:32 ERROR unit.shard-two/0.juju-log certificates:6: Non-existing secret unit:int-cert-secret was attempted to be removed.
unit-config-server-1: 01:41:32 ERROR unit.config-server/1.juju-log certificates:7: Non-existing secret unit:ext-cert-secret was attempted to be removed.
unit-shard-one-2: 01:41:33 ERROR unit.shard-one/2.juju-log certificates:5: Non-existing secret unit:ext-cert-secret was attempted to be removed.
unit-shard-two-0: 01:41:33 ERROR unit.shard-two/0.juju-log certificates:6: Non-existing secret unit:ext-cert-secret was attempted to be removed.
unit-config-server-0: 01:41:33 ERROR unit.config-server/0.juju-log certificates:7: Non-existing secret unit:int-cert-secret was attempted to be removed.
unit-shard-one-1: 01:41:33 ERROR unit.shard-one/1.juju-log certificates:5: Non-existing secret unit:ext-cert-secret was attempted to be removed.
unit-config-server-0: 01:41:34 ERROR unit.config-server/0.juju-log certificates:7: Non-existing secret unit:ext-cert-secret was attempted to be removed.
unit-config-server-1: 01:41:48 ERROR unit.config-server/1.juju-log certificates:7: This operation (update_relation_data()) can only be performed by the leader unit
unit-config-server-1: 01:41:48 ERROR unit.config-server/1.juju-log certificates:7: This operation (update_relation_data()) can only be performed by the leader unit
unit-shard-one-1: 01:41:57 ERROR unit.shard-one/1.juju-log certificates:5: Uncaught exception while in charm code:
Traceback (most recent call last):
  File "/var/lib/juju/agents/unit-shard-one-1/charm/venv/pymongo/pool.py", line 989, in command
    return command(
  File "/var/lib/juju/agents/unit-shard-one-1/charm/venv/pymongo/network.py", line 202, in command
    reply = receive_message(conn, request_id)
  File "/var/lib/juju/agents/unit-shard-one-1/charm/venv/pymongo/network.py", line 317, in receive_message
    length, _, response_to, op_code = _UNPACK_HEADER(_receive_data_on_socket(conn, 16, deadline))
  File "/var/lib/juju/agents/unit-shard-one-1/charm/venv/pymongo/network.py", line 408, in _receive_data_on_socket
    raise OSError("connection closed")
OSError: connection closed

The above exception was the direct cause of the following exception:

Traceback (most recent call last):
  File "/var/lib/juju/agents/unit-shard-one-1/charm/./src/charm.py", line 1608, in <module>
    main(MongoDBCharm)
  File "/var/lib/juju/agents/unit-shard-one-1/charm/venv/ops/main.py", line 553, in main
    manager.run()
  File "/var/lib/juju/agents/unit-shard-one-1/charm/venv/ops/main.py", line 529, in run
    self._emit()
  File "/var/lib/juju/agents/unit-shard-one-1/charm/venv/ops/main.py", line 518, in _emit
    _emit_charm_event(self.charm, self.dispatcher.event_name, self._juju_context)
  File "/var/lib/juju/agents/unit-shard-one-1/charm/venv/ops/main.py", line 139, in _emit_charm_event
    event_to_emit.emit(*args, **kwargs)
  File "/var/lib/juju/agents/unit-shard-one-1/charm/venv/ops/framework.py", line 347, in emit
    framework._emit(event)
  File "/var/lib/juju/agents/unit-shard-one-1/charm/venv/ops/framework.py", line 853, in _emit
    self._reemit(event_path)
  File "/var/lib/juju/agents/unit-shard-one-1/charm/venv/ops/framework.py", line 943, in _reemit
    custom_handler(event)
  File "/var/lib/juju/agents/unit-shard-one-1/charm/lib/charms/tls_certificates_interface/v3/tls_certificates.py", line 1911, in _on_relation_changed
    self.on.certificate_available.emit(
  File "/var/lib/juju/agents/unit-shard-one-1/charm/venv/ops/framework.py", line 347, in emit
    framework._emit(event)
  File "/var/lib/juju/agents/unit-shard-one-1/charm/venv/ops/framework.py", line 853, in _emit
    self._reemit(event_path)
  File "/var/lib/juju/agents/unit-shard-one-1/charm/venv/ops/framework.py", line 943, in _reemit
    custom_handler(event)
  File "/var/lib/juju/agents/unit-shard-one-1/charm/lib/charms/mongodb/v1/mongodb_tls.py", line 237, in _on_certificate_available
    self.charm.restart_charm_services()
  File "/var/lib/juju/agents/unit-shard-one-1/charm/./src/charm.py", line 1228, in restart_charm_services
    self._connect_pbm_agent()
  File "/var/lib/juju/agents/unit-shard-one-1/charm/./src/charm.py", line 1372, in _connect_pbm_agent
    self.has_config_server() and self.shard._is_added_to_cluster()
  File "/var/lib/juju/agents/unit-shard-one-1/charm/lib/charms/mongodb/v1/shards_interface.py", line 1097, in _is_added_to_cluster
    cluster_shards = self.get_shard_members()
  File "/var/lib/juju/agents/unit-shard-one-1/charm/lib/charms/mongodb/v1/shards_interface.py", line 1146, in get_shard_members
    return mongo.get_shard_members()
  File "/var/lib/juju/agents/unit-shard-one-1/charm/lib/charms/mongodb/v1/mongos.py", line 92, in get_shard_members
    shard_list = self.client.admin.command("listShards")
  File "/var/lib/juju/agents/unit-shard-one-1/charm/venv/pymongo/_csot.py", line 108, in csot_wrapper
    return func(self, *args, **kwargs)
  File "/var/lib/juju/agents/unit-shard-one-1/charm/venv/pymongo/database.py", line 893, in command
    with self.__client._conn_for_reads(read_preference, session, operation=command_name) as (
  File "/usr/lib/python3.10/contextlib.py", line 135, in __enter__
    return next(self.gen)
  File "/var/lib/juju/agents/unit-shard-one-1/charm/venv/pymongo/mongo_client.py", line 1357, in _conn_from_server
    with self._checkout(server, session) as conn:
  File "/usr/lib/python3.10/contextlib.py", line 135, in __enter__
    return next(self.gen)
  File "/var/lib/juju/agents/unit-shard-one-1/charm/venv/pymongo/mongo_client.py", line 1266, in _checkout
    with server.checkout(handler=err_handler) as conn:
  File "/usr/lib/python3.10/contextlib.py", line 135, in __enter__
    return next(self.gen)
  File "/var/lib/juju/agents/unit-shard-one-1/charm/venv/pymongo/pool.py", line 1767, in checkout
    conn = self._get_conn(checkout_started_time, handler=handler)
  File "/var/lib/juju/agents/unit-shard-one-1/charm/venv/pymongo/pool.py", line 1926, in _get_conn
    conn = self.connect(handler=handler)
  File "/var/lib/juju/agents/unit-shard-one-1/charm/venv/pymongo/pool.py", line 1724, in connect
    conn.hello()
  File "/var/lib/juju/agents/unit-shard-one-1/charm/venv/pymongo/pool.py", line 830, in hello
    return self._hello(None, None, None)
  File "/var/lib/juju/agents/unit-shard-one-1/charm/venv/pymongo/pool.py", line 876, in _hello
    doc = self.command("admin", cmd, publish_events=False, exhaust_allowed=awaitable)
  File "/var/lib/juju/agents/unit-shard-one-1/charm/venv/pymongo/helpers.py", line 342, in inner
    return func(*args, **kwargs)
  File "/var/lib/juju/agents/unit-shard-one-1/charm/venv/pymongo/pool.py", line 1017, in command
    self._raise_connection_failure(error)
  File "/var/lib/juju/agents/unit-shard-one-1/charm/venv/pymongo/pool.py", line 1214, in _raise_connection_failure
    _raise_connection_failure(self.address, error, timeout_details=details)
  File "/var/lib/juju/agents/unit-shard-one-1/charm/venv/pymongo/pool.py", line 427, in _raise_connection_failure
    raise AutoReconnect(msg) from error
pymongo.errors.AutoReconnect: config-server-0.config-server-endpoints:27018: connection closed (configured timeouts: connectTimeoutMS: 2000.0ms)
unit-shard-one-1: 01:41:58 ERROR juju.worker.uniter.operation hook "certificates-relation-changed" (via hook dispatching script: dispatch) failed: exit status 1
unit-shard-one-2: 01:41:59 ERROR unit.shard-one/2.juju-log certificates:5: Uncaught exception while in charm code:
Traceback (most recent call last):
  File "/var/lib/juju/agents/unit-shard-one-2/charm/venv/pymongo/pool.py", line 989, in command
    return command(
  File "/var/lib/juju/agents/unit-shard-one-2/charm/venv/pymongo/network.py", line 202, in command
    reply = receive_message(conn, request_id)
  File "/var/lib/juju/agents/unit-shard-one-2/charm/venv/pymongo/network.py", line 317, in receive_message
    length, _, response_to, op_code = _UNPACK_HEADER(_receive_data_on_socket(conn, 16, deadline))
  File "/var/lib/juju/agents/unit-shard-one-2/charm/venv/pymongo/network.py", line 408, in _receive_data_on_socket
    raise OSError("connection closed")
OSError: connection closed

The above exception was the direct cause of the following exception:

Traceback (most recent call last):
  File "/var/lib/juju/agents/unit-shard-one-2/charm/./src/charm.py", line 1608, in <module>
    main(MongoDBCharm)
  File "/var/lib/juju/agents/unit-shard-one-2/charm/venv/ops/main.py", line 553, in main
    manager.run()
  File "/var/lib/juju/agents/unit-shard-one-2/charm/venv/ops/main.py", line 529, in run
    self._emit()
  File "/var/lib/juju/agents/unit-shard-one-2/charm/venv/ops/main.py", line 518, in _emit
    _emit_charm_event(self.charm, self.dispatcher.event_name, self._juju_context)
  File "/var/lib/juju/agents/unit-shard-one-2/charm/venv/ops/main.py", line 139, in _emit_charm_event
    event_to_emit.emit(*args, **kwargs)
  File "/var/lib/juju/agents/unit-shard-one-2/charm/venv/ops/framework.py", line 347, in emit
    framework._emit(event)
  File "/var/lib/juju/agents/unit-shard-one-2/charm/venv/ops/framework.py", line 853, in _emit
    self._reemit(event_path)
  File "/var/lib/juju/agents/unit-shard-one-2/charm/venv/ops/framework.py", line 943, in _reemit
    custom_handler(event)
  File "/var/lib/juju/agents/unit-shard-one-2/charm/lib/charms/tls_certificates_interface/v3/tls_certificates.py", line 1911, in _on_relation_changed
    self.on.certificate_available.emit(
  File "/var/lib/juju/agents/unit-shard-one-2/charm/venv/ops/framework.py", line 347, in emit
    framework._emit(event)
  File "/var/lib/juju/agents/unit-shard-one-2/charm/venv/ops/framework.py", line 853, in _emit
    self._reemit(event_path)
  File "/var/lib/juju/agents/unit-shard-one-2/charm/venv/ops/framework.py", line 943, in _reemit
    custom_handler(event)
  File "/var/lib/juju/agents/unit-shard-one-2/charm/lib/charms/mongodb/v1/mongodb_tls.py", line 237, in _on_certificate_available
    self.charm.restart_charm_services()
  File "/var/lib/juju/agents/unit-shard-one-2/charm/./src/charm.py", line 1228, in restart_charm_services
    self._connect_pbm_agent()
  File "/var/lib/juju/agents/unit-shard-one-2/charm/./src/charm.py", line 1372, in _connect_pbm_agent
    self.has_config_server() and self.shard._is_added_to_cluster()
  File "/var/lib/juju/agents/unit-shard-one-2/charm/lib/charms/mongodb/v1/shards_interface.py", line 1097, in _is_added_to_cluster
    cluster_shards = self.get_shard_members()
  File "/var/lib/juju/agents/unit-shard-one-2/charm/lib/charms/mongodb/v1/shards_interface.py", line 1146, in get_shard_members
    return mongo.get_shard_members()
  File "/var/lib/juju/agents/unit-shard-one-2/charm/lib/charms/mongodb/v1/mongos.py", line 92, in get_shard_members
    shard_list = self.client.admin.command("listShards")
  File "/var/lib/juju/agents/unit-shard-one-2/charm/venv/pymongo/_csot.py", line 108, in csot_wrapper
    return func(self, *args, **kwargs)
  File "/var/lib/juju/agents/unit-shard-one-2/charm/venv/pymongo/database.py", line 893, in command
    with self.__client._conn_for_reads(read_preference, session, operation=command_name) as (
  File "/usr/lib/python3.10/contextlib.py", line 135, in __enter__
    return next(self.gen)
  File "/var/lib/juju/agents/unit-shard-one-2/charm/venv/pymongo/mongo_client.py", line 1357, in _conn_from_server
    with self._checkout(server, session) as conn:
  File "/usr/lib/python3.10/contextlib.py", line 135, in __enter__
    return next(self.gen)
  File "/var/lib/juju/agents/unit-shard-one-2/charm/venv/pymongo/mongo_client.py", line 1266, in _checkout
    with server.checkout(handler=err_handler) as conn:
  File "/usr/lib/python3.10/contextlib.py", line 135, in __enter__
    return next(self.gen)
  File "/var/lib/juju/agents/unit-shard-one-2/charm/venv/pymongo/pool.py", line 1767, in checkout
    conn = self._get_conn(checkout_started_time, handler=handler)
  File "/var/lib/juju/agents/unit-shard-one-2/charm/venv/pymongo/pool.py", line 1926, in _get_conn
    conn = self.connect(handler=handler)
  File "/var/lib/juju/agents/unit-shard-one-2/charm/venv/pymongo/pool.py", line 1724, in connect
    conn.hello()
  File "/var/lib/juju/agents/unit-shard-one-2/charm/venv/pymongo/pool.py", line 830, in hello
    return self._hello(None, None, None)
  File "/var/lib/juju/agents/unit-shard-one-2/charm/venv/pymongo/pool.py", line 876, in _hello
    doc = self.command("admin", cmd, publish_events=False, exhaust_allowed=awaitable)
  File "/var/lib/juju/agents/unit-shard-one-2/charm/venv/pymongo/helpers.py", line 342, in inner
    return func(*args, **kwargs)
  File "/var/lib/juju/agents/unit-shard-one-2/charm/venv/pymongo/pool.py", line 1017, in command
    self._raise_connection_failure(error)
  File "/var/lib/juju/agents/unit-shard-one-2/charm/venv/pymongo/pool.py", line 1214, in _raise_connection_failure
    _raise_connection_failure(self.address, error, timeout_details=details)
  File "/var/lib/juju/agents/unit-shard-one-2/charm/venv/pymongo/pool.py", line 427, in _raise_connection_failure
    raise AutoReconnect(msg) from error
pymongo.errors.AutoReconnect: config-server-1.config-server-endpoints:27018: connection closed (configured timeouts: connectTimeoutMS: 2000.0ms)
unit-shard-one-2: 01:41:59 ERROR juju.worker.uniter.operation hook "certificates-relation-changed" (via hook dispatching script: dispatch) failed: exit status 1
unit-config-server-1: 01:42:03 ERROR unit.config-server/1.juju-log This operation (update_relation_data()) can only be performed by the leader unit
unit-config-server-1: 01:42:03 ERROR unit.config-server/1.juju-log This operation (update_relation_data()) can only be performed by the leader unit
unit-shard-one-0: 01:42:44 ERROR unit.shard-one/0.juju-log Unable to access primary due to: No replica set members match selector "Primary()", Timeout: 1.0s, Topology Description: <TopologyDescription id: 66d669935e8207947dcd94d0, topology_type: ReplicaSetNoPrimary, servers: [<ServerDescription ('shard-one-0.shard-one-endpoints', 27017) server_type: RSSecondary, rtt: 0.0011055929999201908>, <ServerDescription ('shard-one-1.shard-one-endpoints', 27017) server_type: RSSecondary, rtt: 0.0028209710000055566>, <ServerDescription ('shard-one-2.shard-one-endpoints', 27017) server_type: RSSecondary, rtt: 0.0015629309999667385>]>
unit-shard-one-0: 01:42:47 ERROR unit.shard-one/0.juju-log Unable to access primary due to: No replica set members match selector "Primary()", Timeout: 1.0s, Topology Description: <TopologyDescription id: 66d66996d47999790c39a3cf, topology_type: ReplicaSetNoPrimary, servers: [<ServerDescription ('shard-one-0.shard-one-endpoints', 27017) server_type: RSSecondary, rtt: 0.0007430339999245916>, <ServerDescription ('shard-one-1.shard-one-endpoints', 27017) server_type: Unknown, rtt: None, error=NotPrimaryError('The server is in quiesce mode and will shut down, full error: {\'topologyVersion\': {\'processId\': ObjectId(\'66d66990671fb2eb3f608840\'), \'counter\': 4}, \'ok\': 0.0, \'errmsg\': \'The server is in quiesce mode and will shut down\', \'code\': 91, \'codeName\': \'ShutdownInProgress\', \'remainingQuiesceTimeMillis\': 13599, \'lastCommittedOpTime\': Timestamp(0, 0), \'$clusterTime\': {\'clusterTime\': Timestamp(1725327763, 1), \'signature\': {\'hash\': b\'@:nY\\x9a\\xa1\\xfb1\\xfa\\xa5\\xc6\\x89\\xc08v\\x01\\x7fL\\xc6"\', \'keyId\': 7410224392820490264}}, \'operationTime\': Timestamp(1725327696, 1)}')>, <ServerDescription ('shard-one-2.shard-one-endpoints', 27017) server_type: RSSecondary, rtt: 0.0016875649999974485>]>
unit-shard-one-0: 01:42:50 ERROR unit.shard-one/0.juju-log Unable to access primary due to: No replica set members match selector "Primary()", Timeout: 1.0s, Topology Description: <TopologyDescription id: 66d66999728d11526295a49d, topology_type: ReplicaSetNoPrimary, servers: [<ServerDescription ('shard-one-0.shard-one-endpoints', 27017) server_type: RSSecondary, rtt: 0.0006812919999674705>, <ServerDescription ('shard-one-1.shard-one-endpoints', 27017) server_type: Unknown, rtt: None, error=NotPrimaryError('The server is in quiesce mode and will shut down, full error: {\'topologyVersion\': {\'processId\': ObjectId(\'66d66990671fb2eb3f608840\'), \'counter\': 4}, \'ok\': 0.0, \'errmsg\': \'The server is in quiesce mode and will shut down\', \'code\': 91, \'codeName\': \'ShutdownInProgress\', \'remainingQuiesceTimeMillis\': 11093, \'lastCommittedOpTime\': Timestamp(0, 0), \'$clusterTime\': {\'clusterTime\': Timestamp(1725327763, 1), \'signature\': {\'hash\': b\'@:nY\\x9a\\xa1\\xfb1\\xfa\\xa5\\xc6\\x89\\xc08v\\x01\\x7fL\\xc6"\', \'keyId\': 7410224392820490264}}, \'operationTime\': Timestamp(1725327696, 1)}')>, <ServerDescription ('shard-one-2.shard-one-endpoints', 27017) server_type: RSSecondary, rtt: 0.00043532699999104807>]>
unit-shard-one-0: 01:42:52 ERROR unit.shard-one/0.juju-log Unable to access primary due to: No replica set members match selector "Primary()", Timeout: 1.0s, Topology Description: <TopologyDescription id: 66d6699b9b6157517cbc7603, topology_type: ReplicaSetNoPrimary, servers: [<ServerDescription ('shard-one-0.shard-one-endpoints', 27017) server_type: RSSecondary, rtt: 0.00047220600004038715>, <ServerDescription ('shard-one-1.shard-one-endpoints', 27017) server_type: Unknown, rtt: None, error=AutoReconnect('shard-one-1.shard-one-endpoints:27017: [Errno 111] Connection refused (configured timeouts: socketTimeoutMS: 2000.0ms, connectTimeoutMS: 2000.0ms)')>, <ServerDescription ('shard-one-2.shard-one-endpoints', 27017) server_type: RSSecondary, rtt: 0.0004959399999506786>]>
unit-shard-one-0: 01:44:03 ERROR unit.shard-one/0.juju-log certificates:5: An unknown certificate is available -- ignoring.
unit-shard-one-0: 01:44:03 ERROR unit.shard-one/0.juju-log certificates:5: An unknown certificate is available -- ignoring.
unit-shard-one-1: 01:44:05 ERROR unit.shard-one/1.juju-log certificates:5: An unknown certificate is available -- ignoring.
unit-shard-one-1: 01:44:05 ERROR unit.shard-one/1.juju-log certificates:5: An unknown certificate is available -- ignoring.
unit-shard-one-0: 01:44:24 ERROR unit.shard-one/0.juju-log certificates:5: An unknown certificate is available -- ignoring.
unit-shard-one-0: 01:44:24 ERROR unit.shard-one/0.juju-log certificates:5: An unknown certificate is available -- ignoring.
unit-shard-one-1: 01:44:25 ERROR unit.shard-one/1.juju-log certificates:5: An unknown certificate is available -- ignoring.
unit-shard-one-1: 01:44:25 ERROR unit.shard-one/1.juju-log certificates:5: An unknown certificate is available -- ignoring.
unit-shard-one-2: 01:44:29 ERROR unit.shard-one/2.juju-log certificates:5: An unknown certificate is available -- ignoring.
unit-shard-one-2: 01:44:29 ERROR unit.shard-one/2.juju-log certificates:5: An unknown certificate is available -- ignoring.
unit-shard-one-0: 01:44:42 ERROR unit.shard-one/0.juju-log certificates:5: An unknown certificate is available -- ignoring.
unit-shard-one-0: 01:44:42 ERROR unit.shard-one/0.juju-log certificates:5: An unknown certificate is available -- ignoring.
unit-shard-one-1: 01:44:42 ERROR unit.shard-one/1.juju-log certificates:5: An unknown certificate is available -- ignoring.
unit-shard-one-1: 01:44:42 ERROR unit.shard-one/1.juju-log certificates:5: An unknown certificate is available -- ignoring.
unit-shard-two-0: 01:46:32 ERROR unit.shard-two/0.juju-log certificates:6: An unknown certificate is available -- ignoring.
unit-shard-two-0: 01:46:32 ERROR unit.shard-two/0.juju-log certificates:6: An unknown certificate is available -- ignoring.
unit-config-server-0: 01:48:12 ERROR unit.config-server/0.juju-log certificates:7: An unknown certificate is available -- ignoring.
unit-config-server-0: 01:48:12 ERROR unit.config-server/0.juju-log certificates:7: An unknown certificate is available -- ignoring.
unit-config-server-1: 01:48:13 ERROR unit.config-server/1.juju-log certificates:7: An unknown certificate is available -- ignoring.
unit-config-server-1: 01:48:13 ERROR unit.config-server/1.juju-log certificates:7: An unknown certificate is available -- ignoring.
unit-config-server-1: 01:48:15 ERROR unit.config-server/1.juju-log certificates:7: An unknown certificate is available -- ignoring.
unit-config-server-1: 01:48:15 ERROR unit.config-server/1.juju-log certificates:7: An unknown certificate is available -- ignoring.
unit-config-server-1: 01:48:15 ERROR unit.config-server/1.juju-log certificates:7: This operation (update_relation_data()) can only be performed by the leader unit
unit-config-server-1: 01:48:15 ERROR unit.config-server/1.juju-log certificates:7: This operation (update_relation_data()) can only be performed by the leader unit
unit-config-server-0: 01:48:32 ERROR unit.config-server/0.juju-log certificates:7: An unknown certificate is available -- ignoring.
unit-config-server-0: 01:48:32 ERROR unit.config-server/0.juju-log certificates:7: An unknown certificate is available -- ignoring.
unit-config-server-1: 01:50:18 ERROR unit.config-server/1.juju-log certificates:7: This operation (delete_relation_data()) can only be performed by the leader unit
unit-config-server-1: 01:50:18 ERROR unit.config-server/1.juju-log certificates:7: This operation (delete_relation_data()) can only be performed by the leader unit
unit-shard-one-0: 01:50:34 ERROR unit.shard-one/0.juju-log Unable to access primary due to: shard-one-1.shard-one-endpoints:27017: [Errno 111] Connection refused (configured timeouts: socketTimeoutMS: 2000.0ms, connectTimeoutMS: 2000.0ms),shard-one-2.shard-one-endpoints:27017: [Errno 111] Connection refused (configured timeouts: socketTimeoutMS: 2000.0ms, connectTimeoutMS: 2000.0ms),shard-one-0.shard-one-endpoints:27017: [Errno 111] Connection refused (configured timeouts: socketTimeoutMS: 2000.0ms, connectTimeoutMS: 2000.0ms), Timeout: 1.0s, Topology Description: <TopologyDescription id: 66d66b69d156579f85eaf41c, topology_type: ReplicaSetNoPrimary, servers: [<ServerDescription ('shard-one-0.shard-one-endpoints', 27017) server_type: Unknown, rtt: None, error=AutoReconnect('shard-one-0.shard-one-endpoints:27017: [Errno 111] Connection refused (configured timeouts: socketTimeoutMS: 2000.0ms, connectTimeoutMS: 2000.0ms)')>, <ServerDescription ('shard-one-1.shard-one-endpoints', 27017) server_type: Unknown, rtt: None, error=AutoReconnect('shard-one-1.shard-one-endpoints:27017: [Errno 111] Connection refused (configured timeouts: socketTimeoutMS: 2000.0ms, connectTimeoutMS: 2000.0ms)')>, <ServerDescription ('shard-one-2.shard-one-endpoints', 27017) server_type: Unknown, rtt: None, error=AutoReconnect('shard-one-2.shard-one-endpoints:27017: [Errno 111] Connection refused (configured timeouts: socketTimeoutMS: 2000.0ms, connectTimeoutMS: 2000.0ms)')>]>
unit-shard-two-0: 01:50:35 ERROR unit.shard-two/0.juju-log Unable to access primary due to: shard-two-0.shard-two-endpoints:27017: [Errno 111] Connection refused (configured timeouts: socketTimeoutMS: 2000.0ms, connectTimeoutMS: 2000.0ms), Timeout: 1.0s, Topology Description: <TopologyDescription id: 66d66b69b9ebcb5d49fc17f5, topology_type: ReplicaSetNoPrimary, servers: [<ServerDescription ('shard-two-0.shard-two-endpoints', 27017) server_type: Unknown, rtt: None, error=AutoReconnect('shard-two-0.shard-two-endpoints:27017: [Errno 111] Connection refused (configured timeouts: socketTimeoutMS: 2000.0ms, connectTimeoutMS: 2000.0ms)')>]>
unit-shard-one-0: 01:50:37 ERROR unit.shard-one/0.juju-log Unable to access primary due to: shard-one-1.shard-one-endpoints:27017: [Errno 111] Connection refused (configured timeouts: socketTimeoutMS: 2000.0ms, connectTimeoutMS: 2000.0ms),shard-one-0.shard-one-endpoints:27017: [Errno 111] Connection refused (configured timeouts: socketTimeoutMS: 2000.0ms, connectTimeoutMS: 2000.0ms),shard-one-2.shard-one-endpoints:27017: [Errno 111] Connection refused (configured timeouts: socketTimeoutMS: 2000.0ms, connectTimeoutMS: 2000.0ms), Timeout: 1.0s, Topology Description: <TopologyDescription id: 66d66b6cabc09e7b96e2c3c5, topology_type: ReplicaSetNoPrimary, servers: [<ServerDescription ('shard-one-0.shard-one-endpoints', 27017) server_type: Unknown, rtt: None, error=AutoReconnect('shard-one-0.shard-one-endpoints:27017: [Errno 111] Connection refused (configured timeouts: socketTimeoutMS: 2000.0ms, connectTimeoutMS: 2000.0ms)')>, <ServerDescription ('shard-one-1.shard-one-endpoints', 27017) server_type: Unknown, rtt: None, error=AutoReconnect('shard-one-1.shard-one-endpoints:27017: [Errno 111] Connection refused (configured timeouts: socketTimeoutMS: 2000.0ms, connectTimeoutMS: 2000.0ms)')>, <ServerDescription ('shard-one-2.shard-one-endpoints', 27017) server_type: Unknown, rtt: None, error=AutoReconnect('shard-one-2.shard-one-endpoints:27017: [Errno 111] Connection refused (configured timeouts: socketTimeoutMS: 2000.0ms, connectTimeoutMS: 2000.0ms)')>]>
unit-config-server-0: 01:50:37 ERROR unit.config-server/0.juju-log config-server:3: Deferring _on_relation_event for shards interface since: error=ServerSelectionTimeoutError("config-server-1.config-server-endpoints:27018: [Errno 111] Connection refused (configured timeouts: socketTimeoutMS: 2000.0ms, connectTimeoutMS: 2000.0ms),config-server-0.config-server-endpoints:27018: [Errno 111] Connection refused (configured timeouts: socketTimeoutMS: 2000.0ms, connectTimeoutMS: 2000.0ms), Timeout: 1.0s, Topology Description: <TopologyDescription id: 66d66b6c5a68ccf7d15c717e, topology_type: Unknown, servers: [<ServerDescription ('config-server-0.config-server-endpoints', 27018) server_type: Unknown, rtt: None, error=AutoReconnect('config-server-0.config-server-endpoints:27018: [Errno 111] Connection refused (configured timeouts: socketTimeoutMS: 2000.0ms, connectTimeoutMS: 2000.0ms)')>, <ServerDescription ('config-server-1.config-server-endpoints', 27018) server_type: Unknown, rtt: None, error=AutoReconnect('config-server-1.config-server-endpoints:27018: [Errno 111] Connection refused (configured timeouts: socketTimeoutMS: 2000.0ms, connectTimeoutMS: 2000.0ms)')>]>")
unit-config-server-0: 01:50:40 ERROR unit.config-server/0.juju-log config-server:4: Deferring _on_relation_event for shards interface since: error=ServerSelectionTimeoutError("config-server-0.config-server-endpoints:27018: [Errno 111] Connection refused (configured timeouts: socketTimeoutMS: 2000.0ms, connectTimeoutMS: 2000.0ms),config-server-1.config-server-endpoints:27018: [Errno 111] Connection refused (configured timeouts: socketTimeoutMS: 2000.0ms, connectTimeoutMS: 2000.0ms), Timeout: 1.0s, Topology Description: <TopologyDescription id: 66d66b6fbd7deca05929d493, topology_type: Unknown, servers: [<ServerDescription ('config-server-0.config-server-endpoints', 27018) server_type: Unknown, rtt: None, error=AutoReconnect('config-server-0.config-server-endpoints:27018: [Errno 111] Connection refused (configured timeouts: socketTimeoutMS: 2000.0ms, connectTimeoutMS: 2000.0ms)')>, <ServerDescription ('config-server-1.config-server-endpoints', 27018) server_type: Unknown, rtt: None, error=AutoReconnect('config-server-1.config-server-endpoints:27018: [Errno 111] Connection refused (configured timeouts: socketTimeoutMS: 2000.0ms, connectTimeoutMS: 2000.0ms)')>]>")
unit-shard-two-0: 01:50:40 ERROR unit.shard-two/0.juju-log Unable to access primary due to: shard-two-0.shard-two-endpoints:27017: [Errno 111] Connection refused (configured timeouts: socketTimeoutMS: 2000.0ms, connectTimeoutMS: 2000.0ms), Timeout: 1.0s, Topology Description: <TopologyDescription id: 66d66b6fd23479f5b3ddd748, topology_type: ReplicaSetNoPrimary, servers: [<ServerDescription ('shard-two-0.shard-two-endpoints', 27017) server_type: Unknown, rtt: None, error=AutoReconnect('shard-two-0.shard-two-endpoints:27017: [Errno 111] Connection refused (configured timeouts: socketTimeoutMS: 2000.0ms, connectTimeoutMS: 2000.0ms)')>]>
unit-config-server-0: 01:50:41 ERROR unit.config-server/0.juju-log config-server:4: Deferring _on_relation_event for shards interface since: error=ServerSelectionTimeoutError("config-server-0.config-server-endpoints:27018: [Errno 111] Connection refused (configured timeouts: socketTimeoutMS: 2000.0ms, connectTimeoutMS: 2000.0ms),config-server-1.config-server-endpoints:27018: [Errno 111] Connection refused (configured timeouts: socketTimeoutMS: 2000.0ms, connectTimeoutMS: 2000.0ms), Timeout: 1.0s, Topology Description: <TopologyDescription id: 66d66b70bd7deca05929d494, topology_type: Unknown, servers: [<ServerDescription ('config-server-0.config-server-endpoints', 27018) server_type: Unknown, rtt: None, error=AutoReconnect('config-server-0.config-server-endpoints:27018: [Errno 111] Connection refused (configured timeouts: socketTimeoutMS: 2000.0ms, connectTimeoutMS: 2000.0ms)')>, <ServerDescription ('config-server-1.config-server-endpoints', 27018) server_type: Unknown, rtt: None, error=AutoReconnect('config-server-1.config-server-endpoints:27018: [Errno 111] Connection refused (configured timeouts: socketTimeoutMS: 2000.0ms, connectTimeoutMS: 2000.0ms)')>]>")
unit-shard-one-1: 01:51:01 ERROR unit.shard-one/1.juju-log shard-one/1.is_unit_in_replica_set PyMongoError=No replica set members match selector "Primary()", Timeout: 1.0s, Topology Description: <TopologyDescription id: 66d66b844a5e6e91a78ebaf9, topology_type: ReplicaSetNoPrimary, servers: [<ServerDescription ('shard-one-1.shard-one-endpoints', 27017) server_type: RSGhost, rtt: 0.0032084130000384903>]>
unit-config-server-1: 01:51:03 ERROR unit.config-server/1.juju-log config-server/1.is_unit_in_replica_set PyMongoError=No replica set members match selector "Primary()", Timeout: 1.0s, Topology Description: <TopologyDescription id: 66d66b860a75b4ef99caf022, topology_type: ReplicaSetNoPrimary, servers: [<ServerDescription ('config-server-1.config-server-endpoints', 27017) server_type: RSGhost, rtt: 0.0020667270000558347>]>
controller-0: 01:52:20 ERROR juju.worker.caasapplicationprovisioner.runner exited "shard-one": finding filesystem info for shard-one-mongodb-logs-8d38daa1: unable to get persistent volume claim: k8s: persistentvolumeclaims "shard-one-mongodb-logs-8d38daa1-shard-one-1" not found
controller-0: 01:52:26 ERROR juju.worker.caasapplicationprovisioner.runner exited "config-server": finding filesystem info for config-server-mongodb-logs-e908f5cf: unable to get persistent volume claim: k8s: persistentvolumeclaims "config-server-mongodb-logs-e908f5cf-config-server-0" not found
unit-shard-one-0: 01:54:08 ERROR unit.shard-one/0.juju-log certificates:11: Non-existing secret unit:int-cert-secret was attempted to be removed.
unit-shard-one-1: 01:54:08 ERROR unit.shard-one/1.juju-log certificates:11: Non-existing secret unit:int-cert-secret was attempted to be removed.
unit-config-server-1: 01:54:08 ERROR unit.config-server/1.juju-log certificates:13: Non-existing secret unit:int-cert-secret was attempted to be removed.
unit-config-server-0: 01:54:08 ERROR unit.config-server/0.juju-log certificates:13: Non-existing secret unit:int-cert-secret was attempted to be removed.
unit-shard-two-0: 01:54:08 ERROR unit.shard-two/0.juju-log certificates:12: Non-existing secret unit:int-cert-secret was attempted to be removed.
unit-shard-one-2: 01:54:08 ERROR unit.shard-one/2.juju-log certificates:11: Non-existing secret unit:int-cert-secret was attempted to be removed.
unit-shard-one-1: 01:54:09 ERROR unit.shard-one/1.juju-log certificates:11: Non-existing secret unit:ext-cert-secret was attempted to be removed.
unit-config-server-1: 01:54:09 ERROR unit.config-server/1.juju-log certificates:13: Non-existing secret unit:ext-cert-secret was attempted to be removed.
unit-config-server-0: 01:54:09 ERROR unit.config-server/0.juju-log certificates:13: Non-existing secret unit:ext-cert-secret was attempted to be removed.
unit-shard-one-2: 01:54:09 ERROR unit.shard-one/2.juju-log certificates:11: Non-existing secret unit:ext-cert-secret was attempted to be removed.
unit-shard-two-0: 01:54:09 ERROR unit.shard-two/0.juju-log certificates:12: Non-existing secret unit:ext-cert-secret was attempted to be removed.
unit-shard-one-0: 01:54:10 ERROR unit.shard-one/0.juju-log certificates:11: Non-existing secret unit:ext-cert-secret was attempted to be removed.
unit-config-server-0: 01:55:29 ERROR unit.config-server/0.juju-log config-server:14: Failed to add shard shard-one to the config server, error=OperationFailure('Could not find user "O=config-server,x500UniqueIdentifier=ddb36a0b-fcd1-4093-9961-faad7e91d29b,CN=config-server" for db "$external", full error: {\'ok\': 0.0, \'errmsg\': \'Could not find user "O=config-server,x500UniqueIdentifier=ddb36a0b-fcd1-4093-9961-faad7e91d29b,CN=config-server" for db "$external"\', \'code\': 11, \'codeName\': \'UserNotFound\', \'$clusterTime\': {\'clusterTime\': Timestamp(1725328528, 2), \'signature\': {\'hash\': b\'\\x9ax\\x16\\x88,JBG\\x17\\x839\\xd4P\\x02\\x84U\\x84\\x93\\xf8\\xed\', \'keyId\': 7410229009910333465}}, \'operationTime\': Timestamp(1725328528, 2)}')
unit-config-server-0: 01:55:29 ERROR unit.config-server/0.juju-log config-server:14: Failed to add shard-one to cluster
unit-config-server-0: 01:55:29 ERROR unit.config-server/0.juju-log config-server:14: Deferring _on_relation_event for shards interface since: error=OperationFailure('Could not find user "O=config-server,x500UniqueIdentifier=ddb36a0b-fcd1-4093-9961-faad7e91d29b,CN=config-server" for db "$external", full error: {\'ok\': 0.0, \'errmsg\': \'Could not find user "O=config-server,x500UniqueIdentifier=ddb36a0b-fcd1-4093-9961-faad7e91d29b,CN=config-server" for db "$external"\', \'code\': 11, \'codeName\': \'UserNotFound\', \'$clusterTime\': {\'clusterTime\': Timestamp(1725328528, 2), \'signature\': {\'hash\': b\'\\x9ax\\x16\\x88,JBG\\x17\\x839\\xd4P\\x02\\x84U\\x84\\x93\\xf8\\xed\', \'keyId\': 7410229009910333465}}, \'operationTime\': Timestamp(1725328528, 2)}')
unit-shard-one-1: 01:55:46 ERROR unit.shard-one/1.juju-log certificates:11: An unknown certificate is available -- ignoring.
unit-config-server-0: 01:55:46 ERROR unit.config-server/0.juju-log config-server:14: Failed to add shard shard-one to the config server, error=OperationFailure('Could not find host matching read preference { mode: "primary" } for set shard-one, full error: {\'ok\': 0.0, \'errmsg\': \'Could not find host matching read preference { mode: "primary" } for set shard-one\', \'code\': 133, \'codeName\': \'FailedToSatisfyReadPreference\', \'$clusterTime\': {\'clusterTime\': Timestamp(1725328545, 3), \'signature\': {\'hash\': b\'\\xa1\\x1d.\\x85\\xcd\\xcc\\xac}\\xa4rt\\xa3\\xf9\\rw\\xbd\\xd3\\x97\\x8a\\xe4\', \'keyId\': 7410229009910333465}}, \'operationTime\': Timestamp(1725328545, 3)}')
unit-shard-one-1: 01:55:46 ERROR unit.shard-one/1.juju-log certificates:11: An unknown certificate is available -- ignoring.
unit-config-server-0: 01:55:46 ERROR unit.config-server/0.juju-log config-server:14: Failed to add shard-one to cluster
unit-config-server-0: 01:55:46 ERROR unit.config-server/0.juju-log config-server:14: Deferring _on_relation_event for shards interface since: error=OperationFailure('Could not find host matching read preference { mode: "primary" } for set shard-one, full error: {\'ok\': 0.0, \'errmsg\': \'Could not find host matching read preference { mode: "primary" } for set shard-one\', \'code\': 133, \'codeName\': \'FailedToSatisfyReadPreference\', \'$clusterTime\': {\'clusterTime\': Timestamp(1725328545, 3), \'signature\': {\'hash\': b\'\\xa1\\x1d.\\x85\\xcd\\xcc\\xac}\\xa4rt\\xa3\\xf9\\rw\\xbd\\xd3\\x97\\x8a\\xe4\', \'keyId\': 7410229009910333465}}, \'operationTime\': Timestamp(1725328545, 3)}')
unit-shard-one-2: 01:55:49 ERROR unit.shard-one/2.juju-log certificates:11: An unknown certificate is available -- ignoring.
unit-shard-one-2: 01:55:49 ERROR unit.shard-one/2.juju-log certificates:11: An unknown certificate is available -- ignoring.
unit-shard-one-0: 01:55:51 ERROR unit.shard-one/0.juju-log certificates:11: An unknown certificate is available -- ignoring.
unit-shard-one-0: 01:55:51 ERROR unit.shard-one/0.juju-log certificates:11: An unknown certificate is available -- ignoring.
unit-config-server-0: 01:56:03 ERROR unit.config-server/0.juju-log config-server:15: Failed to add shard shard-one to the config server, error=OperationFailure('Could not find host matching read preference { mode: "primary" } for set shard-one, full error: {\'ok\': 0.0, \'errmsg\': \'Could not find host matching read preference { mode: "primary" } for set shard-one\', \'code\': 133, \'codeName\': \'FailedToSatisfyReadPreference\', \'$clusterTime\': {\'clusterTime\': Timestamp(1725328561, 2), \'signature\': {\'hash\': b\'i\\xc1\\x06\\xdf\\x06\\xf1\\xd0\\x1d?\\x1au\\xc3D\\xe4\\xba\\xe5\\xed\\xcd$\\x1f\', \'keyId\': 7410229009910333465}}, \'operationTime\': Timestamp(1725328561, 2)}')
unit-config-server-0: 01:56:03 ERROR unit.config-server/0.juju-log config-server:15: Failed to add shard-one to cluster
unit-config-server-0: 01:56:03 ERROR unit.config-server/0.juju-log config-server:15: Deferring _on_relation_event for shards interface since: error=OperationFailure('Could not find host matching read preference { mode: "primary" } for set shard-one, full error: {\'ok\': 0.0, \'errmsg\': \'Could not find host matching read preference { mode: "primary" } for set shard-one\', \'code\': 133, \'codeName\': \'FailedToSatisfyReadPreference\', \'$clusterTime\': {\'clusterTime\': Timestamp(1725328561, 2), \'signature\': {\'hash\': b\'i\\xc1\\x06\\xdf\\x06\\xf1\\xd0\\x1d?\\x1au\\xc3D\\xe4\\xba\\xe5\\xed\\xcd$\\x1f\', \'keyId\': 7410229009910333465}}, \'operationTime\': Timestamp(1725328561, 2)}')
unit-shard-one-0: 01:56:03 ERROR unit.shard-one/0.juju-log Failed changing the password: not primary, full error: {'topologyVersion': {'processId': ObjectId('66d66ca8dcf0696876d99d38'), 'counter': 7}, 'ok': 0.0, 'errmsg': 'not primary', 'code': 10107, 'codeName': 'NotWritablePrimary'}
unit-shard-one-0: 01:56:07 ERROR unit.shard-one/0.juju-log Failed changing the password: No replica set members match selector "Primary()", Timeout: 1.0s, Topology Description: <TopologyDescription id: 66d66cb673dbcc6396166e7d, topology_type: ReplicaSetNoPrimary, servers: [<ServerDescription ('shard-one-0.shard-one-endpoints', 27017) server_type: RSSecondary, rtt: 0.00047624400008317025>, <ServerDescription ('shard-one-1.shard-one-endpoints', 27017) server_type: Unknown, rtt: None, error=NotPrimaryError("The server is in quiesce mode and will shut down, full error: {'topologyVersion': {'processId': ObjectId('66d66ca8dcf0696876d99d38'), 'counter': 9}, 'ok': 0.0, 'errmsg': 'The server is in quiesce mode and will shut down', 'code': 91, 'codeName': 'ShutdownInProgress', 'remainingQuiesceTimeMillis': 11427}")>, <ServerDescription ('shard-one-2.shard-one-endpoints', 27017) server_type: Unknown, rtt: None, error=NotPrimaryError("The server is in quiesce mode and will shut down, full error: {'topologyVersion': {'processId': ObjectId('66d66cab85c41aabe9917604'), 'counter': 5}, 'ok': 0.0, 'errmsg': 'The server is in quiesce mode and will shut down', 'code': 91, 'codeName': 'ShutdownInProgress', 'remainingQuiesceTimeMillis': 11195}")>]>
unit-shard-one-0: 01:56:12 ERROR unit.shard-one/0.juju-log Failed changing the password: No replica set members match selector "Primary()", Timeout: 1.0s, Topology Description: <TopologyDescription id: 66d66cbb73dbcc6396166e7e, topology_type: ReplicaSetNoPrimary, servers: [<ServerDescription ('shard-one-0.shard-one-endpoints', 27017) server_type: RSSecondary, rtt: 0.0008676879999711673>, <ServerDescription ('shard-one-1.shard-one-endpoints', 27017) server_type: RSSecondary, rtt: 0.0006740139999692474>, <ServerDescription ('shard-one-2.shard-one-endpoints', 27017) server_type: RSSecondary, rtt: 0.0010843439999916882>]>
unit-config-server-0: 01:56:20 ERROR unit.config-server/0.juju-log config-server:14: Failed to add shard shard-two to the config server, error=OperationFailure('Could not find user "O=config-server,x500UniqueIdentifier=ddb36a0b-fcd1-4093-9961-faad7e91d29b,CN=config-server" for db "$external", full error: {\'ok\': 0.0, \'errmsg\': \'Could not find user "O=config-server,x500UniqueIdentifier=ddb36a0b-fcd1-4093-9961-faad7e91d29b,CN=config-server" for db "$external"\', \'code\': 11, \'codeName\': \'UserNotFound\', \'$clusterTime\': {\'clusterTime\': Timestamp(1725328580, 4), \'signature\': {\'hash\': b\'`\\xbc\\xd1\\xfe\\xb9F\\x87\\xa9\\xc6I\\x87\\x98rpjd\\xf8#\\x8c|\', \'keyId\': 7410229009910333465}}, \'operationTime\': Timestamp(1725328580, 4)}')
unit-config-server-0: 01:56:20 ERROR unit.config-server/0.juju-log config-server:14: Failed to add shard-two to cluster
unit-config-server-0: 01:56:20 ERROR unit.config-server/0.juju-log config-server:14: Deferring _on_relation_event for shards interface since: error=OperationFailure('Could not find user "O=config-server,x500UniqueIdentifier=ddb36a0b-fcd1-4093-9961-faad7e91d29b,CN=config-server" for db "$external", full error: {\'ok\': 0.0, \'errmsg\': \'Could not find user "O=config-server,x500UniqueIdentifier=ddb36a0b-fcd1-4093-9961-faad7e91d29b,CN=config-server" for db "$external"\', \'code\': 11, \'codeName\': \'UserNotFound\', \'$clusterTime\': {\'clusterTime\': Timestamp(1725328580, 4), \'signature\': {\'hash\': b\'`\\xbc\\xd1\\xfe\\xb9F\\x87\\xa9\\xc6I\\x87\\x98rpjd\\xf8#\\x8c|\', \'keyId\': 7410229009910333465}}, \'operationTime\': Timestamp(1725328580, 4)}')
unit-shard-two-0: 01:56:32 ERROR unit.shard-two/0.juju-log certificates:12: An unknown certificate is available -- ignoring.
unit-shard-two-0: 01:56:32 ERROR unit.shard-two/0.juju-log certificates:12: An unknown certificate is available -- ignoring.
unit-shard-one-0: 02:03:15 ERROR unit.shard-one/0.juju-log certificates:16: Non-existing secret unit:int-cert-secret was attempted to be removed.
unit-shard-one-0: 02:03:15 ERROR unit.shard-one/0.juju-log certificates:16: Non-existing secret unit:ext-cert-secret was attempted to be removed.
unit-shard-one-2: 02:03:23 ERROR unit.shard-one/2.juju-log certificates:16: Non-existing secret unit:int-cert-secret was attempted to be removed.
unit-shard-one-2: 02:03:24 ERROR unit.shard-one/2.juju-log certificates:16: Non-existing secret unit:ext-cert-secret was attempted to be removed.
unit-shard-one-1: 02:03:29 ERROR unit.shard-one/1.juju-log certificates:16: Non-existing secret unit:int-cert-secret was attempted to be removed.
unit-shard-one-1: 02:03:30 ERROR unit.shard-one/1.juju-log certificates:16: Non-existing secret unit:ext-cert-secret was attempted to be removed.
unit-config-server-1: 02:08:52 ERROR unit.config-server/1.juju-log certificates:13: This operation (delete_relation_data()) can only be performed by the leader unit
unit-config-server-1: 02:08:52 ERROR unit.config-server/1.juju-log certificates:13: This operation (delete_relation_data()) can only be performed by the leader unit
unit-config-server-1: 02:10:43 ERROR unit.config-server/1.juju-log certificates:17: Non-existing secret unit:int-cert-secret was attempted to be removed.
unit-config-server-1: 02:10:43 ERROR unit.config-server/1.juju-log certificates:17: Non-existing secret unit:ext-cert-secret was attempted to be removed.
unit-config-server-0: 02:10:44 ERROR unit.config-server/0.juju-log certificates:17: Non-existing secret unit:int-cert-secret was attempted to be removed.
unit-config-server-0: 02:10:44 ERROR unit.config-server/0.juju-log certificates:17: Non-existing secret unit:ext-cert-secret was attempted to be removed.
unit-config-server-1: 02:10:45 ERROR unit.config-server/1.juju-log certificates:17: This operation (update_relation_data()) can only be performed by the leader unit
unit-config-server-1: 02:10:45 ERROR unit.config-server/1.juju-log certificates:17: This operation (update_relation_data()) can only be performed by the leader unit
unit-config-server-1: 02:11:00 ERROR unit.config-server/1.juju-log This operation (update_relation_data()) can only be performed by the leader unit
unit-config-server-1: 02:11:00 ERROR unit.config-server/1.juju-log This operation (update_relation_data()) can only be performed by the leader unit
unit-config-server-1: 02:11:11 ERROR unit.config-server/1.juju-log certificates:17: This operation (update_relation_data()) can only be performed by the leader unit
unit-config-server-1: 02:11:11 ERROR unit.config-server/1.juju-log certificates:17: This operation (update_relation_data()) can only be performed by the leader unit
unit-shard-one-2: 02:12:48 ERROR unit.shard-one/2.juju-log Shard is integrated to a different CA than the config server. Please use the same CA for all cluster components.
unit-shard-one-1: 02:12:52 ERROR unit.shard-one/1.juju-log Shard is integrated to a different CA than the config server. Please use the same CA for all cluster components.
unit-shard-two-0: 02:12:53 ERROR unit.shard-two/0.juju-log Shard is integrated to a different CA than the config server. Please use the same CA for all cluster components.
unit-shard-one-0: 02:12:53 ERROR unit.shard-one/0.juju-log Shard is integrated to a different CA than the config server. Please use the same CA for all cluster components.

[32mINFO    [0m pytest_operator.plugin:plugin.py:904 Forgetting main...